time="2020-04-10T18:38:36+08:00" level=info msg="game service starup" component=game
time="2020-04-10T18:38:36+08:00" level=info msg="The current server running in singleton mode" component=RummyGame
time="2020-04-10T18:38:36+08:00" level=info msg="type:recviver: *game.TRManager &{{} 0xc000178100 map[] 0xc000186000 0xc0001860a0}" component=RummyGame
time="2020-04-10T18:38:36+08:00" level=info msg="Register local handler TRManager.Login" component=RummyGame
time="2020-04-10T18:38:36+08:00" level=info msg="type:recviver: *game.TRDeskManager &{{} map[] map[]}" component=RummyGame
time="2020-04-10T18:38:36+08:00" level=info msg="Register local handler TRDeskManager.ShowCard" component=RummyGame
time="2020-04-10T18:38:36+08:00" level=info msg="Register local handler TRDeskManager.ExitDesk" component=RummyGame
time="2020-04-10T18:38:36+08:00" level=info msg="Register local handler TRDeskManager.GiveUp" component=RummyGame
time="2020-04-10T18:38:36+08:00" level=info msg="Register local handler TRDeskManager.JoinDesk" component=RummyGame
time="2020-04-10T18:38:36+08:00" level=info msg="Register local handler TRDeskManager.OperCard" component=RummyGame
time="2020-04-10T18:38:36+08:00" level=info msg="Register local handler TRDeskManager.OutCardRecord" component=RummyGame
time="2020-04-10T18:38:36+08:00" level=info msg="Register local handler TRDeskManager.Settle" component=RummyGame
time="2020-04-10T18:38:36+08:00" level=info msg="Startup *Nano gate server* ___8go_build_TeenPatti_TRummyGameServer.exe, client address: :3000, service address: :3000" component=RummyGame
time="2020-04-10T18:38:38+08:00" level=info msg="New session established: Remote=192.168.0.107:12980, LastTime=1586515118" component=RummyGame
time="2020-04-10T18:38:38+08:00" level=info msg="Session handshake Id=2, Remote=192.168.0.107:12980" component=RummyGame
time="2020-04-10T18:38:38+08:00" level=info msg="Receive handshake ACK Id=2, Remote=192.168.0.107:12980" component=RummyGame
time="2020-04-10T18:38:38+08:00" level=info msg="UID=0, Message={Request TRManager.Login (204bytes)}, Data=&{Version:Version1.0 Token:eyJhbGciOiJIUzI1NiIsInR5cCI6IkpXVCJ9.eyJleHAiOjE1ODY1ODY4NTQsImlkIjoyMDAsIm9yaWdfaWF0IjoxNTg2NTE0ODU0LCJyb2xlIjoxfQ.YVOc8E5EUdGdDZrdLeZNW0ioEitQcqaYBRxTF3ENgtk Uid:200}" component=RummyGame
time="2020-04-10T18:38:38+08:00" level=info msg="localProcess service: TRManager" component=RummyGame
time="2020-04-10T18:38:38+08:00" level=info msg="&{13378752914391144  zH2RkeRFQ   10000 1000 200 0 1586514854 0 GUEST_200 1585811158 1 0 0}"
time="2020-04-10T18:38:38+08:00" level=info msg="玩家的信息: &{13378752914391144  zH2RkeRFQ   10000 1000 200 0 1586514854 0 GUEST_200 1585811158 1 0 0}"
time="2020-04-10T18:38:38+08:00" level=info msg="Login:Uid:  Id 0 2" component=game
time="2020-04-10T18:38:38+08:00" level=info msg="玩家: 200不在线，创建新的玩家 :"
time="2020-04-10T18:38:38+08:00" level=info msg="Add session to group _SYSTEM_MESSAGE_BROADCAST, ID=2, UID=200" component=RummyGame
time="2020-04-10T18:38:38+08:00" level=info msg="agent.Response***************************** " component=RummyGame
time="2020-04-10T18:38:38+08:00" level=info msg="Type=Response, ID=2, UID=200, MID=1, Data=&{Success:true Uid:200 Nickname:GUEST_200 HeadUrl: Sex:1 Error:}" component=RummyGame
time="2020-04-10T18:38:38+08:00" level=info msg="UID=200, Message={Request TRDeskManager.JoinDesk (34bytes)}, Data=&{Uid:200 NickName:GUEST_200}" component=RummyGame
time="2020-04-10T18:38:38+08:00" level=info msg="localProcess service: TRDeskManager" component=RummyGame
time="2020-04-10T18:38:38+08:00" level=info msg="收到加入桌子请求 &{200 GUEST_200}" component=game
time="2020-04-10T18:38:38+08:00" level=info msg="new desk: 591806" component=game
time="2020-04-10T18:38:38+08:00" level=info msg="GUEST_200 加入房间！"
time="2020-04-10T18:38:38+08:00" level=info msg="Multicast Rummy.NoticePlayerState, Data=&{SeatId:0 PlayerState:1 PlayerInfo:{SeatPos:0 Nickname:GUEST_200 Sex:1 HeadUrl: Score:0 StarNum:0 IsBanker:false IsKing:false Sitdown:true LiXian:false Show:false IsSettle:false Coins:0}}" component=RummyGame
time="2020-04-10T18:38:38+08:00" level=info msg="Add session to group dd3bbee0-3512-4865-a335-812c508bbfd8, ID=2, UID=200" component=RummyGame
time="2020-04-10T18:38:38+08:00" level=info msg="agent.Response***************************** " component=RummyGame
time="2020-04-10T18:38:38+08:00" level=info msg="Type=Response, ID=2, UID=200, MID=2, Data=&{Success:true DeskInfo:{PointValue:100 DecksNum:2 MaxWining:40000 Maxlosing:8000 SettleCoins:0 GameState:0 GameStateTime:0 TotalStateTime:0 WildCard:0 ShowCard:0 PublicCard:0 CardsNum:106 OperSeatId:-1 BankerSeatId:0 KingSeatId:0 FirstSeatId:-1 UserSeatId:0 WinPlayerId:0 HandCard:[] PlayersInfo:[{SeatPos:0 Nickname:GUEST_200 Sex:1 HeadUrl: Score:0 StarNum:0 IsBanker:false IsKing:true Sitdown:true LiXian:false Show:false IsSettle:false Coins:388876}]} Code:0 Error:}" component=RummyGame
time="2020-04-10T18:38:39+08:00" level=info msg="New session established: Remote=192.168.0.107:12982, LastTime=1586515119" component=RummyGame
time="2020-04-10T18:38:39+08:00" level=info msg="Session handshake Id=3, Remote=192.168.0.107:12982" component=RummyGame
time="2020-04-10T18:38:39+08:00" level=info msg="Receive handshake ACK Id=3, Remote=192.168.0.107:12982" component=RummyGame
time="2020-04-10T18:38:40+08:00" level=info msg="UID=0, Message={Request TRManager.Login (204bytes)}, Data=&{Version:Version1.0 Token:eyJhbGciOiJIUzI1NiIsInR5cCI6IkpXVCJ9.eyJleHAiOjE1ODY1ODY4NTUsImlkIjoyMDEsIm9yaWdfaWF0IjoxNTg2NTE0ODU1LCJyb2xlIjoxfQ.dNV7EbubmilpVJkh19XftyazKXhoor51vpc_xBU4VF0 Uid:201}" component=RummyGame
time="2020-04-10T18:38:40+08:00" level=info msg="localProcess service: TRManager" component=RummyGame
time="2020-04-10T18:38:40+08:00" level=info msg="&{13378755363864680  zH2UQQBD6   10000 1000 201 0 1586514855 0 GUEST_201 1585811159 1 0 0}"
time="2020-04-10T18:38:40+08:00" level=info msg="玩家的信息: &{13378755363864680  zH2UQQBD6   10000 1000 201 0 1586514855 0 GUEST_201 1585811159 1 0 0}"
time="2020-04-10T18:38:40+08:00" level=info msg="Login:Uid:  Id 0 3" component=game
time="2020-04-10T18:38:40+08:00" level=info msg="玩家: 201不在线，创建新的玩家 :"
time="2020-04-10T18:38:40+08:00" level=info msg="Add session to group _SYSTEM_MESSAGE_BROADCAST, ID=3, UID=201" component=RummyGame
time="2020-04-10T18:38:40+08:00" level=info msg="agent.Response***************************** " component=RummyGame
time="2020-04-10T18:38:40+08:00" level=info msg="Type=Response, ID=3, UID=201, MID=1, Data=&{Success:true Uid:201 Nickname:GUEST_201 HeadUrl: Sex:1 Error:}" component=RummyGame
time="2020-04-10T18:38:40+08:00" level=info msg="UID=201, Message={Request TRDeskManager.JoinDesk (34bytes)}, Data=&{Uid:201 NickName:GUEST_201}" component=RummyGame
time="2020-04-10T18:38:40+08:00" level=info msg="localProcess service: TRDeskManager" component=RummyGame
time="2020-04-10T18:38:40+08:00" level=info msg="收到加入桌子请求 &{201 GUEST_201}" component=game
time="2020-04-10T18:38:40+08:00" level=info msg="GUEST_201 加入房间！"
time="2020-04-10T18:38:40+08:00" level=info msg="Multicast Rummy.NoticePlayerState, Data=&{SeatId:1 PlayerState:1 PlayerInfo:{SeatPos:1 Nickname:GUEST_201 Sex:1 HeadUrl: Score:0 StarNum:0 IsBanker:false IsKing:false Sitdown:true LiXian:false Show:false IsSettle:false Coins:0}}" component=RummyGame
time="2020-04-10T18:38:40+08:00" level=info msg="Type=Push, ID=2, UID=200, Route=Rummy.NoticePlayerState, Data=223bytes" component=RummyGame
time="2020-04-10T18:38:40+08:00" level=info msg="agent  Push -- ip : Rummy.NoticePlayerState 192.168.0.107:12980" component=RummyGame
time="2020-04-10T18:38:40+08:00" level=info msg="Add session to group dd3bbee0-3512-4865-a335-812c508bbfd8, ID=3, UID=201" component=RummyGame
time="2020-04-10T18:38:40+08:00" level=info msg="agent.Response***************************** " component=RummyGame
time="2020-04-10T18:38:40+08:00" level=info msg="Type=Response, ID=3, UID=201, MID=2, Data=&{Success:true DeskInfo:{PointValue:100 DecksNum:2 MaxWining:40000 Maxlosing:8000 SettleCoins:0 GameState:0 GameStateTime:0 TotalStateTime:0 WildCard:0 ShowCard:0 PublicCard:0 CardsNum:106 OperSeatId:-1 BankerSeatId:0 KingSeatId:0 FirstSeatId:-1 UserSeatId:1 WinPlayerId:0 HandCard:[] PlayersInfo:[{SeatPos:1 Nickname:GUEST_201 Sex:1 HeadUrl: Score:0 StarNum:0 IsBanker:false IsKing:false Sitdown:true LiXian:false Show:false IsSettle:false Coins:15162} {SeatPos:0 Nickname:GUEST_200 Sex:1 HeadUrl: Score:0 StarNum:0 IsBanker:false IsKing:true Sitdown:true LiXian:false Show:false IsSettle:false Coins:388876}]} Code:0 Error:}" component=RummyGame
time="2020-04-10T18:38:40+08:00" level=info msg="Broadcast Rummy.NoticeGameState, Data=&{GameState:1 Time:7 TotalTime:7 OperateId:0}" component=RummyGame
time="2020-04-10T18:38:40+08:00" level=info msg="Type=Push, ID=2, UID=200, Route=Rummy.NoticeGameState, Data=52bytes" component=RummyGame
time="2020-04-10T18:38:40+08:00" level=info msg="agent  Push -- ip : Rummy.NoticeGameState 192.168.0.107:12980" component=RummyGame
time="2020-04-10T18:38:40+08:00" level=info msg="Type=Push, ID=3, UID=201, Route=Rummy.NoticeGameState, Data=52bytes" component=RummyGame
time="2020-04-10T18:38:40+08:00" level=info msg="agent  Push -- ip : Rummy.NoticeGameState 192.168.0.107:12982" component=RummyGame
time="2020-04-10T18:38:46+08:00" level=info msg="游戏开始！//////////////////////////////////"
time="2020-04-10T18:38:46+08:00" level=info msg="发牌!/////////////////////////////////////"
time="2020-04-10T18:38:46+08:00" level=info msg="GUEST_200 玩家手牌：方块2方块3方块4方块5方块6方块7方块8方块9方块10方块11方块12方块13方块1"
time="2020-04-10T18:38:46+08:00" level=info msg="GUEST_201 玩家手牌：方块6方块10梅花2梅花8梅花10红桃5红桃8红桃10红桃13黑桃2黑桃4黑桃6黑桃7"
time="2020-04-10T18:38:46+08:00" level=info msg="庄家：GUEST_200"
time="2020-04-10T18:38:46+08:00" level=info msg="首家：GUEST_201"
time="2020-04-10T18:38:46+08:00" level=info msg="Type=Push, ID=2, UID=200, Route=Rummy.PushGameStrat, Data=&{PointValue:100 DecksNum:2 MaxWining:40000 Maxlosing:8000 SettleCoins:0 GameState:2 GameStateTime:0 TotalStateTime:9 WildCard:0 ShowCard:0 PublicCard:0 CardsNum:93 OperSeatId:1 BankerSeatId:0 KingSeatId:0 FirstSeatId:1 UserSeatId:0 WinPlayerId:0 HandCard:[{Cards:[2 3 4 5 6 7 8 9 10 11 12 13 1] Type:0 Point:0}] PlayersInfo:[{SeatPos:0 Nickname:GUEST_200 Sex:1 HeadUrl: Score:0 StarNum:0 IsBanker:false IsKing:true Sitdown:true LiXian:false Show:false IsSettle:false Coins:388876} {SeatPos:1 Nickname:GUEST_201 Sex:1 HeadUrl: Score:0 StarNum:0 IsBanker:false IsKing:false Sitdown:true LiXian:false Show:false IsSettle:false Coins:15162}]}" component=RummyGame
time="2020-04-10T18:38:46+08:00" level=info msg="agent  Push -- ip : Rummy.PushGameStrat 192.168.0.107:12980" component=RummyGame
time="2020-04-10T18:38:46+08:00" level=info msg="Type=Push, ID=3, UID=201, Route=Rummy.PushGameStrat, Data=&{PointValue:100 DecksNum:2 MaxWining:40000 Maxlosing:8000 SettleCoins:0 GameState:2 GameStateTime:0 TotalStateTime:9 WildCard:0 ShowCard:0 PublicCard:0 CardsNum:93 OperSeatId:1 BankerSeatId:0 KingSeatId:0 FirstSeatId:1 UserSeatId:1 WinPlayerId:0 HandCard:[{Cards:[6 10] Type:0 Point:0} {Cards:[18 24 26] Type:0 Point:0} {Cards:[37 40 42 45] Type:0 Point:0} {Cards:[50 52 54 55] Type:0 Point:0}] PlayersInfo:[{SeatPos:0 Nickname:GUEST_200 Sex:1 HeadUrl: Score:0 StarNum:0 IsBanker:false IsKing:true Sitdown:true LiXian:false Show:false IsSettle:false Coins:388876} {SeatPos:1 Nickname:GUEST_201 Sex:1 HeadUrl: Score:0 StarNum:0 IsBanker:false IsKing:false Sitdown:true LiXian:false Show:false IsSettle:false Coins:15162}]}" component=RummyGame
time="2020-04-10T18:38:46+08:00" level=info msg="agent  Push -- ip : Rummy.PushGameStrat 192.168.0.107:12982" component=RummyGame
time="2020-04-10T18:38:46+08:00" level=info msg="万能牌：红桃3"
time="2020-04-10T18:38:46+08:00" level=info msg="第一张公摊牌： 黑桃13"
time="2020-04-10T18:38:46+08:00" level=info msg="Broadcast Rummy.NoticeGameState, Data=&{GameState:2 Time:0 TotalTime:9 OperateId:0}" component=RummyGame
time="2020-04-10T18:38:46+08:00" level=info msg="Type=Push, ID=3, UID=201, Route=Rummy.NoticeGameState, Data=52bytes" component=RummyGame
time="2020-04-10T18:38:46+08:00" level=info msg="agent  Push -- ip : Rummy.NoticeGameState 192.168.0.107:12982" component=RummyGame
time="2020-04-10T18:38:46+08:00" level=info msg="Type=Push, ID=2, UID=200, Route=Rummy.NoticeGameState, Data=52bytes" component=RummyGame
time="2020-04-10T18:38:46+08:00" level=info msg="agent  Push -- ip : Rummy.NoticeGameState 192.168.0.107:12980" component=RummyGame
time="2020-04-10T18:38:46+08:00" level=info msg="Type=Push, ID=2, UID=200, Route=Rummy.PushSendCard, Data=&{HandCards:[2 3 4 5 6 7 8 9 10 11 12 13 1] WildCard:35 FristCard:61}" component=RummyGame
time="2020-04-10T18:38:46+08:00" level=info msg="agent  Push -- ip : Rummy.PushSendCard 192.168.0.107:12980" component=RummyGame
time="2020-04-10T18:38:46+08:00" level=info msg="Type=Push, ID=3, UID=201, Route=Rummy.PushSendCard, Data=&{HandCards:[6 10 18 24 26 37 40 42 45 50 52 54 55] WildCard:35 FristCard:61}" component=RummyGame
time="2020-04-10T18:38:46+08:00" level=info msg="agent  Push -- ip : Rummy.PushSendCard 192.168.0.107:12982" component=RummyGame
time="2020-04-10T18:38:55+08:00" level=info msg="Broadcast Rummy.NoticeGameState, Data=&{GameState:3 Time:30 TotalTime:30 OperateId:1}" component=RummyGame
time="2020-04-10T18:38:55+08:00" level=info msg="Type=Push, ID=2, UID=200, Route=Rummy.NoticeGameState, Data=54bytes" component=RummyGame
time="2020-04-10T18:38:55+08:00" level=info msg="agent  Push -- ip : Rummy.NoticeGameState 192.168.0.107:12980" component=RummyGame
time="2020-04-10T18:38:55+08:00" level=info msg="Type=Push, ID=3, UID=201, Route=Rummy.NoticeGameState, Data=54bytes" component=RummyGame
time="2020-04-10T18:38:55+08:00" level=info msg="agent  Push -- ip : Rummy.NoticeGameState 192.168.0.107:12982" component=RummyGame
time="2020-04-10T18:38:55+08:00" level=info msg="Broadcast Rummy.PushRoundInfo, Data=&{GiveUpCoins:2000}" component=RummyGame
time="2020-04-10T18:38:55+08:00" level=info msg="Type=Push, ID=2, UID=200, Route=Rummy.PushRoundInfo, Data=20bytes" component=RummyGame
time="2020-04-10T18:38:55+08:00" level=info msg="agent  Push -- ip : Rummy.PushRoundInfo 192.168.0.107:12980" component=RummyGame
time="2020-04-10T18:38:55+08:00" level=info msg="Type=Push, ID=3, UID=201, Route=Rummy.PushRoundInfo, Data=20bytes" component=RummyGame
time="2020-04-10T18:38:55+08:00" level=info msg="agent  Push -- ip : Rummy.PushRoundInfo 192.168.0.107:12982" component=RummyGame
time="2020-04-10T18:38:55+08:00" level=info msg="当前轮到： GUEST_201"
time="2020-04-10T18:38:55+08:00" level=info msg="UID=201, Message={Request TRDeskManager.ShowCard (111bytes)}, Data=&{CardsSets:[{Cards:[50 52 54 55] Type:0 Point:0} {Cards:[37 40 42 45] Type:0 Point:0} {Cards:[18 24 26] Type:0 Point:0} {Cards:[6 10] Type:0 Point:0}] Phase:0}" component=RummyGame
time="2020-04-10T18:38:55+08:00" level=info msg="localProcess service: TRDeskManager" component=RummyGame
time="2020-04-10T18:38:55+08:00" level=info msg="收到组牌请求 &{[{[50 52 54 55] 0 0} {[37 40 42 45] 0 0} {[18 24 26] 0 0} {[6 10] 0 0}] 0}" component=game
time="2020-04-10T18:38:55+08:00" level=info msg="整理牌请求：&{[{[50 52 54 55] 0 0} {[37 40 42 45] 0 0} {[18 24 26] 0 0} {[6 10] 0 0}] 0} "
time="2020-04-10T18:38:55+08:00" level=info msg="整理牌应答：{true [{[50 52 54 55] 1 19} {[37 40 42 45] 1 33} {[18 24 26] 1 20} {[6 10] 1 16}] 80 false 0 } "
time="2020-04-10T18:38:55+08:00" level=info msg="agent.Response***************************** " component=RummyGame
time="2020-04-10T18:38:55+08:00" level=info msg="Type=Response, ID=3, UID=201, MID=3, Data=&{Success:true CardsSets:[{Cards:[50 52 54 55] Type:1 Point:19} {Cards:[37 40 42 45] Type:1 Point:33} {Cards:[18 24 26] Type:1 Point:20} {Cards:[6 10] Type:1 Point:16}] TotalPoint:80 IsHu:false Phase:0 Error:}" component=RummyGame
time="2020-04-10T18:38:55+08:00" level=info msg="UID=201, Message={Request TRDeskManager.OutCardRecord (2bytes)}, Data=&{}" component=RummyGame
time="2020-04-10T18:38:55+08:00" level=info msg="localProcess service: TRDeskManager" component=RummyGame
time="2020-04-10T18:38:55+08:00" level=info msg="收到出牌记录请求 &{}" component=game
time="2020-04-10T18:38:55+08:00" level=info msg="agent.Response***************************** " component=RummyGame
time="2020-04-10T18:38:55+08:00" level=info msg="Type=Response, ID=3, UID=201, MID=4, Data=&{Success:true CardRecord:[[] [] [3] [13]]}" component=RummyGame
time="2020-04-10T18:38:55+08:00" level=info msg="UID=200, Message={Request TRDeskManager.ShowCard (67bytes)}, Data=&{CardsSets:[{Cards:[1 2 3 4 5 6 7 8 9 10 11 12 13] Type:0 Point:0}] Phase:0}" component=RummyGame
time="2020-04-10T18:38:55+08:00" level=info msg="localProcess service: TRDeskManager" component=RummyGame
time="2020-04-10T18:38:55+08:00" level=info msg="收到组牌请求 &{[{[1 2 3 4 5 6 7 8 9 10 11 12 13] 0 0}] 0}" component=game
time="2020-04-10T18:38:55+08:00" level=info msg="整理牌请求：&{[{[1 2 3 4 5 6 7 8 9 10 11 12 13] 0 0}] 0} "
time="2020-04-10T18:38:55+08:00" level=info msg="整理牌应答：{true [{[1 2 3 4 5 6 7 8 9 10 11 12 13] 7 0}] 0 true 0 } "
time="2020-04-10T18:38:55+08:00" level=info msg="agent.Response***************************** " component=RummyGame
time="2020-04-10T18:38:55+08:00" level=info msg="Type=Response, ID=2, UID=200, MID=3, Data=&{Success:true CardsSets:[{Cards:[1 2 3 4 5 6 7 8 9 10 11 12 13] Type:7 Point:0}] TotalPoint:0 IsHu:true Phase:0 Error:}" component=RummyGame
time="2020-04-10T18:38:55+08:00" level=info msg="UID=200, Message={Request TRDeskManager.OutCardRecord (2bytes)}, Data=&{}" component=RummyGame
time="2020-04-10T18:38:55+08:00" level=info msg="localProcess service: TRDeskManager" component=RummyGame
time="2020-04-10T18:38:55+08:00" level=info msg="收到出牌记录请求 &{}" component=game
time="2020-04-10T18:38:55+08:00" level=info msg="agent.Response***************************** " component=RummyGame
time="2020-04-10T18:38:55+08:00" level=info msg="Type=Response, ID=2, UID=200, MID=4, Data=&{Success:true CardRecord:[[] [] [3] [13]]}" component=RummyGame
time="2020-04-10T18:39:04+08:00" level=info msg="UID=200, Message={Request TRDeskManager.ExitDesk (10bytes)}, Data=&{Type:2}" component=RummyGame
time="2020-04-10T18:39:04+08:00" level=info msg="localProcess service: TRDeskManager" component=RummyGame
time="2020-04-10T18:39:04+08:00" level=info msg="收到退出请求 &{2}" component=game
time="2020-04-10T18:39:04+08:00" level=info msg="[{{<nil> 2 方块2}} {{<nil> 3 方块3}} {{<nil> 4 方块4}} {{<nil> 5 方块5}} {{<nil> 6 方块6}} {{<nil> 7 方块7}} {{<nil> 8 方块8}} {{<nil> 9 方块9}} {{<nil> 10 方块10}} {{<nil> 11 方块11}} {{<nil> 12 方块12}} {{<nil> 13 方块13}} {{<nil> 1 方块1}}] [{{<nil> 2 方块2}} {{<nil> 3 方块3}} {{<nil> 4 方块4}} {{<nil> 5 方块5}} {{<nil> 6 方块6}} {{<nil> 7 方块7}} {{<nil> 8 方块8}} {{<nil> 9 方块9}} {{<nil> 10 方块10}} {{<nil> 11 方块11}} {{<nil> 12 方块12}} {{<nil> 13 方块13}} {{<nil> 1 方块1}}]"
time="2020-04-10T18:39:04+08:00" level=info msg="Type=Push, ID=2, UID=200, Route=Rummy.PushLoseGame, Data=&{Success:true Coins:2000 TotalCoins:2000 PlayerCoins:386876 PointNum:20}" component=RummyGame
time="2020-04-10T18:39:04+08:00" level=info msg="agent  Push -- ip : Rummy.PushLoseGame 192.168.0.107:12980" component=RummyGame
time="2020-04-10T18:39:04+08:00" level=info msg="广播玩家弃牌!!!!!!!!!!"
time="2020-04-10T18:39:04+08:00" level=info msg="Multicast Rummy.NoticeGiveUp, Data=&{SeatId:0 LosingCoins:2000 SettleCoins:2000 Point:20 IsShow:true}" component=RummyGame
time="2020-04-10T18:39:04+08:00" level=info msg="Type=Push, ID=3, UID=201, Route=Rummy.NoticeGiveUp, Data=75bytes" component=RummyGame
time="2020-04-10T18:39:04+08:00" level=info msg="agent  Push -- ip : Rummy.NoticeGiveUp 192.168.0.107:12982" component=RummyGame
time="2020-04-10T18:39:04+08:00" level=info msg="玩家不战而胜！！！！！"
time="2020-04-10T18:39:04+08:00" level=info msg="Broadcast Rummy.NoticeGameState, Data=&{GameState:6 Time:7 TotalTime:1 OperateId:0}" component=RummyGame
time="2020-04-10T18:39:04+08:00" level=info msg="Type=Push, ID=2, UID=200, Route=Rummy.NoticeGameState, Data=52bytes" component=RummyGame
time="2020-04-10T18:39:04+08:00" level=info msg="agent  Push -- ip : Rummy.NoticeGameState 192.168.0.107:12980" component=RummyGame
time="2020-04-10T18:39:04+08:00" level=info msg="Type=Push, ID=3, UID=201, Route=Rummy.NoticeGameState, Data=52bytes" component=RummyGame
time="2020-04-10T18:39:04+08:00" level=info msg="agent  Push -- ip : Rummy.NoticeGameState 192.168.0.107:12982" component=RummyGame
time="2020-04-10T18:39:04+08:00" level=info msg="Type=Push, ID=3, UID=201, Route=Rummy.PushWinGame, Data=&{Success:true Coins:2000 TotalCoins:0 PlayerCoins:17162 PointNum:0}" component=RummyGame
time="2020-04-10T18:39:04+08:00" level=info msg="agent  Push -- ip : Rummy.PushWinGame 192.168.0.107:12982" component=RummyGame
time="2020-04-10T18:39:04+08:00" level=info msg="Multicast Rummy.NoticeGameWin, Data=&{SeatId:1 WinCoins:2000 SettleCoins:0}" component=RummyGame
time="2020-04-10T18:39:04+08:00" level=info msg="Type=Push, ID=2, UID=200, Route=Rummy.NoticeGameWin, Data=44bytes" component=RummyGame
time="2020-04-10T18:39:04+08:00" level=info msg="agent  Push -- ip : Rummy.NoticeGameWin 192.168.0.107:12980" component=RummyGame
time="2020-04-10T18:39:04+08:00" level=info msg="Remove session from group dd3bbee0-3512-4865-a335-812c508bbfd8, UID=200" component=RummyGame
time="2020-04-10T18:39:04+08:00" level=info msg="Broadcast Rummy.NoticePlayerState, Data=&{SeatId:0 PlayerState:2 PlayerInfo:{SeatPos:0 Nickname: Sex:0 HeadUrl: Score:0 StarNum:0 IsBanker:false IsKing:false Sitdown:false LiXian:false Show:false IsSettle:false Coins:0}}" component=RummyGame
time="2020-04-10T18:39:04+08:00" level=info msg="Type=Push, ID=3, UID=201, Route=Rummy.NoticePlayerState, Data=215bytes" component=RummyGame
time="2020-04-10T18:39:04+08:00" level=info msg="agent  Push -- ip : Rummy.NoticePlayerState 192.168.0.107:12982" component=RummyGame
time="2020-04-10T18:39:04+08:00" level=info msg="agent.Response***************************** " component=RummyGame
time="2020-04-10T18:39:04+08:00" level=info msg="Type=Response, ID=2, UID=200, MID=5, Data=&{Success:true Type:2}" component=RummyGame
time="2020-04-10T18:39:09+08:00" level=info msg="Broadcast Rummy.NoticeEndInfo, Data=&{EndInfo:[{Name:GUEST_201 Head: CardsSets:[{Cards:[50 52 54 55] Type:1 Point:19} {Cards:[37 40 42 45] Type:1 Point:33} {Cards:[18 24 26] Type:1 Point:20} {Cards:[6 10] Type:1 Point:16}] Point:0 Coins:2000} {Name:GUEST_200 Head: CardsSets:[{Cards:[0 0 0 0 0 0 0 0 0 0 0 0 0] Type:0 Point:20}] Point:20 Coins:-2000}]}" component=RummyGame
time="2020-04-10T18:39:09+08:00" level=info msg="Type=Push, ID=3, UID=201, Route=Rummy.NoticeEndInfo, Data=375bytes" component=RummyGame
time="2020-04-10T18:39:09+08:00" level=info msg="agent  Push -- ip : Rummy.NoticeEndInfo 192.168.0.107:12982" component=RummyGame
time="2020-04-10T18:39:10+08:00" level=info msg="游戏结束！/////////////////////////////"
time="2020-04-10T18:39:10+08:00" level=info msg="Broadcast Rummy.NoticeGameState, Data=&{GameState:0 Time:0 TotalTime:0 OperateId:0}" component=RummyGame
time="2020-04-10T18:39:10+08:00" level=info msg="Type=Push, ID=3, UID=201, Route=Rummy.NoticeGameState, Data=52bytes" component=RummyGame
time="2020-04-10T18:39:10+08:00" level=info msg="agent  Push -- ip : Rummy.NoticeGameState 192.168.0.107:12982" component=RummyGame
time="2020-04-10T18:40:12+08:00" level=info msg="Read message error: websocket: close 1001 (going away), session will be closed immediately" component=RummyGame
time="2020-04-10T18:40:12+08:00" level=info msg="Session closed, ID=2, UID=200, IP=192.168.0.107:12980" component=RummyGame
time="2020-04-10T18:40:12+08:00" level=info msg="Session read goroutine exit, SessionID=2, UID=200" component=RummyGame
time="2020-04-10T18:40:12+08:00" level=info msg="Session write goroutine exit, SessionID=2, UID=200" component=RummyGame
time="2020-04-10T18:40:12+08:00" level=info msg="Remove session from group _SYSTEM_MESSAGE_BROADCAST, UID=200" component=RummyGame
time="2020-04-10T18:40:12+08:00" level=info msg="**************session OnClose :uid  200" component=game
time="2020-04-10T18:40:12+08:00" level=info msg="Handle message panic: runtime error: invalid memory address or nil pointer dereference\ngoroutine 36 [running]:\nruntime/debug.Stack(0xc000217ca8, 0x9e3a20, 0xf7b080)\n\tc:/Go/src/runtime/debug/stack.go:24 +0xa4\ngithub.com/lonng/nano/scheduler.try.func1()\n\tD:/gowork/pkg/mod/github.com/lonng/nano@v0.4.0/scheduler/scheduler.go:58 +0x61\npanic(0x9e3a20, 0xf7b080)\n\tc:/Go/src/runtime/panic.go:679 +0x1c0\nTeenPatti/TRummyGameServer/internal/game.(*TRDeskManager).AfterInit.func1(0xc000144730)\n\tD:/gowork/src/TeenPatti/TRummyGameServer/internal/game/desk_manager.go:58 +0x19c\ngithub.com/lonng/nano/session.(*lifetime).Close(0xf8cf10, 0xc000144730)\n\tD:/gowork/pkg/mod/github.com/lonng/nano@v0.4.0/session/lifetime.go:30 +0x5e\ngithub.com/lonng/nano/cluster.(*agent).Close.func1()\n\tD:/gowork/pkg/mod/github.com/lonng/nano@v0.4.0/cluster/agent.go:240 +0x40\ngithub.com/lonng/nano/scheduler.try(0xc0002aa8c0)\n\tD:/gowork/pkg/mod/github.com/lonng/nano@v0.4.0/scheduler/scheduler.go:61 +0x54\ngithub.com/lonng/nano/scheduler.Sched()\n\tD:/gowork/pkg/mod/github.com/lonng/nano@v0.4.0/scheduler/scheduler.go:81 +0x17e\ncreated by github.com/lonng/nano.Listen\n\tD:/gowork/pkg/mod/github.com/lonng/nano@v0.4.0/interface.go:113 +0x542\n" component=RummyGame
time="2020-04-10T18:40:13+08:00" level=info msg="Read message error: websocket: close 1001 (going away), session will be closed immediately" component=RummyGame
time="2020-04-10T18:40:13+08:00" level=info msg="Session closed, ID=3, UID=201, IP=192.168.0.107:12982" component=RummyGame
time="2020-04-10T18:40:13+08:00" level=info msg="Session read goroutine exit, SessionID=3, UID=201" component=RummyGame
time="2020-04-10T18:40:13+08:00" level=info msg="Remove session from group _SYSTEM_MESSAGE_BROADCAST, UID=201" component=RummyGame
time="2020-04-10T18:40:13+08:00" level=info msg="**************session OnClose :uid  201" component=game
time="2020-04-10T18:40:13+08:00" level=info msg="Remove session from group dd3bbee0-3512-4865-a335-812c508bbfd8, UID=201" component=RummyGame
time="2020-04-10T18:40:13+08:00" level=info msg="Session write goroutine exit, SessionID=3, UID=201" component=RummyGame
time="2020-04-10T18:40:13+08:00" level=info msg="Broadcast Rummy.NoticePlayerState, Data=&{SeatId:1 PlayerState:2 PlayerInfo:{SeatPos:0 Nickname: Sex:0 HeadUrl: Score:0 StarNum:0 IsBanker:false IsKing:false Sitdown:false LiXian:false Show:false IsSettle:false Coins:0}}" component=RummyGame
time="2020-04-10T18:40:13+08:00" level=info msg="玩家断线！ &{201 1  GUEST_201 IP 1 0 0 false false false 17162 0xc0000a2780 <nil> 0 false false false false [] [] 0 0 false}"
time="2020-04-10T18:40:16+08:00" level=info msg="Nano server got signal interrupt" component=RummyGame
time="2020-04-10T18:40:16+08:00" level=info msg="Nano server is stopping..." component=RummyGame
time="2020-04-10T18:40:16+08:00" level=info msg="Scheduler stopped" component=RummyGame
