time="2020-04-10T18:42:52+08:00" level=info msg="game service starup" component=game
time="2020-04-10T18:42:52+08:00" level=info msg="The current server running in singleton mode" component=RummyGame
time="2020-04-10T18:42:52+08:00" level=info msg="type:recviver: *game.TRManager &{{} 0xc0000b4b80 map[] 0xc000168000 0xc0001680a0}" component=RummyGame
time="2020-04-10T18:42:52+08:00" level=info msg="Register local handler TRManager.Login" component=RummyGame
time="2020-04-10T18:42:52+08:00" level=info msg="type:recviver: *game.TRDeskManager &{{} map[] map[]}" component=RummyGame
time="2020-04-10T18:42:52+08:00" level=info msg="Register local handler TRDeskManager.Settle" component=RummyGame
time="2020-04-10T18:42:52+08:00" level=info msg="Register local handler TRDeskManager.ShowCard" component=RummyGame
time="2020-04-10T18:42:52+08:00" level=info msg="Register local handler TRDeskManager.ExitDesk" component=RummyGame
time="2020-04-10T18:42:52+08:00" level=info msg="Register local handler TRDeskManager.GiveUp" component=RummyGame
time="2020-04-10T18:42:52+08:00" level=info msg="Register local handler TRDeskManager.JoinDesk" component=RummyGame
time="2020-04-10T18:42:52+08:00" level=info msg="Register local handler TRDeskManager.OperCard" component=RummyGame
time="2020-04-10T18:42:52+08:00" level=info msg="Register local handler TRDeskManager.OutCardRecord" component=RummyGame
time="2020-04-10T18:42:52+08:00" level=info msg="Startup *Nano gate server* ___5go_build_TeenPatti_TRummyGameServer.exe, client address: :3000, service address: :3000" component=RummyGame
time="2020-04-10T18:42:53+08:00" level=info msg="New session established: Remote=192.168.0.107:13144, LastTime=1586515373" component=RummyGame
time="2020-04-10T18:42:53+08:00" level=info msg="Session handshake Id=2, Remote=192.168.0.107:13144" component=RummyGame
time="2020-04-10T18:42:53+08:00" level=info msg="Receive handshake ACK Id=2, Remote=192.168.0.107:13144" component=RummyGame
time="2020-04-10T18:42:53+08:00" level=info msg="UID=0, Message={Request TRManager.Login (204bytes)}, Data=&{Version:Version1.0 Token:eyJhbGciOiJIUzI1NiIsInR5cCI6IkpXVCJ9.eyJleHAiOjE1ODY1ODcxMDYsImlkIjoyMDAsIm9yaWdfaWF0IjoxNTg2NTE1MTA2LCJyb2xlIjoxfQ.ALfy7F_2NvMWx5mb3WLptFD7pIgLLiQ5MNxBl_Aigno Uid:200}" component=RummyGame
time="2020-04-10T18:42:53+08:00" level=info msg="localProcess service: TRManager" component=RummyGame
time="2020-04-10T18:42:53+08:00" level=info msg="&{13378752914391144  zH2RkeRFQ   10000 1000 200 0 1586515107 0 GUEST_200 1585811158 1 0 0}"
time="2020-04-10T18:42:53+08:00" level=info msg="玩家的信息: &{13378752914391144  zH2RkeRFQ   10000 1000 200 0 1586515107 0 GUEST_200 1585811158 1 0 0}"
time="2020-04-10T18:42:53+08:00" level=info msg="Login:Uid:  Id 0 2" component=game
time="2020-04-10T18:42:53+08:00" level=info msg="玩家: 200不在线，创建新的玩家 :"
time="2020-04-10T18:42:53+08:00" level=info msg="Add session to group _SYSTEM_MESSAGE_BROADCAST, ID=2, UID=200" component=RummyGame
time="2020-04-10T18:42:53+08:00" level=info msg="agent.Response***************************** " component=RummyGame
time="2020-04-10T18:42:53+08:00" level=info msg="Type=Response, ID=2, UID=200, MID=1, Data=&{Success:true Uid:200 Nickname:GUEST_200 HeadUrl: Sex:1 Error:}" component=RummyGame
time="2020-04-10T18:42:53+08:00" level=info msg="UID=200, Message={Request TRDeskManager.JoinDesk (34bytes)}, Data=&{Uid:200 NickName:GUEST_200}" component=RummyGame
time="2020-04-10T18:42:53+08:00" level=info msg="localProcess service: TRDeskManager" component=RummyGame
time="2020-04-10T18:42:53+08:00" level=info msg="收到加入桌子请求 &{200 GUEST_200}" component=game
time="2020-04-10T18:42:53+08:00" level=info msg="new desk: 681047" component=game
time="2020-04-10T18:42:53+08:00" level=info msg="GUEST_200 加入房间！"
time="2020-04-10T18:42:53+08:00" level=info msg="Multicast Rummy.NoticePlayerState, Data=&{SeatId:0 PlayerState:1 PlayerInfo:{SeatPos:0 Nickname:GUEST_200 Sex:1 HeadUrl: Score:0 StarNum:0 IsBanker:false IsKing:false Sitdown:true LiXian:false Show:false IsSettle:false Coins:0}}" component=RummyGame
time="2020-04-10T18:42:53+08:00" level=info msg="Add session to group b8ee7d6f-ba2c-4031-9780-383bb084d688, ID=2, UID=200" component=RummyGame
time="2020-04-10T18:42:53+08:00" level=info msg="agent.Response***************************** " component=RummyGame
time="2020-04-10T18:42:53+08:00" level=info msg="Type=Response, ID=2, UID=200, MID=2, Data=&{Success:true DeskInfo:{PointValue:100 DecksNum:2 MaxWining:40000 Maxlosing:8000 SettleCoins:0 GameState:0 GameStateTime:0 TotalStateTime:0 WildCard:0 ShowCard:0 PublicCard:0 CardsNum:106 OperSeatId:-1 BankerSeatId:0 KingSeatId:0 FirstSeatId:-1 UserSeatId:0 WinPlayerId:0 HandCard:[] PlayersInfo:[{SeatPos:0 Nickname:GUEST_200 Sex:1 HeadUrl: Score:0 StarNum:0 IsBanker:false IsKing:true Sitdown:true LiXian:false Show:false IsSettle:false Coins:159435}]} Code:0 Error:}" component=RummyGame
time="2020-04-10T18:42:55+08:00" level=info msg="New session established: Remote=192.168.0.107:13147, LastTime=1586515375" component=RummyGame
time="2020-04-10T18:42:55+08:00" level=info msg="Session handshake Id=3, Remote=192.168.0.107:13147" component=RummyGame
time="2020-04-10T18:42:55+08:00" level=info msg="Receive handshake ACK Id=3, Remote=192.168.0.107:13147" component=RummyGame
time="2020-04-10T18:42:55+08:00" level=info msg="UID=0, Message={Request TRManager.Login (204bytes)}, Data=&{Version:Version1.0 Token:eyJhbGciOiJIUzI1NiIsInR5cCI6IkpXVCJ9.eyJleHAiOjE1ODY1ODcxMDgsImlkIjoyMDEsIm9yaWdfaWF0IjoxNTg2NTE1MTA4LCJyb2xlIjoxfQ.mCaJwr0DizhC8gbDou3KfBjvdL9wRn9Gd4YWgNQl7ys Uid:201}" component=RummyGame
time="2020-04-10T18:42:55+08:00" level=info msg="localProcess service: TRManager" component=RummyGame
time="2020-04-10T18:42:55+08:00" level=info msg="&{13378755363864680  zH2UQQBD6   10000 1000 201 0 1586515108 0 GUEST_201 1585811159 1 0 0}"
time="2020-04-10T18:42:55+08:00" level=info msg="玩家的信息: &{13378755363864680  zH2UQQBD6   10000 1000 201 0 1586515108 0 GUEST_201 1585811159 1 0 0}"
time="2020-04-10T18:42:55+08:00" level=info msg="Login:Uid:  Id 0 3" component=game
time="2020-04-10T18:42:55+08:00" level=info msg="玩家: 201不在线，创建新的玩家 :"
time="2020-04-10T18:42:55+08:00" level=info msg="Add session to group _SYSTEM_MESSAGE_BROADCAST, ID=3, UID=201" component=RummyGame
time="2020-04-10T18:42:55+08:00" level=info msg="agent.Response***************************** " component=RummyGame
time="2020-04-10T18:42:55+08:00" level=info msg="Type=Response, ID=3, UID=201, MID=1, Data=&{Success:true Uid:201 Nickname:GUEST_201 HeadUrl: Sex:1 Error:}" component=RummyGame
time="2020-04-10T18:42:55+08:00" level=info msg="UID=201, Message={Request TRDeskManager.JoinDesk (34bytes)}, Data=&{Uid:201 NickName:GUEST_201}" component=RummyGame
time="2020-04-10T18:42:55+08:00" level=info msg="localProcess service: TRDeskManager" component=RummyGame
time="2020-04-10T18:42:55+08:00" level=info msg="收到加入桌子请求 &{201 GUEST_201}" component=game
time="2020-04-10T18:42:55+08:00" level=info msg="GUEST_201 加入房间！"
time="2020-04-10T18:42:55+08:00" level=info msg="Multicast Rummy.NoticePlayerState, Data=&{SeatId:1 PlayerState:1 PlayerInfo:{SeatPos:1 Nickname:GUEST_201 Sex:1 HeadUrl: Score:0 StarNum:0 IsBanker:false IsKing:false Sitdown:true LiXian:false Show:false IsSettle:false Coins:0}}" component=RummyGame
time="2020-04-10T18:42:55+08:00" level=info msg="Type=Push, ID=2, UID=200, Route=Rummy.NoticePlayerState, Data=223bytes" component=RummyGame
time="2020-04-10T18:42:55+08:00" level=info msg="agent  Push -- ip : Rummy.NoticePlayerState 192.168.0.107:13144" component=RummyGame
time="2020-04-10T18:42:55+08:00" level=info msg="Add session to group b8ee7d6f-ba2c-4031-9780-383bb084d688, ID=3, UID=201" component=RummyGame
time="2020-04-10T18:42:55+08:00" level=info msg="agent.Response***************************** " component=RummyGame
time="2020-04-10T18:42:55+08:00" level=info msg="Type=Response, ID=3, UID=201, MID=2, Data=&{Success:true DeskInfo:{PointValue:100 DecksNum:2 MaxWining:40000 Maxlosing:8000 SettleCoins:0 GameState:0 GameStateTime:0 TotalStateTime:0 WildCard:0 ShowCard:0 PublicCard:0 CardsNum:106 OperSeatId:-1 BankerSeatId:0 KingSeatId:0 FirstSeatId:-1 UserSeatId:1 WinPlayerId:0 HandCard:[] PlayersInfo:[{SeatPos:0 Nickname:GUEST_200 Sex:1 HeadUrl: Score:0 StarNum:0 IsBanker:false IsKing:true Sitdown:true LiXian:false Show:false IsSettle:false Coins:159435} {SeatPos:1 Nickname:GUEST_201 Sex:1 HeadUrl: Score:0 StarNum:0 IsBanker:false IsKing:false Sitdown:true LiXian:false Show:false IsSettle:false Coins:68189}]} Code:0 Error:}" component=RummyGame
time="2020-04-10T18:42:55+08:00" level=info msg="Broadcast Rummy.NoticeGameState, Data=&{GameState:1 Time:7 TotalTime:7 OperateId:0}" component=RummyGame
time="2020-04-10T18:42:55+08:00" level=info msg="Type=Push, ID=2, UID=200, Route=Rummy.NoticeGameState, Data=52bytes" component=RummyGame
time="2020-04-10T18:42:55+08:00" level=info msg="agent  Push -- ip : Rummy.NoticeGameState 192.168.0.107:13144" component=RummyGame
time="2020-04-10T18:42:55+08:00" level=info msg="Type=Push, ID=3, UID=201, Route=Rummy.NoticeGameState, Data=52bytes" component=RummyGame
time="2020-04-10T18:42:55+08:00" level=info msg="agent  Push -- ip : Rummy.NoticeGameState 192.168.0.107:13147" component=RummyGame
time="2020-04-10T18:43:01+08:00" level=info msg="游戏开始！//////////////////////////////////"
time="2020-04-10T18:43:01+08:00" level=info msg="发牌!/////////////////////////////////////"
time="2020-04-10T18:43:01+08:00" level=info msg="GUEST_200 玩家手牌：方块2方块3方块4方块5方块6方块7方块8方块9方块10方块11方块12方块13方块1"
time="2020-04-10T18:43:01+08:00" level=info msg="GUEST_201 玩家手牌：方块2方块5方块8方块11梅花6梅花10梅花1红桃2红桃5红桃6红桃13黑桃4黑桃4"
time="2020-04-10T18:43:01+08:00" level=info msg="庄家：GUEST_200"
time="2020-04-10T18:43:01+08:00" level=info msg="首家：GUEST_201"
time="2020-04-10T18:43:01+08:00" level=info msg="Type=Push, ID=2, UID=200, Route=Rummy.PushGameStrat, Data=&{PointValue:100 DecksNum:2 MaxWining:40000 Maxlosing:8000 SettleCoins:0 GameState:2 GameStateTime:0 TotalStateTime:9 WildCard:0 ShowCard:0 PublicCard:0 CardsNum:93 OperSeatId:1 BankerSeatId:0 KingSeatId:0 FirstSeatId:1 UserSeatId:0 WinPlayerId:0 HandCard:[{Cards:[2 3 4 5 6 7 8 9 10 11 12 13 1] Type:0 Point:0}] PlayersInfo:[{SeatPos:0 Nickname:GUEST_200 Sex:1 HeadUrl: Score:0 StarNum:0 IsBanker:false IsKing:true Sitdown:true LiXian:false Show:false IsSettle:false Coins:159435} {SeatPos:1 Nickname:GUEST_201 Sex:1 HeadUrl: Score:0 StarNum:0 IsBanker:false IsKing:false Sitdown:true LiXian:false Show:false IsSettle:false Coins:68189}]}" component=RummyGame
time="2020-04-10T18:43:01+08:00" level=info msg="agent  Push -- ip : Rummy.PushGameStrat 192.168.0.107:13144" component=RummyGame
time="2020-04-10T18:43:01+08:00" level=info msg="Type=Push, ID=3, UID=201, Route=Rummy.PushGameStrat, Data=&{PointValue:100 DecksNum:2 MaxWining:40000 Maxlosing:8000 SettleCoins:0 GameState:2 GameStateTime:0 TotalStateTime:9 WildCard:0 ShowCard:0 PublicCard:0 CardsNum:93 OperSeatId:1 BankerSeatId:0 KingSeatId:0 FirstSeatId:1 UserSeatId:1 WinPlayerId:0 HandCard:[{Cards:[2 5 8 11] Type:0 Point:0} {Cards:[22 26 17] Type:0 Point:0} {Cards:[34 37 38 45] Type:0 Point:0} {Cards:[52 52] Type:0 Point:0}] PlayersInfo:[{SeatPos:0 Nickname:GUEST_200 Sex:1 HeadUrl: Score:0 StarNum:0 IsBanker:false IsKing:true Sitdown:true LiXian:false Show:false IsSettle:false Coins:159435} {SeatPos:1 Nickname:GUEST_201 Sex:1 HeadUrl: Score:0 StarNum:0 IsBanker:false IsKing:false Sitdown:true LiXian:false Show:false IsSettle:false Coins:68189}]}" component=RummyGame
time="2020-04-10T18:43:01+08:00" level=info msg="agent  Push -- ip : Rummy.PushGameStrat 192.168.0.107:13147" component=RummyGame
time="2020-04-10T18:43:01+08:00" level=info msg="万能牌：梅花7"
time="2020-04-10T18:43:01+08:00" level=info msg="第一张公摊牌： 方块4"
time="2020-04-10T18:43:01+08:00" level=info msg="Broadcast Rummy.NoticeGameState, Data=&{GameState:2 Time:0 TotalTime:9 OperateId:0}" component=RummyGame
time="2020-04-10T18:43:01+08:00" level=info msg="Type=Push, ID=2, UID=200, Route=Rummy.NoticeGameState, Data=52bytes" component=RummyGame
time="2020-04-10T18:43:01+08:00" level=info msg="agent  Push -- ip : Rummy.NoticeGameState 192.168.0.107:13144" component=RummyGame
time="2020-04-10T18:43:01+08:00" level=info msg="Type=Push, ID=3, UID=201, Route=Rummy.NoticeGameState, Data=52bytes" component=RummyGame
time="2020-04-10T18:43:01+08:00" level=info msg="agent  Push -- ip : Rummy.NoticeGameState 192.168.0.107:13147" component=RummyGame
time="2020-04-10T18:43:01+08:00" level=info msg="Type=Push, ID=2, UID=200, Route=Rummy.PushSendCard, Data=&{HandCards:[2 3 4 5 6 7 8 9 10 11 12 13 1] WildCard:23 FristCard:4}" component=RummyGame
time="2020-04-10T18:43:01+08:00" level=info msg="agent  Push -- ip : Rummy.PushSendCard 192.168.0.107:13144" component=RummyGame
time="2020-04-10T18:43:01+08:00" level=info msg="Type=Push, ID=3, UID=201, Route=Rummy.PushSendCard, Data=&{HandCards:[2 5 8 11 22 26 17 34 37 38 45 52 52] WildCard:23 FristCard:4}" component=RummyGame
time="2020-04-10T18:43:01+08:00" level=info msg="agent  Push -- ip : Rummy.PushSendCard 192.168.0.107:13147" component=RummyGame
time="2020-04-10T18:43:10+08:00" level=info msg="Broadcast Rummy.NoticeGameState, Data=&{GameState:3 Time:30 TotalTime:30 OperateId:1}" component=RummyGame
time="2020-04-10T18:43:10+08:00" level=info msg="Type=Push, ID=2, UID=200, Route=Rummy.NoticeGameState, Data=54bytes" component=RummyGame
time="2020-04-10T18:43:10+08:00" level=info msg="agent  Push -- ip : Rummy.NoticeGameState 192.168.0.107:13144" component=RummyGame
time="2020-04-10T18:43:10+08:00" level=info msg="Type=Push, ID=3, UID=201, Route=Rummy.NoticeGameState, Data=54bytes" component=RummyGame
time="2020-04-10T18:43:10+08:00" level=info msg="agent  Push -- ip : Rummy.NoticeGameState 192.168.0.107:13147" component=RummyGame
time="2020-04-10T18:43:10+08:00" level=info msg="Broadcast Rummy.PushRoundInfo, Data=&{GiveUpCoins:2000}" component=RummyGame
time="2020-04-10T18:43:10+08:00" level=info msg="Type=Push, ID=2, UID=200, Route=Rummy.PushRoundInfo, Data=20bytes" component=RummyGame
time="2020-04-10T18:43:10+08:00" level=info msg="agent  Push -- ip : Rummy.PushRoundInfo 192.168.0.107:13144" component=RummyGame
time="2020-04-10T18:43:10+08:00" level=info msg="Type=Push, ID=3, UID=201, Route=Rummy.PushRoundInfo, Data=20bytes" component=RummyGame
time="2020-04-10T18:43:10+08:00" level=info msg="agent  Push -- ip : Rummy.PushRoundInfo 192.168.0.107:13147" component=RummyGame
time="2020-04-10T18:43:10+08:00" level=info msg="当前轮到： GUEST_201"
time="2020-04-10T18:43:10+08:00" level=info msg="UID=200, Message={Request TRDeskManager.ShowCard (67bytes)}, Data=&{CardsSets:[{Cards:[1 2 3 4 5 6 7 8 9 10 11 12 13] Type:0 Point:0}] Phase:0}" component=RummyGame
time="2020-04-10T18:43:10+08:00" level=info msg="localProcess service: TRDeskManager" component=RummyGame
time="2020-04-10T18:43:10+08:00" level=info msg="收到组牌请求 &{[{[1 2 3 4 5 6 7 8 9 10 11 12 13] 0 0}] 0}" component=game
time="2020-04-10T18:43:10+08:00" level=info msg="整理牌请求：&{[{[1 2 3 4 5 6 7 8 9 10 11 12 13] 0 0}] 0} "
time="2020-04-10T18:43:10+08:00" level=info msg="整理牌应答：{true [{[1 2 3 4 5 6 7 8 9 10 11 12 13] 7 0}] 0 true 0 } "
time="2020-04-10T18:43:10+08:00" level=info msg="agent.Response***************************** " component=RummyGame
time="2020-04-10T18:43:10+08:00" level=info msg="Type=Response, ID=2, UID=200, MID=3, Data=&{Success:true CardsSets:[{Cards:[1 2 3 4 5 6 7 8 9 10 11 12 13] Type:7 Point:0}] TotalPoint:0 IsHu:true Phase:0 Error:}" component=RummyGame
time="2020-04-10T18:43:10+08:00" level=info msg="UID=200, Message={Request TRDeskManager.OutCardRecord (2bytes)}, Data=&{}" component=RummyGame
time="2020-04-10T18:43:10+08:00" level=info msg="localProcess service: TRDeskManager" component=RummyGame
time="2020-04-10T18:43:10+08:00" level=info msg="收到出牌记录请求 &{}" component=game
time="2020-04-10T18:43:10+08:00" level=info msg="agent.Response***************************** " component=RummyGame
time="2020-04-10T18:43:10+08:00" level=info msg="Type=Response, ID=2, UID=200, MID=4, Data=&{Success:true CardRecord:[[4] [7] [] []]}" component=RummyGame
time="2020-04-10T18:43:10+08:00" level=info msg="UID=201, Message={Request TRDeskManager.ShowCard (109bytes)}, Data=&{CardsSets:[{Cards:[52 52] Type:0 Point:0} {Cards:[34 37 38 45] Type:0 Point:0} {Cards:[17 22 26] Type:0 Point:0} {Cards:[2 5 8 11] Type:0 Point:0}] Phase:0}" component=RummyGame
time="2020-04-10T18:43:10+08:00" level=info msg="localProcess service: TRDeskManager" component=RummyGame
time="2020-04-10T18:43:10+08:00" level=info msg="收到组牌请求 &{[{[52 52] 0 0} {[34 37 38 45] 0 0} {[17 22 26] 0 0} {[2 5 8 11] 0 0}] 0}" component=game
time="2020-04-10T18:43:10+08:00" level=info msg="整理牌请求：&{[{[52 52] 0 0} {[34 37 38 45] 0 0} {[17 22 26] 0 0} {[2 5 8 11] 0 0}] 0} "
time="2020-04-10T18:43:10+08:00" level=info msg="整理牌应答：{true [{[52 52] 1 8} {[34 37 38 45] 1 23} {[17 22 26] 1 26} {[2 5 8 11] 1 25}] 80 false 0 } "
time="2020-04-10T18:43:10+08:00" level=info msg="agent.Response***************************** " component=RummyGame
time="2020-04-10T18:43:10+08:00" level=info msg="Type=Response, ID=3, UID=201, MID=3, Data=&{Success:true CardsSets:[{Cards:[52 52] Type:1 Point:8} {Cards:[34 37 38 45] Type:1 Point:23} {Cards:[17 22 26] Type:1 Point:26} {Cards:[2 5 8 11] Type:1 Point:25}] TotalPoint:80 IsHu:false Phase:0 Error:}" component=RummyGame
time="2020-04-10T18:43:10+08:00" level=info msg="UID=201, Message={Request TRDeskManager.OutCardRecord (2bytes)}, Data=&{}" component=RummyGame
time="2020-04-10T18:43:10+08:00" level=info msg="localProcess service: TRDeskManager" component=RummyGame
time="2020-04-10T18:43:10+08:00" level=info msg="收到出牌记录请求 &{}" component=game
time="2020-04-10T18:43:10+08:00" level=info msg="agent.Response***************************** " component=RummyGame
time="2020-04-10T18:43:10+08:00" level=info msg="Type=Response, ID=3, UID=201, MID=4, Data=&{Success:true CardRecord:[[4] [7] [] []]}" component=RummyGame
time="2020-04-10T18:43:15+08:00" level=info msg="UID=200, Message={Request TRDeskManager.ExitDesk (10bytes)}, Data=&{Type:2}" component=RummyGame
time="2020-04-10T18:43:15+08:00" level=info msg="localProcess service: TRDeskManager" component=RummyGame
time="2020-04-10T18:43:15+08:00" level=info msg="收到退出请求 &{2}" component=game
time="2020-04-10T18:43:15+08:00" level=info msg="[{{<nil> 2 方块2}} {{<nil> 3 方块3}} {{<nil> 4 方块4}} {{<nil> 5 方块5}} {{<nil> 6 方块6}} {{<nil> 7 方块7}} {{<nil> 8 方块8}} {{<nil> 9 方块9}} {{<nil> 10 方块10}} {{<nil> 11 方块11}} {{<nil> 12 方块12}} {{<nil> 13 方块13}} {{<nil> 1 方块1}}] [{{<nil> 2 方块2}} {{<nil> 3 方块3}} {{<nil> 4 方块4}} {{<nil> 5 方块5}} {{<nil> 6 方块6}} {{<nil> 7 方块7}} {{<nil> 8 方块8}} {{<nil> 9 方块9}} {{<nil> 10 方块10}} {{<nil> 11 方块11}} {{<nil> 12 方块12}} {{<nil> 13 方块13}} {{<nil> 1 方块1}}]"
time="2020-04-10T18:43:15+08:00" level=info msg="Type=Push, ID=2, UID=200, Route=Rummy.PushLoseGame, Data=&{Success:true Coins:2000 TotalCoins:2000 PlayerCoins:157435 PointNum:20}" component=RummyGame
time="2020-04-10T18:43:15+08:00" level=info msg="agent  Push -- ip : Rummy.PushLoseGame 192.168.0.107:13144" component=RummyGame
time="2020-04-10T18:43:15+08:00" level=info msg="广播玩家弃牌!!!!!!!!!!"
time="2020-04-10T18:43:15+08:00" level=info msg="Multicast Rummy.NoticeGiveUp, Data=&{SeatId:0 LosingCoins:2000 SettleCoins:2000 Point:20 IsShow:true}" component=RummyGame
time="2020-04-10T18:43:15+08:00" level=info msg="Type=Push, ID=3, UID=201, Route=Rummy.NoticeGiveUp, Data=75bytes" component=RummyGame
time="2020-04-10T18:43:15+08:00" level=info msg="agent  Push -- ip : Rummy.NoticeGiveUp 192.168.0.107:13147" component=RummyGame
time="2020-04-10T18:43:15+08:00" level=info msg="玩家不战而胜！！！！！"
time="2020-04-10T18:43:15+08:00" level=info msg="Broadcast Rummy.NoticeGameState, Data=&{GameState:6 Time:7 TotalTime:1 OperateId:0}" component=RummyGame
time="2020-04-10T18:43:15+08:00" level=info msg="Type=Push, ID=3, UID=201, Route=Rummy.NoticeGameState, Data=52bytes" component=RummyGame
time="2020-04-10T18:43:15+08:00" level=info msg="agent  Push -- ip : Rummy.NoticeGameState 192.168.0.107:13147" component=RummyGame
time="2020-04-10T18:43:15+08:00" level=info msg="Type=Push, ID=2, UID=200, Route=Rummy.NoticeGameState, Data=52bytes" component=RummyGame
time="2020-04-10T18:43:15+08:00" level=info msg="agent  Push -- ip : Rummy.NoticeGameState 192.168.0.107:13144" component=RummyGame
time="2020-04-10T18:43:15+08:00" level=info msg="Type=Push, ID=3, UID=201, Route=Rummy.PushWinGame, Data=&{Success:true Coins:2000 TotalCoins:0 PlayerCoins:70189 PointNum:0}" component=RummyGame
time="2020-04-10T18:43:15+08:00" level=info msg="agent  Push -- ip : Rummy.PushWinGame 192.168.0.107:13147" component=RummyGame
time="2020-04-10T18:43:15+08:00" level=info msg="Multicast Rummy.NoticeGameWin, Data=&{SeatId:1 WinCoins:2000 SettleCoins:0}" component=RummyGame
time="2020-04-10T18:43:15+08:00" level=info msg="Type=Push, ID=2, UID=200, Route=Rummy.NoticeGameWin, Data=44bytes" component=RummyGame
time="2020-04-10T18:43:15+08:00" level=info msg="agent  Push -- ip : Rummy.NoticeGameWin 192.168.0.107:13144" component=RummyGame
time="2020-04-10T18:43:15+08:00" level=info msg="Remove session from group b8ee7d6f-ba2c-4031-9780-383bb084d688, UID=200" component=RummyGame
time="2020-04-10T18:43:15+08:00" level=info msg="Broadcast Rummy.NoticePlayerState, Data=&{SeatId:0 PlayerState:2 PlayerInfo:{SeatPos:0 Nickname: Sex:0 HeadUrl: Score:0 StarNum:0 IsBanker:false IsKing:false Sitdown:false LiXian:false Show:false IsSettle:false Coins:0}}" component=RummyGame
time="2020-04-10T18:43:15+08:00" level=info msg="Type=Push, ID=3, UID=201, Route=Rummy.NoticePlayerState, Data=215bytes" component=RummyGame
time="2020-04-10T18:43:15+08:00" level=info msg="agent  Push -- ip : Rummy.NoticePlayerState 192.168.0.107:13147" component=RummyGame
time="2020-04-10T18:43:17+08:00" level=info msg="agent.Response***************************** " component=RummyGame
time="2020-04-10T18:43:17+08:00" level=info msg="Type=Response, ID=2, UID=200, MID=5, Data=&{Success:true Type:2}" component=RummyGame
time="2020-04-10T18:43:22+08:00" level=info msg="Broadcast Rummy.NoticeEndInfo, Data=&{EndInfo:[{Name:GUEST_201 Head: CardsSets:[{Cards:[52 52] Type:1 Point:8} {Cards:[34 37 38 45] Type:1 Point:23} {Cards:[17 22 26] Type:1 Point:26} {Cards:[2 5 8 11] Type:1 Point:25}] Point:0 Coins:2000} {Name:GUEST_200 Head: CardsSets:[{Cards:[0 0 0 0 0 0 0 0 0 0 0 0 0] Type:0 Point:20}] Point:20 Coins:-2000}]}" component=RummyGame
time="2020-04-10T18:43:22+08:00" level=info msg="Type=Push, ID=3, UID=201, Route=Rummy.NoticeEndInfo, Data=372bytes" component=RummyGame
time="2020-04-10T18:43:22+08:00" level=info msg="agent  Push -- ip : Rummy.NoticeEndInfo 192.168.0.107:13147" component=RummyGame
time="2020-04-10T18:43:23+08:00" level=info msg="游戏结束！/////////////////////////////"
time="2020-04-10T18:43:23+08:00" level=info msg="Broadcast Rummy.NoticeGameState, Data=&{GameState:0 Time:0 TotalTime:0 OperateId:0}" component=RummyGame
time="2020-04-10T18:43:23+08:00" level=info msg="Type=Push, ID=3, UID=201, Route=Rummy.NoticeGameState, Data=52bytes" component=RummyGame
time="2020-04-10T18:43:23+08:00" level=info msg="agent  Push -- ip : Rummy.NoticeGameState 192.168.0.107:13147" component=RummyGame
time="2020-04-10T18:43:43+08:00" level=info msg="Read message error: websocket: close 1001 (going away), session will be closed immediately" component=RummyGame
time="2020-04-10T18:43:43+08:00" level=info msg="Session closed, ID=2, UID=200, IP=192.168.0.107:13144" component=RummyGame
time="2020-04-10T18:43:43+08:00" level=info msg="Session read goroutine exit, SessionID=2, UID=200" component=RummyGame
time="2020-04-10T18:43:43+08:00" level=info msg="Remove session from group _SYSTEM_MESSAGE_BROADCAST, UID=200" component=RummyGame
time="2020-04-10T18:43:43+08:00" level=info msg="**************session OnClose :uid  200" component=game
time="2020-04-10T18:43:43+08:00" level=info msg="Session write goroutine exit, SessionID=2, UID=200" component=RummyGame
time="2020-04-10T18:43:43+08:00" level=info msg="Handle message panic: runtime error: invalid memory address or nil pointer dereference\ngoroutine 26 [running]:\nruntime/debug.Stack(0x0, 0x0, 0x0)\n\tc:/Go/src/runtime/debug/stack.go:24 +0xa8\ngithub.com/lonng/nano/scheduler.try.func1()\n\tD:/gowork/pkg/mod/github.com/lonng/nano@v0.4.0/scheduler/scheduler.go:58 +0x6a\npanic(0xbff200, 0x11ac080)\n\tc:/Go/src/runtime/panic.go:679 +0x1ee\nTeenPatti/TRummyGameServer/internal/game.(*TRDeskManager).AfterInit.func1(0xc0001560a0)\n\tD:/gowork/src/TeenPatti/TRummyGameServer/internal/game/desk_manager.go:58 +0x287\ngithub.com/lonng/nano/session.(*lifetime).Close(0x11bdf30, 0xc0001560a0)\n\tD:/gowork/pkg/mod/github.com/lonng/nano@v0.4.0/session/lifetime.go:30 +0xb9\ngithub.com/lonng/nano/cluster.(*agent).Close.func1()\n\tD:/gowork/pkg/mod/github.com/lonng/nano@v0.4.0/cluster/agent.go:240 +0x4c\ngithub.com/lonng/nano/scheduler.try(0xc0002747e0)\n\tD:/gowork/pkg/mod/github.com/lonng/nano@v0.4.0/scheduler/scheduler.go:61 +0x56\ngithub.com/lonng/nano/scheduler.Sched()\n\tD:/gowork/pkg/mod/github.com/lonng/nano@v0.4.0/scheduler/scheduler.go:81 +0x21f\ncreated by github.com/lonng/nano.Listen\n\tD:/gowork/pkg/mod/github.com/lonng/nano@v0.4.0/interface.go:113 +0xab0\n" component=RummyGame
time="2020-04-10T18:43:44+08:00" level=info msg="Read message error: websocket: close 1001 (going away), session will be closed immediately" component=RummyGame
time="2020-04-10T18:43:44+08:00" level=info msg="Session closed, ID=3, UID=201, IP=192.168.0.107:13147" component=RummyGame
time="2020-04-10T18:43:44+08:00" level=info msg="Session write goroutine exit, SessionID=3, UID=201" component=RummyGame
time="2020-04-10T18:43:44+08:00" level=info msg="Session read goroutine exit, SessionID=3, UID=201" component=RummyGame
time="2020-04-10T18:43:44+08:00" level=info msg="Remove session from group _SYSTEM_MESSAGE_BROADCAST, UID=201" component=RummyGame
time="2020-04-10T18:43:44+08:00" level=info msg="**************session OnClose :uid  201" component=game
time="2020-04-10T18:43:44+08:00" level=info msg="Remove session from group b8ee7d6f-ba2c-4031-9780-383bb084d688, UID=201" component=RummyGame
time="2020-04-10T18:43:44+08:00" level=info msg="Broadcast Rummy.NoticePlayerState, Data=&{SeatId:1 PlayerState:2 PlayerInfo:{SeatPos:0 Nickname: Sex:0 HeadUrl: Score:0 StarNum:0 IsBanker:false IsKing:false Sitdown:false LiXian:false Show:false IsSettle:false Coins:0}}" component=RummyGame
time="2020-04-10T18:43:44+08:00" level=info msg="玩家断线！ &{201 1  GUEST_201 IP 1 0 0 false false false 70189 0xc000162460 <nil> 0 false false false false [] [] 0 0 false}"
