time="2020-04-10T20:06:53+08:00" level=info msg="game service starup" component=game
time="2020-04-10T20:06:53+08:00" level=info msg="The current server running in singleton mode" component=RummyGame
time="2020-04-10T20:06:53+08:00" level=info msg="type:recviver: *game.TRManager &{{} 0xc000026c80 map[] 0xc000166000 0xc0001660a0}" component=RummyGame
time="2020-04-10T20:06:53+08:00" level=info msg="Register local handler TRManager.Login" component=RummyGame
time="2020-04-10T20:06:53+08:00" level=info msg="type:recviver: *game.TRDeskManager &{{} map[] map[]}" component=RummyGame
time="2020-04-10T20:06:53+08:00" level=info msg="Register local handler TRDeskManager.OutCardRecord" component=RummyGame
time="2020-04-10T20:06:53+08:00" level=info msg="Register local handler TRDeskManager.Settle" component=RummyGame
time="2020-04-10T20:06:53+08:00" level=info msg="Register local handler TRDeskManager.ShowCard" component=RummyGame
time="2020-04-10T20:06:53+08:00" level=info msg="Register local handler TRDeskManager.ExitDesk" component=RummyGame
time="2020-04-10T20:06:53+08:00" level=info msg="Register local handler TRDeskManager.GiveUp" component=RummyGame
time="2020-04-10T20:06:53+08:00" level=info msg="Register local handler TRDeskManager.JoinDesk" component=RummyGame
time="2020-04-10T20:06:53+08:00" level=info msg="Register local handler TRDeskManager.OperCard" component=RummyGame
time="2020-04-10T20:06:53+08:00" level=info msg="Startup *Nano gate server* ___5go_build_TeenPatti_TRummyGameServer.exe, client address: :3000, service address: :3000" component=RummyGame
time="2020-04-10T20:07:47+08:00" level=info msg="New session established: Remote=192.168.0.107:3814, LastTime=1586520467" component=RummyGame
time="2020-04-10T20:07:47+08:00" level=info msg="Session handshake Id=2, Remote=192.168.0.107:3814" component=RummyGame
time="2020-04-10T20:07:47+08:00" level=info msg="Receive handshake ACK Id=2, Remote=192.168.0.107:3814" component=RummyGame
time="2020-04-10T20:07:47+08:00" level=info msg="UID=0, Message={Request TRManager.Login (204bytes)}, Data=&{Version:Version1.0 Token:eyJhbGciOiJIUzI1NiIsInR5cCI6IkpXVCJ9.eyJleHAiOjE1ODY1OTIyMDAsImlkIjoyMDQsIm9yaWdfaWF0IjoxNTg2NTIwMjAwLCJyb2xlIjoxfQ.w-oUC7MRX1wbR7b8mC6CoqOLGmjz-V3lIq_X6nzv_j0 Uid:204}" component=RummyGame
time="2020-04-10T20:07:47+08:00" level=info msg="localProcess service: TRManager" component=RummyGame
time="2020-04-10T20:07:47+08:00" level=info msg="&{13386939675705448  zJMZy4bIu   10000 1000 204 0 1586520200 0 GUEST_204 1585816037 1 0 0}"
time="2020-04-10T20:07:47+08:00" level=info msg="玩家的信息: &{13386939675705448  zJMZy4bIu   10000 1000 204 0 1586520200 0 GUEST_204 1585816037 1 0 0}"
time="2020-04-10T20:07:47+08:00" level=info msg="Login:Uid:  Id 0 2" component=game
time="2020-04-10T20:07:47+08:00" level=info msg="玩家: 204不在线，创建新的玩家 :"
time="2020-04-10T20:07:47+08:00" level=info msg="Add session to group _SYSTEM_MESSAGE_BROADCAST, ID=2, UID=204" component=RummyGame
time="2020-04-10T20:07:47+08:00" level=info msg="agent.Response***************************** " component=RummyGame
time="2020-04-10T20:07:47+08:00" level=info msg="Type=Response, ID=2, UID=204, MID=1, Data=&{Success:true Uid:204 Nickname:GUEST_204 HeadUrl: Sex:1 Error:}" component=RummyGame
time="2020-04-10T20:07:47+08:00" level=info msg="UID=204, Message={Request TRDeskManager.JoinDesk (34bytes)}, Data=&{Uid:204 NickName:GUEST_204}" component=RummyGame
time="2020-04-10T20:07:47+08:00" level=info msg="localProcess service: TRDeskManager" component=RummyGame
time="2020-04-10T20:07:47+08:00" level=info msg="收到加入桌子请求 &{204 GUEST_204}" component=game
time="2020-04-10T20:07:57+08:00" level=info msg="new desk: 072108" component=game
time="2020-04-10T20:07:57+08:00" level=info msg="GUEST_204 加入房间！"
time="2020-04-10T20:07:57+08:00" level=info msg="Multicast Rummy.NoticePlayerState, Data=&{SeatId:0 PlayerState:1 PlayerInfo:{SeatPos:0 Nickname:GUEST_204 Sex:1 HeadUrl: Score:0 StarNum:0 IsBanker:false IsKing:false Sitdown:true LiXian:false Show:false IsSettle:false Coins:0}}" component=RummyGame
time="2020-04-10T20:07:57+08:00" level=info msg="Add session to group b0966eaa-ed13-4815-84b3-239638f53bc3, ID=2, UID=204" component=RummyGame
time="2020-04-10T20:07:57+08:00" level=info msg="agent.Response***************************** " component=RummyGame
time="2020-04-10T20:07:57+08:00" level=info msg="Type=Response, ID=2, UID=204, MID=2, Data=&{Success:true DeskInfo:{PointValue:100 DecksNum:2 MaxWining:40000 Maxlosing:8000 SettleCoins:0 GameState:0 GameStateTime:0 TotalStateTime:0 WildCard:0 ShowCard:0 PublicCard:0 CardsNum:106 OperSeatId:-1 BankerSeatId:0 KingSeatId:0 FirstSeatId:-1 UserSeatId:0 WinPlayerId:0 HandCard:[] PlayersInfo:[{SeatPos:0 Nickname:GUEST_204 Sex:1 HeadUrl: Score:0 StarNum:0 IsBanker:false IsKing:true Sitdown:true LiXian:false Show:false IsSettle:false Coins:255649}]} Code:0 Error:}" component=RummyGame
time="2020-04-10T20:07:57+08:00" level=info msg="New session established: Remote=192.168.0.107:3816, LastTime=1586520477" component=RummyGame
time="2020-04-10T20:07:57+08:00" level=info msg="Session handshake Id=3, Remote=192.168.0.107:3816" component=RummyGame
time="2020-04-10T20:07:57+08:00" level=info msg="Receive handshake ACK Id=3, Remote=192.168.0.107:3816" component=RummyGame
time="2020-04-10T20:07:57+08:00" level=info msg="UID=0, Message={Request TRManager.Login (204bytes)}, Data=&{Version:Version1.0 Token:eyJhbGciOiJIUzI1NiIsInR5cCI6IkpXVCJ9.eyJleHAiOjE1ODY1OTIyMDIsImlkIjoyMDAsIm9yaWdfaWF0IjoxNTg2NTIwMjAyLCJyb2xlIjoxfQ.tLFOav0P0mN9RY8hwaV7VWq0VobS_-2Cgu9puRZkOlU Uid:200}" component=RummyGame
time="2020-04-10T20:07:57+08:00" level=info msg="localProcess service: TRManager" component=RummyGame
time="2020-04-10T20:07:57+08:00" level=info msg="&{13378752914391144  zH2RkeRFQ   10000 1000 200 0 1586520202 0 GUEST_200 1585811158 1 0 0}"
time="2020-04-10T20:07:57+08:00" level=info msg="玩家的信息: &{13378752914391144  zH2RkeRFQ   10000 1000 200 0 1586520202 0 GUEST_200 1585811158 1 0 0}"
time="2020-04-10T20:07:57+08:00" level=info msg="Login:Uid:  Id 0 3" component=game
time="2020-04-10T20:07:57+08:00" level=info msg="玩家: 200不在线，创建新的玩家 :"
time="2020-04-10T20:07:57+08:00" level=info msg="Add session to group _SYSTEM_MESSAGE_BROADCAST, ID=3, UID=200" component=RummyGame
time="2020-04-10T20:07:57+08:00" level=info msg="agent.Response***************************** " component=RummyGame
time="2020-04-10T20:07:57+08:00" level=info msg="Type=Response, ID=3, UID=200, MID=1, Data=&{Success:true Uid:200 Nickname:GUEST_200 HeadUrl: Sex:1 Error:}" component=RummyGame
time="2020-04-10T20:07:57+08:00" level=info msg="UID=200, Message={Request TRDeskManager.JoinDesk (34bytes)}, Data=&{Uid:200 NickName:GUEST_200}" component=RummyGame
time="2020-04-10T20:07:57+08:00" level=info msg="localProcess service: TRDeskManager" component=RummyGame
time="2020-04-10T20:07:57+08:00" level=info msg="收到加入桌子请求 &{200 GUEST_200}" component=game
time="2020-04-10T20:07:58+08:00" level=info msg="GUEST_200 加入房间！"
time="2020-04-10T20:07:58+08:00" level=info msg="Multicast Rummy.NoticePlayerState, Data=&{SeatId:1 PlayerState:1 PlayerInfo:{SeatPos:1 Nickname:GUEST_200 Sex:1 HeadUrl: Score:0 StarNum:0 IsBanker:false IsKing:false Sitdown:true LiXian:false Show:false IsSettle:false Coins:0}}" component=RummyGame
time="2020-04-10T20:07:58+08:00" level=info msg="Type=Push, ID=2, UID=204, Route=Rummy.NoticePlayerState, Data=223bytes" component=RummyGame
time="2020-04-10T20:07:58+08:00" level=info msg="agent  Push -- ip : Rummy.NoticePlayerState 192.168.0.107:3814" component=RummyGame
time="2020-04-10T20:07:58+08:00" level=info msg="Add session to group b0966eaa-ed13-4815-84b3-239638f53bc3, ID=3, UID=200" component=RummyGame
time="2020-04-10T20:07:58+08:00" level=info msg="agent.Response***************************** " component=RummyGame
time="2020-04-10T20:07:58+08:00" level=info msg="Type=Response, ID=3, UID=200, MID=2, Data=&{Success:true DeskInfo:{PointValue:100 DecksNum:2 MaxWining:40000 Maxlosing:8000 SettleCoins:0 GameState:0 GameStateTime:0 TotalStateTime:0 WildCard:0 ShowCard:0 PublicCard:0 CardsNum:106 OperSeatId:-1 BankerSeatId:0 KingSeatId:0 FirstSeatId:-1 UserSeatId:1 WinPlayerId:0 HandCard:[] PlayersInfo:[{SeatPos:0 Nickname:GUEST_204 Sex:1 HeadUrl: Score:0 StarNum:0 IsBanker:false IsKing:true Sitdown:true LiXian:false Show:false IsSettle:false Coins:255649} {SeatPos:1 Nickname:GUEST_200 Sex:1 HeadUrl: Score:0 StarNum:0 IsBanker:false IsKing:false Sitdown:true LiXian:false Show:false IsSettle:false Coins:429223}]} Code:0 Error:}" component=RummyGame
time="2020-04-10T20:07:58+08:00" level=info msg="Broadcast Rummy.NoticeGameState, Data=&{GameState:1 Time:7 TotalTime:7 OperateId:0}" component=RummyGame
time="2020-04-10T20:07:58+08:00" level=info msg="Type=Push, ID=2, UID=204, Route=Rummy.NoticeGameState, Data=52bytes" component=RummyGame
time="2020-04-10T20:07:58+08:00" level=info msg="agent  Push -- ip : Rummy.NoticeGameState 192.168.0.107:3814" component=RummyGame
time="2020-04-10T20:07:58+08:00" level=info msg="Type=Push, ID=3, UID=200, Route=Rummy.NoticeGameState, Data=52bytes" component=RummyGame
time="2020-04-10T20:07:58+08:00" level=info msg="agent  Push -- ip : Rummy.NoticeGameState 192.168.0.107:3816" component=RummyGame
time="2020-04-10T20:07:59+08:00" level=info msg="New session established: Remote=192.168.0.107:3832, LastTime=1586520479" component=RummyGame
time="2020-04-10T20:07:59+08:00" level=info msg="Session handshake Id=4, Remote=192.168.0.107:3832" component=RummyGame
time="2020-04-10T20:07:59+08:00" level=info msg="Receive handshake ACK Id=4, Remote=192.168.0.107:3832" component=RummyGame
time="2020-04-10T20:08:00+08:00" level=info msg="UID=0, Message={Request TRManager.Login (204bytes)}, Data=&{Version:Version1.0 Token:eyJhbGciOiJIUzI1NiIsInR5cCI6IkpXVCJ9.eyJleHAiOjE1ODY1OTIyMDMsImlkIjoyMDEsIm9yaWdfaWF0IjoxNTg2NTIwMjAzLCJyb2xlIjoxfQ.V5JtG1iKkJaH_nPRF_0D7Fa28oe0vevbo3NlXt1OzjQ Uid:201}" component=RummyGame
time="2020-04-10T20:08:00+08:00" level=info msg="localProcess service: TRManager" component=RummyGame
time="2020-04-10T20:08:00+08:00" level=info msg="&{13378755363864680  zH2UQQBD6   10000 1000 201 0 1586520203 0 GUEST_201 1585811159 1 0 0}"
time="2020-04-10T20:08:00+08:00" level=info msg="玩家的信息: &{13378755363864680  zH2UQQBD6   10000 1000 201 0 1586520203 0 GUEST_201 1585811159 1 0 0}"
time="2020-04-10T20:08:00+08:00" level=info msg="Login:Uid:  Id 0 4" component=game
time="2020-04-10T20:08:00+08:00" level=info msg="玩家: 201不在线，创建新的玩家 :"
time="2020-04-10T20:08:00+08:00" level=info msg="Add session to group _SYSTEM_MESSAGE_BROADCAST, ID=4, UID=201" component=RummyGame
time="2020-04-10T20:08:00+08:00" level=info msg="agent.Response***************************** " component=RummyGame
time="2020-04-10T20:08:00+08:00" level=info msg="Type=Response, ID=4, UID=201, MID=1, Data=&{Success:true Uid:201 Nickname:GUEST_201 HeadUrl: Sex:1 Error:}" component=RummyGame
time="2020-04-10T20:08:00+08:00" level=info msg="UID=201, Message={Request TRDeskManager.JoinDesk (34bytes)}, Data=&{Uid:201 NickName:GUEST_201}" component=RummyGame
time="2020-04-10T20:08:00+08:00" level=info msg="localProcess service: TRDeskManager" component=RummyGame
time="2020-04-10T20:08:00+08:00" level=info msg="收到加入桌子请求 &{201 GUEST_201}" component=game
time="2020-04-10T20:08:04+08:00" level=info msg="GUEST_201 加入房间！"
time="2020-04-10T20:08:04+08:00" level=info msg="Multicast Rummy.NoticePlayerState, Data=&{SeatId:2 PlayerState:1 PlayerInfo:{SeatPos:2 Nickname:GUEST_201 Sex:1 HeadUrl: Score:0 StarNum:0 IsBanker:false IsKing:false Sitdown:true LiXian:false Show:false IsSettle:false Coins:0}}" component=RummyGame
time="2020-04-10T20:08:04+08:00" level=info msg="Type=Push, ID=2, UID=204, Route=Rummy.NoticePlayerState, Data=223bytes" component=RummyGame
time="2020-04-10T20:08:04+08:00" level=info msg="agent  Push -- ip : Rummy.NoticePlayerState 192.168.0.107:3814" component=RummyGame
time="2020-04-10T20:08:04+08:00" level=info msg="Type=Push, ID=3, UID=200, Route=Rummy.NoticePlayerState, Data=223bytes" component=RummyGame
time="2020-04-10T20:08:04+08:00" level=info msg="agent  Push -- ip : Rummy.NoticePlayerState 192.168.0.107:3816" component=RummyGame
time="2020-04-10T20:08:04+08:00" level=info msg="Add session to group b0966eaa-ed13-4815-84b3-239638f53bc3, ID=4, UID=201" component=RummyGame
time="2020-04-10T20:08:04+08:00" level=info msg="agent.Response***************************** " component=RummyGame
time="2020-04-10T20:08:04+08:00" level=info msg="Type=Response, ID=4, UID=201, MID=2, Data=&{Success:true DeskInfo:{PointValue:100 DecksNum:2 MaxWining:40000 Maxlosing:8000 SettleCoins:0 GameState:1 GameStateTime:3 TotalStateTime:7 WildCard:0 ShowCard:0 PublicCard:0 CardsNum:106 OperSeatId:-1 BankerSeatId:0 KingSeatId:0 FirstSeatId:-1 UserSeatId:2 WinPlayerId:0 HandCard:[] PlayersInfo:[{SeatPos:2 Nickname:GUEST_201 Sex:1 HeadUrl: Score:0 StarNum:0 IsBanker:false IsKing:false Sitdown:true LiXian:false Show:false IsSettle:false Coins:127856} {SeatPos:0 Nickname:GUEST_204 Sex:1 HeadUrl: Score:0 StarNum:0 IsBanker:false IsKing:true Sitdown:true LiXian:false Show:false IsSettle:false Coins:255649} {SeatPos:1 Nickname:GUEST_200 Sex:1 HeadUrl: Score:0 StarNum:0 IsBanker:false IsKing:false Sitdown:true LiXian:false Show:false IsSettle:false Coins:429223}]} Code:0 Error:}" component=RummyGame
time="2020-04-10T20:08:07+08:00" level=info msg="游戏开始！//////////////////////////////////"
time="2020-04-10T20:08:07+08:00" level=info msg="发牌!/////////////////////////////////////"
time="2020-04-10T20:08:07+08:00" level=info msg="GUEST_200 玩家手牌：方块2方块11方块12梅花4梅花6梅花9梅花11红桃2红桃3红桃7红桃9黑桃8黑桃11"
time="2020-04-10T20:08:07+08:00" level=info msg="GUEST_201 玩家手牌：方块7方块13梅花5梅花12梅花12梅花1红桃5红桃10红桃12红桃1黑桃6黑桃13"
time="2020-04-10T20:08:07+08:00" level=info msg="GUEST_204 玩家手牌：方块2方块3方块4方块5方块6方块7方块8方块9方块10方块11方块12方块13方块1"
time="2020-04-10T20:08:07+08:00" level=info msg="庄家：GUEST_204"
time="2020-04-10T20:08:07+08:00" level=info msg="首家：GUEST_200"
time="2020-04-10T20:08:07+08:00" level=info msg="Type=Push, ID=2, UID=204, Route=Rummy.PushGameStrat, Data=&{PointValue:100 DecksNum:2 MaxWining:40000 Maxlosing:8000 SettleCoins:0 GameState:2 GameStateTime:0 TotalStateTime:9 WildCard:0 ShowCard:0 PublicCard:0 CardsNum:80 OperSeatId:1 BankerSeatId:0 KingSeatId:0 FirstSeatId:1 UserSeatId:0 WinPlayerId:0 HandCard:[{Cards:[2 3 4 5 6 7 8 9 10 11 12 13 1] Type:0 Point:0}] PlayersInfo:[{SeatPos:1 Nickname:GUEST_200 Sex:1 HeadUrl: Score:0 StarNum:0 IsBanker:false IsKing:false Sitdown:true LiXian:false Show:false IsSettle:false Coins:429223} {SeatPos:2 Nickname:GUEST_201 Sex:1 HeadUrl: Score:0 StarNum:0 IsBanker:false IsKing:false Sitdown:true LiXian:false Show:false IsSettle:false Coins:127856} {SeatPos:0 Nickname:GUEST_204 Sex:1 HeadUrl: Score:0 StarNum:0 IsBanker:false IsKing:true Sitdown:true LiXian:false Show:false IsSettle:false Coins:255649}]}" component=RummyGame
time="2020-04-10T20:08:07+08:00" level=info msg="agent  Push -- ip : Rummy.PushGameStrat 192.168.0.107:3814" component=RummyGame
time="2020-04-10T20:08:07+08:00" level=info msg="Type=Push, ID=3, UID=200, Route=Rummy.PushGameStrat, Data=&{PointValue:100 DecksNum:2 MaxWining:40000 Maxlosing:8000 SettleCoins:0 GameState:2 GameStateTime:0 TotalStateTime:9 WildCard:0 ShowCard:0 PublicCard:0 CardsNum:80 OperSeatId:1 BankerSeatId:0 KingSeatId:0 FirstSeatId:1 UserSeatId:1 WinPlayerId:0 HandCard:[{Cards:[2 11 12] Type:0 Point:0} {Cards:[20 22 25 27] Type:0 Point:0} {Cards:[34 35 39 41] Type:0 Point:0} {Cards:[56 59] Type:0 Point:0}] PlayersInfo:[{SeatPos:0 Nickname:GUEST_204 Sex:1 HeadUrl: Score:0 StarNum:0 IsBanker:false IsKing:true Sitdown:true LiXian:false Show:false IsSettle:false Coins:255649} {SeatPos:1 Nickname:GUEST_200 Sex:1 HeadUrl: Score:0 StarNum:0 IsBanker:false IsKing:false Sitdown:true LiXian:false Show:false IsSettle:false Coins:429223} {SeatPos:2 Nickname:GUEST_201 Sex:1 HeadUrl: Score:0 StarNum:0 IsBanker:false IsKing:false Sitdown:true LiXian:false Show:false IsSettle:false Coins:127856}]}" component=RummyGame
time="2020-04-10T20:08:07+08:00" level=info msg="agent  Push -- ip : Rummy.PushGameStrat 192.168.0.107:3816" component=RummyGame
time="2020-04-10T20:08:07+08:00" level=info msg="Type=Push, ID=4, UID=201, Route=Rummy.PushGameStrat, Data=&{PointValue:100 DecksNum:2 MaxWining:40000 Maxlosing:8000 SettleCoins:0 GameState:2 GameStateTime:0 TotalStateTime:9 WildCard:0 ShowCard:0 PublicCard:0 CardsNum:80 OperSeatId:1 BankerSeatId:0 KingSeatId:0 FirstSeatId:1 UserSeatId:2 WinPlayerId:0 HandCard:[{Cards:[7 13] Type:0 Point:0} {Cards:[21 28 28 17] Type:0 Point:0} {Cards:[37 42 44 33] Type:0 Point:0} {Cards:[54 61] Type:0 Point:0} {Cards:[65] Type:0 Point:0}] PlayersInfo:[{SeatPos:2 Nickname:GUEST_201 Sex:1 HeadUrl: Score:0 StarNum:0 IsBanker:false IsKing:false Sitdown:true LiXian:false Show:false IsSettle:false Coins:127856} {SeatPos:0 Nickname:GUEST_204 Sex:1 HeadUrl: Score:0 StarNum:0 IsBanker:false IsKing:true Sitdown:true LiXian:false Show:false IsSettle:false Coins:255649} {SeatPos:1 Nickname:GUEST_200 Sex:1 HeadUrl: Score:0 StarNum:0 IsBanker:false IsKing:false Sitdown:true LiXian:false Show:false IsSettle:false Coins:429223}]}" component=RummyGame
time="2020-04-10T20:08:07+08:00" level=info msg="agent  Push -- ip : Rummy.PushGameStrat 192.168.0.107:3832" component=RummyGame
time="2020-04-10T20:08:07+08:00" level=info msg="万能牌：红桃8"
time="2020-04-10T20:08:07+08:00" level=info msg="第一张公摊牌： 方块8"
time="2020-04-10T20:08:07+08:00" level=info msg="Broadcast Rummy.NoticeGameState, Data=&{GameState:2 Time:0 TotalTime:9 OperateId:0}" component=RummyGame
time="2020-04-10T20:08:07+08:00" level=info msg="Type=Push, ID=2, UID=204, Route=Rummy.NoticeGameState, Data=52bytes" component=RummyGame
time="2020-04-10T20:08:07+08:00" level=info msg="agent  Push -- ip : Rummy.NoticeGameState 192.168.0.107:3814" component=RummyGame
time="2020-04-10T20:08:07+08:00" level=info msg="Type=Push, ID=3, UID=200, Route=Rummy.NoticeGameState, Data=52bytes" component=RummyGame
time="2020-04-10T20:08:07+08:00" level=info msg="agent  Push -- ip : Rummy.NoticeGameState 192.168.0.107:3816" component=RummyGame
time="2020-04-10T20:08:07+08:00" level=info msg="Type=Push, ID=4, UID=201, Route=Rummy.NoticeGameState, Data=52bytes" component=RummyGame
time="2020-04-10T20:08:07+08:00" level=info msg="agent  Push -- ip : Rummy.NoticeGameState 192.168.0.107:3832" component=RummyGame
time="2020-04-10T20:08:07+08:00" level=info msg="Type=Push, ID=2, UID=204, Route=Rummy.PushSendCard, Data=&{HandCards:[2 3 4 5 6 7 8 9 10 11 12 13 1] WildCard:40 FristCard:8}" component=RummyGame
time="2020-04-10T20:08:07+08:00" level=info msg="agent  Push -- ip : Rummy.PushSendCard 192.168.0.107:3814" component=RummyGame
time="2020-04-10T20:08:07+08:00" level=info msg="Type=Push, ID=3, UID=200, Route=Rummy.PushSendCard, Data=&{HandCards:[2 11 12 20 22 25 27 34 35 39 41 56 59] WildCard:40 FristCard:8}" component=RummyGame
time="2020-04-10T20:08:07+08:00" level=info msg="agent  Push -- ip : Rummy.PushSendCard 192.168.0.107:3816" component=RummyGame
time="2020-04-10T20:08:07+08:00" level=info msg="Type=Push, ID=4, UID=201, Route=Rummy.PushSendCard, Data=&{HandCards:[7 13 21 28 28 17 37 42 44 33 54 61 65] WildCard:40 FristCard:8}" component=RummyGame
time="2020-04-10T20:08:07+08:00" level=info msg="agent  Push -- ip : Rummy.PushSendCard 192.168.0.107:3832" component=RummyGame
time="2020-04-10T20:08:16+08:00" level=info msg="Broadcast Rummy.NoticeGameState, Data=&{GameState:3 Time:30 TotalTime:30 OperateId:1}" component=RummyGame
time="2020-04-10T20:08:16+08:00" level=info msg="Type=Push, ID=4, UID=201, Route=Rummy.NoticeGameState, Data=54bytes" component=RummyGame
time="2020-04-10T20:08:16+08:00" level=info msg="agent  Push -- ip : Rummy.NoticeGameState 192.168.0.107:3832" component=RummyGame
time="2020-04-10T20:08:16+08:00" level=info msg="Type=Push, ID=2, UID=204, Route=Rummy.NoticeGameState, Data=54bytes" component=RummyGame
time="2020-04-10T20:08:16+08:00" level=info msg="agent  Push -- ip : Rummy.NoticeGameState 192.168.0.107:3814" component=RummyGame
time="2020-04-10T20:08:16+08:00" level=info msg="Type=Push, ID=3, UID=200, Route=Rummy.NoticeGameState, Data=54bytes" component=RummyGame
time="2020-04-10T20:08:16+08:00" level=info msg="agent  Push -- ip : Rummy.NoticeGameState 192.168.0.107:3816" component=RummyGame
time="2020-04-10T20:08:16+08:00" level=info msg="Broadcast Rummy.PushRoundInfo, Data=&{GiveUpCoins:2000}" component=RummyGame
time="2020-04-10T20:08:16+08:00" level=info msg="Type=Push, ID=2, UID=204, Route=Rummy.PushRoundInfo, Data=20bytes" component=RummyGame
time="2020-04-10T20:08:16+08:00" level=info msg="agent  Push -- ip : Rummy.PushRoundInfo 192.168.0.107:3814" component=RummyGame
time="2020-04-10T20:08:16+08:00" level=info msg="Type=Push, ID=3, UID=200, Route=Rummy.PushRoundInfo, Data=20bytes" component=RummyGame
time="2020-04-10T20:08:16+08:00" level=info msg="agent  Push -- ip : Rummy.PushRoundInfo 192.168.0.107:3816" component=RummyGame
time="2020-04-10T20:08:16+08:00" level=info msg="Type=Push, ID=4, UID=201, Route=Rummy.PushRoundInfo, Data=20bytes" component=RummyGame
time="2020-04-10T20:08:16+08:00" level=info msg="agent  Push -- ip : Rummy.PushRoundInfo 192.168.0.107:3832" component=RummyGame
time="2020-04-10T20:08:16+08:00" level=info msg="当前轮到： GUEST_200"
time="2020-04-10T20:08:16+08:00" level=info msg="UID=204, Message={Request TRDeskManager.ShowCard (67bytes)}, Data=&{CardsSets:[{Cards:[1 2 3 4 5 6 7 8 9 10 11 12 13] Type:0 Point:0}] Phase:0}" component=RummyGame
time="2020-04-10T20:08:16+08:00" level=info msg="localProcess service: TRDeskManager" component=RummyGame
time="2020-04-10T20:08:16+08:00" level=info msg="收到组牌请求 &{[{[1 2 3 4 5 6 7 8 9 10 11 12 13] 0 0}] 0}" component=game
time="2020-04-10T20:08:16+08:00" level=info msg="整理牌请求：&{[{[1 2 3 4 5 6 7 8 9 10 11 12 13] 0 0}] 0} "
time="2020-04-10T20:08:16+08:00" level=info msg="整理牌应答：{true [{[1 2 3 4 5 6 7 8 9 10 11 12 13] 7 0}] 0 true 0 } "
time="2020-04-10T20:08:16+08:00" level=info msg="agent.Response***************************** " component=RummyGame
time="2020-04-10T20:08:16+08:00" level=info msg="Type=Response, ID=2, UID=204, MID=3, Data=&{Success:true CardsSets:[{Cards:[1 2 3 4 5 6 7 8 9 10 11 12 13] Type:7 Point:0}] TotalPoint:0 IsHu:true Phase:0 Error:}" component=RummyGame
time="2020-04-10T20:08:16+08:00" level=info msg="UID=204, Message={Request TRDeskManager.OutCardRecord (2bytes)}, Data=&{}" component=RummyGame
time="2020-04-10T20:08:16+08:00" level=info msg="localProcess service: TRDeskManager" component=RummyGame
time="2020-04-10T20:08:16+08:00" level=info msg="收到出牌记录请求 &{}" component=game
time="2020-04-10T20:08:16+08:00" level=info msg="agent.Response***************************** " component=RummyGame
time="2020-04-10T20:08:16+08:00" level=info msg="Type=Response, ID=2, UID=204, MID=4, Data=&{Success:true CardRecord:[[8] [] [8] []]}" component=RummyGame
time="2020-04-10T20:08:16+08:00" level=info msg="UID=200, Message={Request TRDeskManager.ShowCard (111bytes)}, Data=&{CardsSets:[{Cards:[56 59] Type:0 Point:0} {Cards:[34 35 39 41] Type:0 Point:0} {Cards:[20 22 25 27] Type:0 Point:0} {Cards:[2 11 12] Type:0 Point:0}] Phase:0}" component=RummyGame
time="2020-04-10T20:08:16+08:00" level=info msg="localProcess service: TRDeskManager" component=RummyGame
time="2020-04-10T20:08:16+08:00" level=info msg="收到组牌请求 &{[{[56 59] 0 0} {[34 35 39 41] 0 0} {[20 22 25 27] 0 0} {[2 11 12] 0 0}] 0}" component=game
time="2020-04-10T20:08:16+08:00" level=info msg="整理牌请求：&{[{[56 59] 0 0} {[34 35 39 41] 0 0} {[20 22 25 27] 0 0} {[2 11 12] 0 0}] 0} "
time="2020-04-10T20:08:16+08:00" level=info msg="整理牌应答：{true [{[56 59] 1 18} {[34 35 39 41] 1 21} {[20 22 25 27] 1 29} {[2 11 12] 1 22}] 80 false 0 } "
time="2020-04-10T20:08:16+08:00" level=info msg="agent.Response***************************** " component=RummyGame
time="2020-04-10T20:08:16+08:00" level=info msg="Type=Response, ID=3, UID=200, MID=3, Data=&{Success:true CardsSets:[{Cards:[56 59] Type:1 Point:18} {Cards:[34 35 39 41] Type:1 Point:21} {Cards:[20 22 25 27] Type:1 Point:29} {Cards:[2 11 12] Type:1 Point:22}] TotalPoint:80 IsHu:false Phase:0 Error:}" component=RummyGame
time="2020-04-10T20:08:16+08:00" level=info msg="UID=200, Message={Request TRDeskManager.OutCardRecord (2bytes)}, Data=&{}" component=RummyGame
time="2020-04-10T20:08:16+08:00" level=info msg="localProcess service: TRDeskManager" component=RummyGame
time="2020-04-10T20:08:16+08:00" level=info msg="收到出牌记录请求 &{}" component=game
time="2020-04-10T20:08:16+08:00" level=info msg="agent.Response***************************** " component=RummyGame
time="2020-04-10T20:08:16+08:00" level=info msg="Type=Response, ID=3, UID=200, MID=4, Data=&{Success:true CardRecord:[[8] [] [8] []]}" component=RummyGame
time="2020-04-10T20:08:16+08:00" level=info msg="UID=201, Message={Request TRDeskManager.ShowCard (123bytes)}, Data=&{CardsSets:[{Cards:[54 61] Type:0 Point:0} {Cards:[33 37 42 44] Type:0 Point:0} {Cards:[17 21 28 28] Type:0 Point:0} {Cards:[7 13] Type:0 Point:0} {Cards:[65] Type:0 Point:0}] Phase:0}" component=RummyGame
time="2020-04-10T20:08:16+08:00" level=info msg="localProcess service: TRDeskManager" component=RummyGame
time="2020-04-10T20:08:16+08:00" level=info msg="收到组牌请求 &{[{[54 61] 0 0} {[33 37 42 44] 0 0} {[17 21 28 28] 0 0} {[7 13] 0 0} {[65] 0 0}] 0}" component=game
time="2020-04-10T20:08:16+08:00" level=info msg="整理牌请求：&{[{[54 61] 0 0} {[33 37 42 44] 0 0} {[17 21 28 28] 0 0} {[7 13] 0 0} {[65] 0 0}] 0} "
time="2020-04-10T20:08:16+08:00" level=info msg="整理牌应答：{true [{[54 61] 1 16} {[33 37 42 44] 1 35} {[17 21 28 28] 1 35} {[7 13] 1 17} {[65] 1 0}] 80 false 0 } "
time="2020-04-10T20:08:16+08:00" level=info msg="agent.Response***************************** " component=RummyGame
time="2020-04-10T20:08:16+08:00" level=info msg="Type=Response, ID=4, UID=201, MID=3, Data=&{Success:true CardsSets:[{Cards:[54 61] Type:1 Point:16} {Cards:[33 37 42 44] Type:1 Point:35} {Cards:[17 21 28 28] Type:1 Point:35} {Cards:[7 13] Type:1 Point:17} {Cards:[65] Type:1 Point:0}] TotalPoint:80 IsHu:false Phase:0 Error:}" component=RummyGame
time="2020-04-10T20:08:16+08:00" level=info msg="UID=201, Message={Request TRDeskManager.OutCardRecord (2bytes)}, Data=&{}" component=RummyGame
time="2020-04-10T20:08:16+08:00" level=info msg="localProcess service: TRDeskManager" component=RummyGame
time="2020-04-10T20:08:16+08:00" level=info msg="收到出牌记录请求 &{}" component=game
time="2020-04-10T20:08:16+08:00" level=info msg="agent.Response***************************** " component=RummyGame
time="2020-04-10T20:08:16+08:00" level=info msg="Type=Response, ID=4, UID=201, MID=4, Data=&{Success:true CardRecord:[[8] [] [8] []]}" component=RummyGame
time="2020-04-10T20:08:18+08:00" level=info msg="UID=201, Message={Request TRDeskManager.ExitDesk (10bytes)}, Data=&{Type:2}" component=RummyGame
time="2020-04-10T20:08:18+08:00" level=info msg="localProcess service: TRDeskManager" component=RummyGame
time="2020-04-10T20:08:18+08:00" level=info msg="收到退出请求 &{2}" component=game
time="2020-04-10T20:08:18+08:00" level=info msg="agent.Response***************************** " component=RummyGame
time="2020-04-10T20:08:18+08:00" level=info msg="Type=Response, ID=4, UID=201, MID=5, Data=&{Success:true Type:2}" component=RummyGame
time="2020-04-10T20:08:18+08:00" level=info msg="[{{<nil> 7 方块7}} {{<nil> 13 方块13}} {{<nil> 21 梅花5}} {{<nil> 28 梅花12}} {{<nil> 28 梅花12}} {{<nil> 17 梅花1}} {{<nil> 37 红桃5}} {{<nil> 42 红桃10}} {{<nil> 44 红桃12}} {{<nil> 33 红桃1}} {{<nil> 54 黑桃6}} {{<nil> 61 黑桃13}} {{<nil> 65 }}] [{{<nil> 7 方块7}} {{<nil> 13 方块13}} {{<nil> 21 梅花5}} {{<nil> 28 梅花12}} {{<nil> 28 梅花12}} {{<nil> 17 梅花1}} {{<nil> 37 红桃5}} {{<nil> 42 红桃10}} {{<nil> 44 红桃12}} {{<nil> 33 红桃1}} {{<nil> 54 黑桃6}} {{<nil> 61 黑桃13}} {{<nil> 65 1}}]"
time="2020-04-10T20:08:18+08:00" level=info msg="广播玩家弃牌!!!!!!!!!!"
time="2020-04-10T20:08:18+08:00" level=info msg="Multicast Rummy.NoticeGiveUp, Data=&{SeatId:2 LosingCoins:2000 SettleCoins:2000 Point:20 IsShow:true}" component=RummyGame
time="2020-04-10T20:08:18+08:00" level=info msg="Type=Push, ID=2, UID=204, Route=Rummy.NoticeGiveUp, Data=75bytes" component=RummyGame
time="2020-04-10T20:08:18+08:00" level=info msg="agent  Push -- ip : Rummy.NoticeGiveUp 192.168.0.107:3814" component=RummyGame
time="2020-04-10T20:08:18+08:00" level=info msg="Type=Push, ID=3, UID=200, Route=Rummy.NoticeGiveUp, Data=75bytes" component=RummyGame
time="2020-04-10T20:08:18+08:00" level=info msg="agent  Push -- ip : Rummy.NoticeGiveUp 192.168.0.107:3816" component=RummyGame
time="2020-04-10T20:08:18+08:00" level=info msg="Remove session from group b0966eaa-ed13-4815-84b3-239638f53bc3, UID=201" component=RummyGame
time="2020-04-10T20:08:18+08:00" level=info msg="Broadcast Rummy.NoticePlayerState, Data=&{SeatId:2 PlayerState:2 PlayerInfo:{SeatPos:0 Nickname: Sex:0 HeadUrl: Score:0 StarNum:0 IsBanker:false IsKing:false Sitdown:false LiXian:false Show:false IsSettle:false Coins:0}}" component=RummyGame
time="2020-04-10T20:08:18+08:00" level=info msg="Type=Push, ID=2, UID=204, Route=Rummy.NoticePlayerState, Data=215bytes" component=RummyGame
time="2020-04-10T20:08:18+08:00" level=info msg="agent  Push -- ip : Rummy.NoticePlayerState 192.168.0.107:3814" component=RummyGame
time="2020-04-10T20:08:18+08:00" level=info msg="Type=Push, ID=3, UID=200, Route=Rummy.NoticePlayerState, Data=215bytes" component=RummyGame
time="2020-04-10T20:08:18+08:00" level=info msg="agent  Push -- ip : Rummy.NoticePlayerState 192.168.0.107:3816" component=RummyGame
time="2020-04-10T20:08:18+08:00" level=info msg="UID=201, Message={Request TRDeskManager.JoinDesk (34bytes)}, Data=&{Uid:201 NickName:GUEST_201}" component=RummyGame
time="2020-04-10T20:08:18+08:00" level=info msg="localProcess service: TRDeskManager" component=RummyGame
time="2020-04-10T20:08:18+08:00" level=info msg="收到加入桌子请求 &{201 GUEST_201}" component=game
time="2020-04-10T20:08:27+08:00" level=info msg="Broadcast Rummy.NoticeGameState, Data=&{GameState:3 Time:30 TotalTime:30 OperateId:1}" component=RummyGame
time="2020-04-10T20:08:27+08:00" level=info msg="Type=Push, ID=2, UID=204, Route=Rummy.NoticeGameState, Data=54bytes" component=RummyGame
time="2020-04-10T20:08:27+08:00" level=info msg="agent  Push -- ip : Rummy.NoticeGameState 192.168.0.107:3814" component=RummyGame
time="2020-04-10T20:08:27+08:00" level=info msg="UID=200, Message={Request TRDeskManager.OperCard (14bytes)}, Data=&{Opertion:2 OperCard:0}" component=RummyGame
time="2020-04-10T20:08:27+08:00" level=info msg="Type=Push, ID=3, UID=200, Route=Rummy.NoticeGameState, Data=54bytes" component=RummyGame
time="2020-04-10T20:08:27+08:00" level=info msg="localProcess service: TRDeskManager" component=RummyGame
time="2020-04-10T20:08:27+08:00" level=info msg="agent  Push -- ip : Rummy.NoticeGameState 192.168.0.107:3816" component=RummyGame
time="2020-04-10T20:08:27+08:00" level=info msg="Type=Push, ID=3, UID=200, Route=Rummy.PushRoundInfo, Data=&{GiveUpCoins:4000}" component=RummyGame
time="2020-04-10T20:08:27+08:00" level=info msg="new desk: 688516" component=game
time="2020-04-10T20:08:27+08:00" level=info msg="GUEST_201 加入房间！"
time="2020-04-10T20:08:27+08:00" level=info msg="agent  Push -- ip : Rummy.PushRoundInfo 192.168.0.107:3816" component=RummyGame
time="2020-04-10T20:08:27+08:00" level=info msg="Multicast Rummy.NoticePlayerState, Data=&{SeatId:0 PlayerState:1 PlayerInfo:{SeatPos:0 Nickname:GUEST_201 Sex:1 HeadUrl: Score:0 StarNum:0 IsBanker:false IsKing:false Sitdown:true LiXian:false Show:false IsSettle:false Coins:0}}" component=RummyGame
time="2020-04-10T20:08:27+08:00" level=info msg="Add session to group 29125311-0081-4ddf-84d8-a5e462d77493, ID=4, UID=201" component=RummyGame
time="2020-04-10T20:08:27+08:00" level=info msg="agent.Response***************************** " component=RummyGame
time="2020-04-10T20:08:27+08:00" level=info msg="当前轮到： GUEST_200"
time="2020-04-10T20:08:27+08:00" level=info msg="Type=Response, ID=4, UID=201, MID=6, Data=&{Success:true DeskInfo:{PointValue:100 DecksNum:2 MaxWining:40000 Maxlosing:8000 SettleCoins:0 GameState:0 GameStateTime:0 TotalStateTime:0 WildCard:0 ShowCard:0 PublicCard:0 CardsNum:106 OperSeatId:-1 BankerSeatId:0 KingSeatId:0 FirstSeatId:-1 UserSeatId:0 WinPlayerId:0 HandCard:[] PlayersInfo:[{SeatPos:0 Nickname:GUEST_201 Sex:1 HeadUrl: Score:0 StarNum:0 IsBanker:false IsKing:true Sitdown:true LiXian:false Show:false IsSettle:false Coins:125856}]} Code:0 Error:}" component=RummyGame
time="2020-04-10T20:08:27+08:00" level=info msg="收到操作请求 &{2 0}" component=game
time="2020-04-10T20:08:27+08:00" level=info msg="玩家：GUEST_200,操作：2,牌: 57\n"
time="2020-04-10T20:08:27+08:00" level=info msg="agent.Response***************************** " component=RummyGame
time="2020-04-10T20:08:27+08:00" level=info msg="Type=Response, ID=3, UID=200, MID=5, Data=&{Opertion:2 OperCard:57 PublicCard:8 CardsNum:77 Error:}" component=RummyGame
time="2020-04-10T20:08:27+08:00" level=info msg="Multicast Rummy.NoticeGameOperCard, Data=&{SeatId:1 Opertion:2 OperCard:0 PublicCard:8 ShowCard:0 CardsNum:77}" component=RummyGame
time="2020-04-10T20:08:27+08:00" level=info msg="Type=Push, ID=2, UID=204, Route=Rummy.NoticeGameOperCard, Data=80bytes" component=RummyGame
time="2020-04-10T20:08:27+08:00" level=info msg="agent  Push -- ip : Rummy.NoticeGameOperCard 192.168.0.107:3814" component=RummyGame
time="2020-04-10T20:08:28+08:00" level=info msg="UID=200, Message={Request TRDeskManager.ShowCard (206bytes)}, Data=&{CardsSets:[{Cards:[56 59] Type:1 Point:18} {Cards:[34 35 39 41] Type:1 Point:21} {Cards:[20 22 25 27] Type:1 Point:29} {Cards:[2 11 12] Type:1 Point:22} {Cards:[57] Type:0 Point:0}] Phase:0}" component=RummyGame
time="2020-04-10T20:08:28+08:00" level=info msg="localProcess service: TRDeskManager" component=RummyGame
time="2020-04-10T20:08:28+08:00" level=info msg="收到组牌请求 &{[{[56 59] 1 18} {[34 35 39 41] 1 21} {[20 22 25 27] 1 29} {[2 11 12] 1 22} {[57] 0 0}] 0}" component=game
time="2020-04-10T20:08:28+08:00" level=info msg="整理牌请求：&{[{[56 59] 1 18} {[34 35 39 41] 1 21} {[20 22 25 27] 1 29} {[2 11 12] 1 22} {[57] 0 0}] 0} "
time="2020-04-10T20:08:28+08:00" level=info msg="整理牌应答：{true [{[56 59] 1 18} {[34 35 39 41] 1 21} {[20 22 25 27] 1 29} {[2 11 12] 1 22} {[57] 1 9}] 80 false 0 } "
time="2020-04-10T20:08:28+08:00" level=info msg="agent.Response***************************** " component=RummyGame
time="2020-04-10T20:08:28+08:00" level=info msg="Type=Response, ID=3, UID=200, MID=6, Data=&{Success:true CardsSets:[{Cards:[56 59] Type:1 Point:18} {Cards:[34 35 39 41] Type:1 Point:21} {Cards:[20 22 25 27] Type:1 Point:29} {Cards:[2 11 12] Type:1 Point:22} {Cards:[57] Type:1 Point:9}] TotalPoint:80 IsHu:false Phase:0 Error:}" component=RummyGame
time="2020-04-10T20:08:30+08:00" level=info msg="UID=200, Message={Request TRDeskManager.ShowCard (191bytes)}, Data=&{CardsSets:[{Cards:[56 59] Type:1 Point:18} {Cards:[34 35 39 41] Type:1 Point:21} {Cards:[20 22 25 27] Type:1 Point:29} {Cards:[2 11 12] Type:1 Point:22}] Phase:1}" component=RummyGame
time="2020-04-10T20:08:30+08:00" level=info msg="localProcess service: TRDeskManager" component=RummyGame
time="2020-04-10T20:08:30+08:00" level=info msg="收到组牌请求 &{[{[56 59] 1 18} {[34 35 39 41] 1 21} {[20 22 25 27] 1 29} {[2 11 12] 1 22}] 1}" component=game
time="2020-04-10T20:08:30+08:00" level=info msg="整理牌请求：&{[{[56 59] 1 18} {[34 35 39 41] 1 21} {[20 22 25 27] 1 29} {[2 11 12] 1 22}] 1} "
time="2020-04-10T20:08:30+08:00" level=info msg="整理牌应答：{true [{[56 59] 1 18} {[34 35 39 41] 1 21} {[20 22 25 27] 1 29} {[2 11 12] 1 22}] 80 false 1 } "
time="2020-04-10T20:08:30+08:00" level=info msg="agent.Response***************************** " component=RummyGame
time="2020-04-10T20:08:30+08:00" level=info msg="Type=Response, ID=3, UID=200, MID=7, Data=&{Success:true CardsSets:[{Cards:[56 59] Type:1 Point:18} {Cards:[34 35 39 41] Type:1 Point:21} {Cards:[20 22 25 27] Type:1 Point:29} {Cards:[2 11 12] Type:1 Point:22}] TotalPoint:80 IsHu:false Phase:1 Error:}" component=RummyGame
time="2020-04-10T20:08:30+08:00" level=info msg="UID=200, Message={Request TRDeskManager.OperCard (28bytes)}, Data=&{Opertion:3 OperCard:57}" component=RummyGame
time="2020-04-10T20:08:30+08:00" level=info msg="localProcess service: TRDeskManager" component=RummyGame
time="2020-04-10T20:08:30+08:00" level=info msg="收到操作请求 &{3 57}" component=game
time="2020-04-10T20:08:30+08:00" level=info msg="玩家：GUEST_200,操作：3,牌: 57\n"
time="2020-04-10T20:08:30+08:00" level=info msg="agent.Response***************************** " component=RummyGame
time="2020-04-10T20:08:30+08:00" level=info msg="Type=Response, ID=3, UID=200, MID=8, Data=&{Opertion:3 OperCard:57 PublicCard:57 CardsNum:77 Error:}" component=RummyGame
time="2020-04-10T20:08:30+08:00" level=info msg="Multicast Rummy.NoticeGameOperCard, Data=&{SeatId:1 Opertion:3 OperCard:57 PublicCard:57 ShowCard:0 CardsNum:77}" component=RummyGame
time="2020-04-10T20:08:30+08:00" level=info msg="Type=Push, ID=2, UID=204, Route=Rummy.NoticeGameOperCard, Data=82bytes" component=RummyGame
time="2020-04-10T20:08:30+08:00" level=info msg="agent  Push -- ip : Rummy.NoticeGameOperCard 192.168.0.107:3814" component=RummyGame
time="2020-04-10T20:08:30+08:00" level=info msg="UID=200, Message={Request TRDeskManager.OutCardRecord (2bytes)}, Data=&{}" component=RummyGame
time="2020-04-10T20:08:30+08:00" level=info msg="localProcess service: TRDeskManager" component=RummyGame
time="2020-04-10T20:08:30+08:00" level=info msg="收到出牌记录请求 &{}" component=game
time="2020-04-10T20:08:30+08:00" level=info msg="agent.Response***************************** " component=RummyGame
time="2020-04-10T20:08:30+08:00" level=info msg="Type=Response, ID=3, UID=200, MID=9, Data=&{Success:true CardRecord:[[8] [] [8] [9]]}" component=RummyGame
time="2020-04-10T20:08:30+08:00" level=info msg="UID=200, Message={Request TRDeskManager.ShowCard (191bytes)}, Data=&{CardsSets:[{Cards:[56 59] Type:1 Point:18} {Cards:[34 35 39 41] Type:1 Point:21} {Cards:[20 22 25 27] Type:1 Point:29} {Cards:[2 11 12] Type:1 Point:22}] Phase:0}" component=RummyGame
time="2020-04-10T20:08:30+08:00" level=info msg="localProcess service: TRDeskManager" component=RummyGame
time="2020-04-10T20:08:30+08:00" level=info msg="收到组牌请求 &{[{[56 59] 1 18} {[34 35 39 41] 1 21} {[20 22 25 27] 1 29} {[2 11 12] 1 22}] 0}" component=game
time="2020-04-10T20:08:30+08:00" level=info msg="整理牌请求：&{[{[56 59] 1 18} {[34 35 39 41] 1 21} {[20 22 25 27] 1 29} {[2 11 12] 1 22}] 0} "
time="2020-04-10T20:08:30+08:00" level=info msg="整理牌应答：{true [{[56 59] 1 18} {[34 35 39 41] 1 21} {[20 22 25 27] 1 29} {[2 11 12] 1 22}] 80 false 0 } "
time="2020-04-10T20:08:30+08:00" level=info msg="agent.Response***************************** " component=RummyGame
time="2020-04-10T20:08:30+08:00" level=info msg="Type=Response, ID=3, UID=200, MID=10, Data=&{Success:true CardsSets:[{Cards:[56 59] Type:1 Point:18} {Cards:[34 35 39 41] Type:1 Point:21} {Cards:[20 22 25 27] Type:1 Point:29} {Cards:[2 11 12] Type:1 Point:22}] TotalPoint:80 IsHu:false Phase:0 Error:}" component=RummyGame
time="2020-04-10T20:08:30+08:00" level=info msg="UID=204, Message={Request TRDeskManager.OutCardRecord (2bytes)}, Data=&{}" component=RummyGame
time="2020-04-10T20:08:30+08:00" level=info msg="localProcess service: TRDeskManager" component=RummyGame
time="2020-04-10T20:08:30+08:00" level=info msg="收到出牌记录请求 &{}" component=game
time="2020-04-10T20:08:30+08:00" level=info msg="agent.Response***************************** " component=RummyGame
time="2020-04-10T20:08:30+08:00" level=info msg="Type=Response, ID=2, UID=204, MID=5, Data=&{Success:true CardRecord:[[8] [] [8] [9]]}" component=RummyGame
time="2020-04-10T20:08:30+08:00" level=info msg="Broadcast Rummy.NoticeGameState, Data=&{GameState:3 Time:30 TotalTime:30 OperateId:0}" component=RummyGame
time="2020-04-10T20:08:30+08:00" level=info msg="Type=Push, ID=2, UID=204, Route=Rummy.NoticeGameState, Data=54bytes" component=RummyGame
time="2020-04-10T20:08:30+08:00" level=info msg="agent  Push -- ip : Rummy.NoticeGameState 192.168.0.107:3814" component=RummyGame
time="2020-04-10T20:08:30+08:00" level=info msg="Type=Push, ID=3, UID=200, Route=Rummy.NoticeGameState, Data=54bytes" component=RummyGame
time="2020-04-10T20:08:30+08:00" level=info msg="agent  Push -- ip : Rummy.NoticeGameState 192.168.0.107:3816" component=RummyGame
time="2020-04-10T20:08:30+08:00" level=info msg="Type=Push, ID=2, UID=204, Route=Rummy.PushRoundInfo, Data=&{GiveUpCoins:4000}" component=RummyGame
time="2020-04-10T20:08:30+08:00" level=info msg="agent  Push -- ip : Rummy.PushRoundInfo 192.168.0.107:3814" component=RummyGame
time="2020-04-10T20:08:30+08:00" level=info msg="当前轮到： GUEST_204"
time="2020-04-10T20:08:30+08:00" level=info msg="UID=200, Message={Request TRDeskManager.OutCardRecord (2bytes)}, Data=&{}" component=RummyGame
time="2020-04-10T20:08:30+08:00" level=info msg="localProcess service: TRDeskManager" component=RummyGame
time="2020-04-10T20:08:30+08:00" level=info msg="收到出牌记录请求 &{}" component=game
time="2020-04-10T20:08:30+08:00" level=info msg="agent.Response***************************** " component=RummyGame
time="2020-04-10T20:08:30+08:00" level=info msg="Type=Response, ID=3, UID=200, MID=11, Data=&{Success:true CardRecord:[[8] [] [8] [9]]}" component=RummyGame
time="2020-04-10T20:08:31+08:00" level=info msg="UID=204, Message={Request TRDeskManager.OutCardRecord (2bytes)}, Data=&{}" component=RummyGame
time="2020-04-10T20:08:31+08:00" level=info msg="localProcess service: TRDeskManager" component=RummyGame
time="2020-04-10T20:08:31+08:00" level=info msg="收到出牌记录请求 &{}" component=game
time="2020-04-10T20:08:31+08:00" level=info msg="agent.Response***************************** " component=RummyGame
time="2020-04-10T20:08:31+08:00" level=info msg="Type=Response, ID=2, UID=204, MID=6, Data=&{Success:true CardRecord:[[8] [] [8] [9]]}" component=RummyGame
time="2020-04-10T20:08:32+08:00" level=info msg="UID=204, Message={Request TRDeskManager.OperCard (14bytes)}, Data=&{Opertion:2 OperCard:0}" component=RummyGame
time="2020-04-10T20:08:32+08:00" level=info msg="localProcess service: TRDeskManager" component=RummyGame
time="2020-04-10T20:08:32+08:00" level=info msg="收到操作请求 &{2 0}" component=game
time="2020-04-10T20:08:32+08:00" level=info msg="玩家：GUEST_204,操作：2,牌: 9\n"
time="2020-04-10T20:08:32+08:00" level=info msg="agent.Response***************************** " component=RummyGame
time="2020-04-10T20:08:32+08:00" level=info msg="Type=Response, ID=2, UID=204, MID=7, Data=&{Opertion:2 OperCard:9 PublicCard:57 CardsNum:76 Error:}" component=RummyGame
time="2020-04-10T20:08:32+08:00" level=info msg="Multicast Rummy.NoticeGameOperCard, Data=&{SeatId:0 Opertion:2 OperCard:0 PublicCard:57 ShowCard:0 CardsNum:76}" component=RummyGame
time="2020-04-10T20:08:32+08:00" level=info msg="Type=Push, ID=3, UID=200, Route=Rummy.NoticeGameOperCard, Data=81bytes" component=RummyGame
time="2020-04-10T20:08:32+08:00" level=info msg="agent  Push -- ip : Rummy.NoticeGameOperCard 192.168.0.107:3816" component=RummyGame
time="2020-04-10T20:08:32+08:00" level=info msg="UID=204, Message={Request TRDeskManager.ShowCard (100bytes)}, Data=&{CardsSets:[{Cards:[1 2 3 4 5 6 7 8 9 10 11 12 13] Type:7 Point:0} {Cards:[9] Type:0 Point:0}] Phase:0}" component=RummyGame
time="2020-04-10T20:08:32+08:00" level=info msg="localProcess service: TRDeskManager" component=RummyGame
time="2020-04-10T20:08:32+08:00" level=info msg="收到组牌请求 &{[{[1 2 3 4 5 6 7 8 9 10 11 12 13] 7 0} {[9] 0 0}] 0}" component=game
time="2020-04-10T20:08:32+08:00" level=info msg="整理牌请求：&{[{[1 2 3 4 5 6 7 8 9 10 11 12 13] 7 0} {[9] 0 0}] 0} "
time="2020-04-10T20:08:32+08:00" level=info msg="整理牌应答：{true [{[1 2 3 4 5 6 7 8 9 10 11 12 13] 7 0} {[9] 1 9}] 9 false 0 } "
time="2020-04-10T20:08:32+08:00" level=info msg="agent.Response***************************** " component=RummyGame
time="2020-04-10T20:08:32+08:00" level=info msg="Type=Response, ID=2, UID=204, MID=8, Data=&{Success:true CardsSets:[{Cards:[1 2 3 4 5 6 7 8 9 10 11 12 13] Type:7 Point:0} {Cards:[9] Type:1 Point:9}] TotalPoint:9 IsHu:false Phase:0 Error:}" component=RummyGame
time="2020-04-10T20:08:35+08:00" level=info msg="UID=204, Message={Request TRDeskManager.ShowCard (86bytes)}, Data=&{CardsSets:[{Cards:[1 2 3 4 5 6 7 8 9 10 11 12 13] Type:7 Point:0}] Phase:1}" component=RummyGame
time="2020-04-10T20:08:35+08:00" level=info msg="localProcess service: TRDeskManager" component=RummyGame
time="2020-04-10T20:08:35+08:00" level=info msg="收到组牌请求 &{[{[1 2 3 4 5 6 7 8 9 10 11 12 13] 7 0}] 1}" component=game
time="2020-04-10T20:08:35+08:00" level=info msg="整理牌请求：&{[{[1 2 3 4 5 6 7 8 9 10 11 12 13] 7 0}] 1} "
time="2020-04-10T20:08:35+08:00" level=info msg="整理牌应答：{true [{[1 2 3 4 5 6 7 8 9 10 11 12 13] 7 0}] 0 true 1 } "
time="2020-04-10T20:08:35+08:00" level=info msg="agent.Response***************************** " component=RummyGame
time="2020-04-10T20:08:35+08:00" level=info msg="Type=Response, ID=2, UID=204, MID=9, Data=&{Success:true CardsSets:[{Cards:[1 2 3 4 5 6 7 8 9 10 11 12 13] Type:7 Point:0}] TotalPoint:0 IsHu:true Phase:1 Error:}" component=RummyGame
time="2020-04-10T20:08:35+08:00" level=info msg="UID=204, Message={Request TRDeskManager.OperCard (27bytes)}, Data=&{Opertion:4 OperCard:9}" component=RummyGame
time="2020-04-10T20:08:35+08:00" level=info msg="localProcess service: TRDeskManager" component=RummyGame
time="2020-04-10T20:08:35+08:00" level=info msg="收到操作请求 &{4 9}" component=game
time="2020-04-10T20:08:35+08:00" level=info msg="玩家：GUEST_204,操作：4,牌: 9\n"
time="2020-04-10T20:08:35+08:00" level=info msg="agent.Response***************************** " component=RummyGame
time="2020-04-10T20:08:35+08:00" level=info msg="Type=Response, ID=2, UID=204, MID=10, Data=&{Opertion:4 OperCard:9 PublicCard:57 CardsNum:76 Error:}" component=RummyGame
time="2020-04-10T20:08:35+08:00" level=info msg="Multicast Rummy.NoticeGameOperCard, Data=&{SeatId:0 Opertion:4 OperCard:9 PublicCard:57 ShowCard:0 CardsNum:76}" component=RummyGame
time="2020-04-10T20:08:35+08:00" level=info msg="Type=Push, ID=3, UID=200, Route=Rummy.NoticeGameOperCard, Data=81bytes" component=RummyGame
time="2020-04-10T20:08:35+08:00" level=info msg="agent  Push -- ip : Rummy.NoticeGameOperCard 192.168.0.107:3816" component=RummyGame
time="2020-04-10T20:08:35+08:00" level=info msg="UID=204, Message={Request TRDeskManager.ShowCard (86bytes)}, Data=&{CardsSets:[{Cards:[1 2 3 4 5 6 7 8 9 10 11 12 13] Type:7 Point:0}] Phase:2}" component=RummyGame
time="2020-04-10T20:08:35+08:00" level=info msg="localProcess service: TRDeskManager" component=RummyGame
time="2020-04-10T20:08:35+08:00" level=info msg="收到组牌请求 &{[{[1 2 3 4 5 6 7 8 9 10 11 12 13] 7 0}] 2}" component=game
time="2020-04-10T20:08:35+08:00" level=info msg="整理牌请求：&{[{[1 2 3 4 5 6 7 8 9 10 11 12 13] 7 0}] 2} "
time="2020-04-10T20:08:35+08:00" level=info msg="整理牌应答：{true [{[1 2 3 4 5 6 7 8 9 10 11 12 13] 7 0}] 0 true 2 } "
time="2020-04-10T20:08:35+08:00" level=info msg="agent.Response***************************** " component=RummyGame
time="2020-04-10T20:08:35+08:00" level=info msg="Type=Response, ID=2, UID=204, MID=11, Data=&{Success:true CardsSets:[{Cards:[1 2 3 4 5 6 7 8 9 10 11 12 13] Type:7 Point:0}] TotalPoint:0 IsHu:true Phase:2 Error:}" component=RummyGame
time="2020-04-10T20:08:35+08:00" level=info msg="Broadcast Rummy.NoticeGameState, Data=&{GameState:4 Time:29 TotalTime:30 OperateId:0}" component=RummyGame
time="2020-04-10T20:08:35+08:00" level=info msg="Type=Push, ID=2, UID=204, Route=Rummy.NoticeGameState, Data=54bytes" component=RummyGame
time="2020-04-10T20:08:35+08:00" level=info msg="agent  Push -- ip : Rummy.NoticeGameState 192.168.0.107:3814" component=RummyGame
time="2020-04-10T20:08:35+08:00" level=info msg="Type=Push, ID=3, UID=200, Route=Rummy.NoticeGameState, Data=54bytes" component=RummyGame
time="2020-04-10T20:08:35+08:00" level=info msg="agent  Push -- ip : Rummy.NoticeGameState 192.168.0.107:3816" component=RummyGame
time="2020-04-10T20:08:35+08:00" level=info msg="Type=Push, ID=2, UID=204, Route=Rummy.PushWinGame, Data=&{Success:true Coins:0 TotalCoins:2000 PlayerCoins:255649 PointNum:0}" component=RummyGame
time="2020-04-10T20:08:35+08:00" level=info msg="agent  Push -- ip : Rummy.PushWinGame 192.168.0.107:3814" component=RummyGame
time="2020-04-10T20:08:35+08:00" level=info msg="GUEST_204%!(EXTRA string=赢了！！！\n)"
time="2020-04-10T20:08:35+08:00" level=info msg="Multicast Rummy.NoticeGameWin, Data=&{SeatId:0 WinCoins:0 SettleCoins:2000}" component=RummyGame
time="2020-04-10T20:08:35+08:00" level=info msg="Type=Push, ID=3, UID=200, Route=Rummy.NoticeGameWin, Data=44bytes" component=RummyGame
time="2020-04-10T20:08:35+08:00" level=info msg="agent  Push -- ip : Rummy.NoticeGameWin 192.168.0.107:3816" component=RummyGame
time="2020-04-10T20:08:35+08:00" level=info msg="UID=204, Message={Request TRDeskManager.ShowCard (86bytes)}, Data=&{CardsSets:[{Cards:[1 2 3 4 5 6 7 8 9 10 11 12 13] Type:7 Point:0}] Phase:0}" component=RummyGame
time="2020-04-10T20:08:35+08:00" level=info msg="localProcess service: TRDeskManager" component=RummyGame
time="2020-04-10T20:08:35+08:00" level=info msg="收到组牌请求 &{[{[1 2 3 4 5 6 7 8 9 10 11 12 13] 7 0}] 0}" component=game
time="2020-04-10T20:08:35+08:00" level=info msg="整理牌请求：&{[{[1 2 3 4 5 6 7 8 9 10 11 12 13] 7 0}] 0} "
time="2020-04-10T20:08:35+08:00" level=info msg="整理牌应答：{true [{[1 2 3 4 5 6 7 8 9 10 11 12 13] 7 0}] 0 true 0 } "
time="2020-04-10T20:08:35+08:00" level=info msg="agent.Response***************************** " component=RummyGame
time="2020-04-10T20:08:35+08:00" level=info msg="Type=Response, ID=2, UID=204, MID=12, Data=&{Success:true CardsSets:[{Cards:[1 2 3 4 5 6 7 8 9 10 11 12 13] Type:7 Point:0}] TotalPoint:0 IsHu:true Phase:0 Error:}" component=RummyGame
time="2020-04-10T20:08:41+08:00" level=info msg="UID=200, Message={Request TRDeskManager.ExitDesk (10bytes)}, Data=&{Type:2}" component=RummyGame
time="2020-04-10T20:08:41+08:00" level=info msg="localProcess service: TRDeskManager" component=RummyGame
time="2020-04-10T20:08:41+08:00" level=info msg="收到退出请求 &{2}" component=game
time="2020-04-10T20:08:41+08:00" level=info msg="agent.Response***************************** " component=RummyGame
time="2020-04-10T20:08:41+08:00" level=info msg="Type=Response, ID=3, UID=200, MID=12, Data=&{Success:true Type:2}" component=RummyGame
time="2020-04-10T20:08:41+08:00" level=info msg="[{{<nil> 2 方块2}} {{<nil> 11 方块11}} {{<nil> 12 方块12}} {{<nil> 20 梅花4}} {{<nil> 22 梅花6}} {{<nil> 25 梅花9}} {{<nil> 27 梅花11}} {{<nil> 34 红桃2}} {{<nil> 35 红桃3}} {{<nil> 39 红桃7}} {{<nil> 41 红桃9}} {{<nil> 56 黑桃8}} {{<nil> 59 黑桃11}}] [{{<nil> 2 方块2}} {{<nil> 11 方块11}} {{<nil> 12 方块12}} {{<nil> 20 梅花4}} {{<nil> 22 梅花6}} {{<nil> 25 梅花9}} {{<nil> 27 梅花11}} {{<nil> 34 红桃2}} {{<nil> 35 红桃3}} {{<nil> 39 红桃7}} {{<nil> 41 红桃9}} {{<nil> 56 黑桃8}} {{<nil> 59 黑桃11}}]"
time="2020-04-10T20:08:41+08:00" level=info msg="广播玩家弃牌!!!!!!!!!!"
time="2020-04-10T20:08:41+08:00" level=info msg="Multicast Rummy.NoticeGiveUp, Data=&{SeatId:1 LosingCoins:4000 SettleCoins:6000 Point:40 IsShow:true}" component=RummyGame
time="2020-04-10T20:08:41+08:00" level=info msg="Type=Push, ID=2, UID=204, Route=Rummy.NoticeGiveUp, Data=75bytes" component=RummyGame
time="2020-04-10T20:08:41+08:00" level=info msg="agent  Push -- ip : Rummy.NoticeGiveUp 192.168.0.107:3814" component=RummyGame
time="2020-04-10T20:08:41+08:00" level=info msg="玩家不战而胜！！！！！"
time="2020-04-10T20:08:41+08:00" level=info msg="Multicast Rummy.NoticeGameState, Data=&{GameState:6 Time:7 TotalTime:1 OperateId:0}" component=RummyGame
time="2020-04-10T20:08:41+08:00" level=info msg="Type=Push, ID=2, UID=204, Route=Rummy.NoticeGameState, Data=52bytes" component=RummyGame
time="2020-04-10T20:08:41+08:00" level=info msg="agent  Push -- ip : Rummy.NoticeGameState 192.168.0.107:3814" component=RummyGame
time="2020-04-10T20:08:41+08:00" level=info msg="Multicast Rummy.NoticeGameWin, Data=&{SeatId:0 WinCoins:6000 SettleCoins:0}" component=RummyGame
time="2020-04-10T20:08:41+08:00" level=info msg="Type=Push, ID=3, UID=200, Route=Rummy.NoticeGameWin, Data=44bytes" component=RummyGame
time="2020-04-10T20:08:41+08:00" level=info msg="agent  Push -- ip : Rummy.NoticeGameWin 192.168.0.107:3816" component=RummyGame
time="2020-04-10T20:08:41+08:00" level=info msg="Remove session from group b0966eaa-ed13-4815-84b3-239638f53bc3, UID=200" component=RummyGame
time="2020-04-10T20:08:41+08:00" level=info msg="Broadcast Rummy.NoticePlayerState, Data=&{SeatId:1 PlayerState:2 PlayerInfo:{SeatPos:0 Nickname: Sex:0 HeadUrl: Score:0 StarNum:0 IsBanker:false IsKing:false Sitdown:false LiXian:false Show:false IsSettle:false Coins:0}}" component=RummyGame
time="2020-04-10T20:08:41+08:00" level=info msg="Type=Push, ID=2, UID=204, Route=Rummy.NoticePlayerState, Data=215bytes" component=RummyGame
time="2020-04-10T20:08:41+08:00" level=info msg="agent  Push -- ip : Rummy.NoticePlayerState 192.168.0.107:3814" component=RummyGame
time="2020-04-10T20:08:41+08:00" level=info msg="UID=200, Message={Request TRDeskManager.JoinDesk (34bytes)}, Data=&{Uid:200 NickName:GUEST_200}" component=RummyGame
time="2020-04-10T20:08:41+08:00" level=info msg="localProcess service: TRDeskManager" component=RummyGame
time="2020-04-10T20:08:41+08:00" level=info msg="收到加入桌子请求 &{200 GUEST_200}" component=game
time="2020-04-10T20:09:20+08:00" level=info msg="GUEST_200 加入房间！"
time="2020-04-10T20:09:20+08:00" level=info msg="Session heartbeat timeout, LastTime=1586520521, Deadline=1586520540" component=RummyGame
time="2020-04-10T20:09:20+08:00" level=info msg="Session closed, ID=3, UID=200, IP=192.168.0.107:3816" component=RummyGame
time="2020-04-10T20:09:20+08:00" level=info msg="Multicast Rummy.NoticePlayerState, Data=&{SeatId:1 PlayerState:1 PlayerInfo:{SeatPos:1 Nickname:GUEST_200 Sex:1 HeadUrl: Score:0 StarNum:0 IsBanker:false IsKing:false Sitdown:true LiXian:false Show:false IsSettle:false Coins:0}}" component=RummyGame
time="2020-04-10T20:09:20+08:00" level=info msg="Type=Push, ID=4, UID=201, Route=Rummy.NoticePlayerState, Data=223bytes" component=RummyGame
time="2020-04-10T20:09:20+08:00" level=info msg="Session heartbeat timeout, LastTime=1586520536, Deadline=1586520540" component=RummyGame
time="2020-04-10T20:09:20+08:00" level=info msg="Session write goroutine exit, SessionID=3, UID=200" component=RummyGame
time="2020-04-10T20:09:20+08:00" level=info msg="agent  Push -- ip : Rummy.NoticePlayerState 192.168.0.107:3832" component=RummyGame
time="2020-04-10T20:09:20+08:00" level=info msg="broken low-level pipe" component=RummyGame
time="2020-04-10T20:09:20+08:00" level=info msg="Add session to group 29125311-0081-4ddf-84d8-a5e462d77493, ID=3, UID=200" component=RummyGame
time="2020-04-10T20:09:20+08:00" level=info msg="agent.Response***************************** " component=RummyGame
time="2020-04-10T20:09:20+08:00" level=info msg="Read message error: websocket: close 1005 (no status), session will be closed immediately" component=RummyGame
time="2020-04-10T20:09:20+08:00" level=info msg="Session read goroutine exit, SessionID=4, UID=201" component=RummyGame
time="2020-04-10T20:09:20+08:00" level=info msg="Session closed, ID=4, UID=201, IP=192.168.0.107:3832" component=RummyGame
time="2020-04-10T20:09:20+08:00" level=info msg="Read message error: read tcp 192.168.0.141:3000->192.168.0.107:3816: use of closed network connection, session will be closed immediately" component=RummyGame
time="2020-04-10T20:09:20+08:00" level=info msg="Session write goroutine exit, SessionID=4, UID=201" component=RummyGame
time="2020-04-10T20:09:20+08:00" level=info msg="Session read goroutine exit, SessionID=3, UID=200" component=RummyGame
time="2020-04-10T20:09:20+08:00" level=info msg="Broadcast Rummy.NoticeGameState, Data=&{GameState:1 Time:7 TotalTime:7 OperateId:0}" component=RummyGame
time="2020-04-10T20:09:20+08:00" level=info msg="Session push message error, ID=4, UID=201, Error=broken low-level pipe" component=RummyGame
time="2020-04-10T20:09:20+08:00" level=info msg="Session push message error, ID=3, UID=200, Error=broken low-level pipe" component=RummyGame
time="2020-04-10T20:09:20+08:00" level=info msg="Service TRDeskManager.JoinDesk error: broken low-level pipe" component=RummyGame
time="2020-04-10T20:09:20+08:00" level=info msg="Remove session from group _SYSTEM_MESSAGE_BROADCAST, UID=200" component=RummyGame
time="2020-04-10T20:09:20+08:00" level=info msg="**************session OnClose :uid  200" component=game
time="2020-04-10T20:09:20+08:00" level=info msg="Remove session from group 29125311-0081-4ddf-84d8-a5e462d77493, UID=200" component=RummyGame
time="2020-04-10T20:09:20+08:00" level=info msg="Broadcast Rummy.NoticePlayerState, Data=&{SeatId:1 PlayerState:2 PlayerInfo:{SeatPos:0 Nickname: Sex:0 HeadUrl: Score:0 StarNum:0 IsBanker:false IsKing:false Sitdown:false LiXian:false Show:false IsSettle:false Coins:0}}" component=RummyGame
time="2020-04-10T20:09:20+08:00" level=info msg="Session push message error, ID=4, UID=201, Error=broken low-level pipe" component=RummyGame
time="2020-04-10T20:09:20+08:00" level=info msg="Broadcast Rummy.NoticeGameState, Data=&{GameState:0 Time:0 TotalTime:0 OperateId:1}" component=RummyGame
time="2020-04-10T20:09:20+08:00" level=info msg="Session push message error, ID=4, UID=201, Error=broken low-level pipe" component=RummyGame
time="2020-04-10T20:09:20+08:00" level=info msg="玩家断线！ &{200 1  GUEST_200 IP 1 0 0 false false false 425223 0xc000160370 <nil> 0 false false false false [] [] 0 0 false}"
time="2020-04-10T20:09:20+08:00" level=info msg="Remove session from group _SYSTEM_MESSAGE_BROADCAST, UID=201" component=RummyGame
time="2020-04-10T20:09:20+08:00" level=info msg="**************session OnClose :uid  201" component=game
time="2020-04-10T20:09:20+08:00" level=info msg="Remove session from group 29125311-0081-4ddf-84d8-a5e462d77493, UID=201" component=RummyGame
time="2020-04-10T20:09:20+08:00" level=info msg="Broadcast Rummy.NoticePlayerState, Data=&{SeatId:0 PlayerState:2 PlayerInfo:{SeatPos:0 Nickname: Sex:0 HeadUrl: Score:0 StarNum:0 IsBanker:false IsKing:false Sitdown:false LiXian:false Show:false IsSettle:false Coins:0}}" component=RummyGame
time="2020-04-10T20:09:20+08:00" level=info msg="玩家断线！ &{201 0  GUEST_201 IP 1 0 0 false false false 125856 0xc00015e870 <nil> 0 false false false false [] [] 0 0 false}"
time="2020-04-10T20:09:21+08:00" level=info msg="Broadcast Rummy.NoticeEndInfo, Data=&{EndInfo:[{Name:GUEST_204 Head: CardsSets:[{Cards:[1 2 3 4 5 6 7 8 9 10 11 12 13] Type:7 Point:0}] Point:0 Coins:6000} {Name:GUEST_201 Head: CardsSets:[{Cards:[0 0 0 0 0 0 0 0 0 0 0 0 0] Type:0 Point:20}] Point:20 Coins:-2000} {Name:GUEST_200 Head: CardsSets:[{Cards:[0 0 0 0 0 0 0 0 0 0 0 0 0] Type:0 Point:40}] Point:40 Coins:-4000}]}" component=RummyGame
time="2020-04-10T20:09:21+08:00" level=info msg="Type=Push, ID=2, UID=204, Route=Rummy.NoticeEndInfo, Data=398bytes" component=RummyGame
time="2020-04-10T20:09:21+08:00" level=info msg="agent  Push -- ip : Rummy.NoticeEndInfo 192.168.0.107:3814" component=RummyGame
time="2020-04-10T20:09:22+08:00" level=info msg="游戏结束！/////////////////////////////"
time="2020-04-10T20:09:22+08:00" level=info msg="Broadcast Rummy.NoticeGameState, Data=&{GameState:0 Time:0 TotalTime:0 OperateId:0}" component=RummyGame
time="2020-04-10T20:09:22+08:00" level=info msg="Type=Push, ID=2, UID=204, Route=Rummy.NoticeGameState, Data=52bytes" component=RummyGame
time="2020-04-10T20:09:22+08:00" level=info msg="agent  Push -- ip : Rummy.NoticeGameState 192.168.0.107:3814" component=RummyGame
time="2020-04-10T20:09:26+08:00" level=info msg="Read message error: websocket: close 1001 (going away), session will be closed immediately" component=RummyGame
time="2020-04-10T20:09:26+08:00" level=info msg="Session closed, ID=2, UID=204, IP=192.168.0.107:3814" component=RummyGame
time="2020-04-10T20:09:26+08:00" level=info msg="Session read goroutine exit, SessionID=2, UID=204" component=RummyGame
time="2020-04-10T20:09:26+08:00" level=info msg="Session write goroutine exit, SessionID=2, UID=204" component=RummyGame
time="2020-04-10T20:09:26+08:00" level=info msg="Remove session from group _SYSTEM_MESSAGE_BROADCAST, UID=204" component=RummyGame
time="2020-04-10T20:09:26+08:00" level=info msg="**************session OnClose :uid  204" component=game
time="2020-04-10T20:09:26+08:00" level=info msg="Remove session from group b0966eaa-ed13-4815-84b3-239638f53bc3, UID=204" component=RummyGame
time="2020-04-10T20:09:26+08:00" level=info msg="Broadcast Rummy.NoticePlayerState, Data=&{SeatId:0 PlayerState:2 PlayerInfo:{SeatPos:0 Nickname: Sex:0 HeadUrl: Score:0 StarNum:0 IsBanker:false IsKing:false Sitdown:false LiXian:false Show:false IsSettle:false Coins:0}}" component=RummyGame
time="2020-04-10T20:09:26+08:00" level=info msg="玩家断线！ &{204 0  GUEST_204 IP 1 0 0 false false false 261649 0xc0001600a0 <nil> 0 false false false false [] [] 0 0 false}"
