time="2020-04-10T19:00:51+08:00" level=info msg="game service starup" component=game
time="2020-04-10T19:00:51+08:00" level=info msg="The current server running in singleton mode" component=RummyGame
time="2020-04-10T19:00:51+08:00" level=info msg="type:recviver: *game.TRManager &{{} 0xc0000b4980 map[] 0xc000172000 0xc0001720a0}" component=RummyGame
time="2020-04-10T19:00:51+08:00" level=info msg="Register local handler TRManager.Login" component=RummyGame
time="2020-04-10T19:00:51+08:00" level=info msg="type:recviver: *game.TRDeskManager &{{} map[] map[]}" component=RummyGame
time="2020-04-10T19:00:51+08:00" level=info msg="Register local handler TRDeskManager.GiveUp" component=RummyGame
time="2020-04-10T19:00:51+08:00" level=info msg="Register local handler TRDeskManager.JoinDesk" component=RummyGame
time="2020-04-10T19:00:51+08:00" level=info msg="Register local handler TRDeskManager.OperCard" component=RummyGame
time="2020-04-10T19:00:51+08:00" level=info msg="Register local handler TRDeskManager.OutCardRecord" component=RummyGame
time="2020-04-10T19:00:51+08:00" level=info msg="Register local handler TRDeskManager.Settle" component=RummyGame
time="2020-04-10T19:00:51+08:00" level=info msg="Register local handler TRDeskManager.ShowCard" component=RummyGame
time="2020-04-10T19:00:51+08:00" level=info msg="Register local handler TRDeskManager.ExitDesk" component=RummyGame
time="2020-04-10T19:00:51+08:00" level=info msg="Startup *Nano gate server* ___4go_build_TeenPatti_TRummyGameServer.exe, client address: :3000, service address: :3000" component=RummyGame
time="2020-04-10T19:00:53+08:00" level=info msg="New session established: Remote=192.168.0.107:13945, LastTime=1586516453" component=RummyGame
time="2020-04-10T19:00:53+08:00" level=info msg="Session handshake Id=2, Remote=192.168.0.107:13945" component=RummyGame
time="2020-04-10T19:00:53+08:00" level=info msg="Receive handshake ACK Id=2, Remote=192.168.0.107:13945" component=RummyGame
time="2020-04-10T19:00:53+08:00" level=info msg="UID=0, Message={Request TRManager.Login (204bytes)}, Data=&{Version:Version1.0 Token:eyJhbGciOiJIUzI1NiIsInR5cCI6IkpXVCJ9.eyJleHAiOjE1ODY1ODgxODYsImlkIjoyMDQsIm9yaWdfaWF0IjoxNTg2NTE2MTg2LCJyb2xlIjoxfQ.5ptAtNVqKlQDUhd2RYgA7_XX2Omkp3SA_V84MwnVrPE Uid:204}" component=RummyGame
time="2020-04-10T19:00:53+08:00" level=info msg="localProcess service: TRManager" component=RummyGame
time="2020-04-10T19:00:53+08:00" level=info msg="&{13386939675705448  zJMZy4bIu   10000 1000 204 0 1586516186 0 GUEST_204 1585816037 1 0 0}"
time="2020-04-10T19:00:53+08:00" level=info msg="玩家的信息: &{13386939675705448  zJMZy4bIu   10000 1000 204 0 1586516186 0 GUEST_204 1585816037 1 0 0}"
time="2020-04-10T19:00:53+08:00" level=info msg="Login:Uid:  Id 0 2" component=game
time="2020-04-10T19:00:53+08:00" level=info msg="玩家: 204不在线，创建新的玩家 :"
time="2020-04-10T19:00:53+08:00" level=info msg="Add session to group _SYSTEM_MESSAGE_BROADCAST, ID=2, UID=204" component=RummyGame
time="2020-04-10T19:00:53+08:00" level=info msg="agent.Response***************************** " component=RummyGame
time="2020-04-10T19:00:53+08:00" level=info msg="Type=Response, ID=2, UID=204, MID=1, Data=&{Success:true Uid:204 Nickname:GUEST_204 HeadUrl: Sex:1 Error:}" component=RummyGame
time="2020-04-10T19:00:53+08:00" level=info msg="UID=204, Message={Request TRDeskManager.JoinDesk (34bytes)}, Data=&{Uid:204 NickName:GUEST_204}" component=RummyGame
time="2020-04-10T19:00:53+08:00" level=info msg="localProcess service: TRDeskManager" component=RummyGame
time="2020-04-10T19:00:53+08:00" level=info msg="收到加入桌子请求 &{204 GUEST_204}" component=game
time="2020-04-10T19:00:53+08:00" level=info msg="new desk: 298323" component=game
time="2020-04-10T19:00:53+08:00" level=info msg="GUEST_204 加入房间！"
time="2020-04-10T19:00:53+08:00" level=info msg="Multicast Rummy.NoticePlayerState, Data=&{SeatId:0 PlayerState:1 PlayerInfo:{SeatPos:0 Nickname:GUEST_204 Sex:1 HeadUrl: Score:0 StarNum:0 IsBanker:false IsKing:false Sitdown:true LiXian:false Show:false IsSettle:false Coins:0}}" component=RummyGame
time="2020-04-10T19:00:53+08:00" level=info msg="Add session to group c140590c-b3cf-4999-bcdf-2bb846dcdcaf, ID=2, UID=204" component=RummyGame
time="2020-04-10T19:00:53+08:00" level=info msg="agent.Response***************************** " component=RummyGame
time="2020-04-10T19:00:53+08:00" level=info msg="Type=Response, ID=2, UID=204, MID=2, Data=&{Success:true DeskInfo:{PointValue:100 DecksNum:2 MaxWining:40000 Maxlosing:8000 SettleCoins:0 GameState:0 GameStateTime:0 TotalStateTime:0 WildCard:0 ShowCard:0 PublicCard:0 CardsNum:106 OperSeatId:-1 BankerSeatId:0 KingSeatId:0 FirstSeatId:-1 UserSeatId:0 WinPlayerId:0 HandCard:[] PlayersInfo:[{SeatPos:0 Nickname:GUEST_204 Sex:1 HeadUrl: Score:0 StarNum:0 IsBanker:false IsKing:true Sitdown:true LiXian:false Show:false IsSettle:false Coins:48323}]} Code:0 Error:}" component=RummyGame
time="2020-04-10T19:00:54+08:00" level=info msg="New session established: Remote=192.168.0.107:13955, LastTime=1586516454" component=RummyGame
time="2020-04-10T19:00:54+08:00" level=info msg="Session handshake Id=3, Remote=192.168.0.107:13955" component=RummyGame
time="2020-04-10T19:00:54+08:00" level=info msg="Receive handshake ACK Id=3, Remote=192.168.0.107:13955" component=RummyGame
time="2020-04-10T19:00:55+08:00" level=info msg="UID=0, Message={Request TRManager.Login (204bytes)}, Data=&{Version:Version1.0 Token:eyJhbGciOiJIUzI1NiIsInR5cCI6IkpXVCJ9.eyJleHAiOjE1ODY1ODgxODgsImlkIjoyMDAsIm9yaWdfaWF0IjoxNTg2NTE2MTg4LCJyb2xlIjoxfQ.EAlNlRfuk3nSoI45lW3ISY6CNnBJVlO9SqsGc3XKdyo Uid:200}" component=RummyGame
time="2020-04-10T19:00:55+08:00" level=info msg="localProcess service: TRManager" component=RummyGame
time="2020-04-10T19:00:55+08:00" level=info msg="&{13378752914391144  zH2RkeRFQ   10000 1000 200 0 1586516188 0 GUEST_200 1585811158 1 0 0}"
time="2020-04-10T19:00:55+08:00" level=info msg="玩家的信息: &{13378752914391144  zH2RkeRFQ   10000 1000 200 0 1586516188 0 GUEST_200 1585811158 1 0 0}"
time="2020-04-10T19:00:55+08:00" level=info msg="Login:Uid:  Id 0 3" component=game
time="2020-04-10T19:00:55+08:00" level=info msg="玩家: 200不在线，创建新的玩家 :"
time="2020-04-10T19:00:55+08:00" level=info msg="Add session to group _SYSTEM_MESSAGE_BROADCAST, ID=3, UID=200" component=RummyGame
time="2020-04-10T19:00:55+08:00" level=info msg="agent.Response***************************** " component=RummyGame
time="2020-04-10T19:00:55+08:00" level=info msg="Type=Response, ID=3, UID=200, MID=1, Data=&{Success:true Uid:200 Nickname:GUEST_200 HeadUrl: Sex:1 Error:}" component=RummyGame
time="2020-04-10T19:00:55+08:00" level=info msg="UID=200, Message={Request TRDeskManager.JoinDesk (34bytes)}, Data=&{Uid:200 NickName:GUEST_200}" component=RummyGame
time="2020-04-10T19:00:55+08:00" level=info msg="localProcess service: TRDeskManager" component=RummyGame
time="2020-04-10T19:00:55+08:00" level=info msg="收到加入桌子请求 &{200 GUEST_200}" component=game
time="2020-04-10T19:00:55+08:00" level=info msg="GUEST_200 加入房间！"
time="2020-04-10T19:00:55+08:00" level=info msg="Multicast Rummy.NoticePlayerState, Data=&{SeatId:1 PlayerState:1 PlayerInfo:{SeatPos:1 Nickname:GUEST_200 Sex:1 HeadUrl: Score:0 StarNum:0 IsBanker:false IsKing:false Sitdown:true LiXian:false Show:false IsSettle:false Coins:0}}" component=RummyGame
time="2020-04-10T19:00:55+08:00" level=info msg="Type=Push, ID=2, UID=204, Route=Rummy.NoticePlayerState, Data=223bytes" component=RummyGame
time="2020-04-10T19:00:55+08:00" level=info msg="agent  Push -- ip : Rummy.NoticePlayerState 192.168.0.107:13945" component=RummyGame
time="2020-04-10T19:00:55+08:00" level=info msg="Add session to group c140590c-b3cf-4999-bcdf-2bb846dcdcaf, ID=3, UID=200" component=RummyGame
time="2020-04-10T19:00:55+08:00" level=info msg="agent.Response***************************** " component=RummyGame
time="2020-04-10T19:00:55+08:00" level=info msg="Type=Response, ID=3, UID=200, MID=2, Data=&{Success:true DeskInfo:{PointValue:100 DecksNum:2 MaxWining:40000 Maxlosing:8000 SettleCoins:0 GameState:0 GameStateTime:0 TotalStateTime:0 WildCard:0 ShowCard:0 PublicCard:0 CardsNum:106 OperSeatId:-1 BankerSeatId:0 KingSeatId:0 FirstSeatId:-1 UserSeatId:1 WinPlayerId:0 HandCard:[] PlayersInfo:[{SeatPos:0 Nickname:GUEST_204 Sex:1 HeadUrl: Score:0 StarNum:0 IsBanker:false IsKing:true Sitdown:true LiXian:false Show:false IsSettle:false Coins:48323} {SeatPos:1 Nickname:GUEST_200 Sex:1 HeadUrl: Score:0 StarNum:0 IsBanker:false IsKing:false Sitdown:true LiXian:false Show:false IsSettle:false Coins:403307}]} Code:0 Error:}" component=RummyGame
time="2020-04-10T19:00:55+08:00" level=info msg="Broadcast Rummy.NoticeGameState, Data=&{GameState:1 Time:7 TotalTime:7 OperateId:0}" component=RummyGame
time="2020-04-10T19:00:55+08:00" level=info msg="Type=Push, ID=2, UID=204, Route=Rummy.NoticeGameState, Data=52bytes" component=RummyGame
time="2020-04-10T19:00:55+08:00" level=info msg="agent  Push -- ip : Rummy.NoticeGameState 192.168.0.107:13945" component=RummyGame
time="2020-04-10T19:00:55+08:00" level=info msg="Type=Push, ID=3, UID=200, Route=Rummy.NoticeGameState, Data=52bytes" component=RummyGame
time="2020-04-10T19:00:55+08:00" level=info msg="agent  Push -- ip : Rummy.NoticeGameState 192.168.0.107:13955" component=RummyGame
time="2020-04-10T19:00:55+08:00" level=info msg="New session established: Remote=192.168.0.107:13960, LastTime=1586516455" component=RummyGame
time="2020-04-10T19:00:55+08:00" level=info msg="Session handshake Id=4, Remote=192.168.0.107:13960" component=RummyGame
time="2020-04-10T19:00:55+08:00" level=info msg="Receive handshake ACK Id=4, Remote=192.168.0.107:13960" component=RummyGame
time="2020-04-10T19:00:56+08:00" level=info msg="UID=0, Message={Request TRManager.Login (204bytes)}, Data=&{Version:Version1.0 Token:eyJhbGciOiJIUzI1NiIsInR5cCI6IkpXVCJ9.eyJleHAiOjE1ODY1ODgxODksImlkIjoyMDEsIm9yaWdfaWF0IjoxNTg2NTE2MTg5LCJyb2xlIjoxfQ.1mV2YngTGGyK3pKIEmnj9Qq_ekSkiSSOeHc95TFzEbg Uid:201}" component=RummyGame
time="2020-04-10T19:00:56+08:00" level=info msg="localProcess service: TRManager" component=RummyGame
time="2020-04-10T19:00:56+08:00" level=info msg="&{13378755363864680  zH2UQQBD6   10000 1000 201 0 1586516189 0 GUEST_201 1585811159 1 0 0}"
time="2020-04-10T19:00:56+08:00" level=info msg="玩家的信息: &{13378755363864680  zH2UQQBD6   10000 1000 201 0 1586516189 0 GUEST_201 1585811159 1 0 0}"
time="2020-04-10T19:00:56+08:00" level=info msg="Login:Uid:  Id 0 4" component=game
time="2020-04-10T19:00:56+08:00" level=info msg="玩家: 201不在线，创建新的玩家 :"
time="2020-04-10T19:00:56+08:00" level=info msg="Add session to group _SYSTEM_MESSAGE_BROADCAST, ID=4, UID=201" component=RummyGame
time="2020-04-10T19:00:56+08:00" level=info msg="agent.Response***************************** " component=RummyGame
time="2020-04-10T19:00:56+08:00" level=info msg="Type=Response, ID=4, UID=201, MID=1, Data=&{Success:true Uid:201 Nickname:GUEST_201 HeadUrl: Sex:1 Error:}" component=RummyGame
time="2020-04-10T19:00:56+08:00" level=info msg="UID=201, Message={Request TRDeskManager.JoinDesk (34bytes)}, Data=&{Uid:201 NickName:GUEST_201}" component=RummyGame
time="2020-04-10T19:00:56+08:00" level=info msg="localProcess service: TRDeskManager" component=RummyGame
time="2020-04-10T19:00:56+08:00" level=info msg="收到加入桌子请求 &{201 GUEST_201}" component=game
time="2020-04-10T19:00:56+08:00" level=info msg="GUEST_201 加入房间！"
time="2020-04-10T19:00:56+08:00" level=info msg="Multicast Rummy.NoticePlayerState, Data=&{SeatId:2 PlayerState:1 PlayerInfo:{SeatPos:2 Nickname:GUEST_201 Sex:1 HeadUrl: Score:0 StarNum:0 IsBanker:false IsKing:false Sitdown:true LiXian:false Show:false IsSettle:false Coins:0}}" component=RummyGame
time="2020-04-10T19:00:56+08:00" level=info msg="Type=Push, ID=2, UID=204, Route=Rummy.NoticePlayerState, Data=223bytes" component=RummyGame
time="2020-04-10T19:00:56+08:00" level=info msg="agent  Push -- ip : Rummy.NoticePlayerState 192.168.0.107:13945" component=RummyGame
time="2020-04-10T19:00:56+08:00" level=info msg="Type=Push, ID=3, UID=200, Route=Rummy.NoticePlayerState, Data=223bytes" component=RummyGame
time="2020-04-10T19:00:56+08:00" level=info msg="agent  Push -- ip : Rummy.NoticePlayerState 192.168.0.107:13955" component=RummyGame
time="2020-04-10T19:00:56+08:00" level=info msg="Add session to group c140590c-b3cf-4999-bcdf-2bb846dcdcaf, ID=4, UID=201" component=RummyGame
time="2020-04-10T19:00:56+08:00" level=info msg="agent.Response***************************** " component=RummyGame
time="2020-04-10T19:00:56+08:00" level=info msg="Type=Response, ID=4, UID=201, MID=2, Data=&{Success:true DeskInfo:{PointValue:100 DecksNum:2 MaxWining:40000 Maxlosing:8000 SettleCoins:0 GameState:1 GameStateTime:5 TotalStateTime:7 WildCard:0 ShowCard:0 PublicCard:0 CardsNum:106 OperSeatId:-1 BankerSeatId:0 KingSeatId:0 FirstSeatId:-1 UserSeatId:2 WinPlayerId:0 HandCard:[] PlayersInfo:[{SeatPos:0 Nickname:GUEST_204 Sex:1 HeadUrl: Score:0 StarNum:0 IsBanker:false IsKing:true Sitdown:true LiXian:false Show:false IsSettle:false Coins:48323} {SeatPos:1 Nickname:GUEST_200 Sex:1 HeadUrl: Score:0 StarNum:0 IsBanker:false IsKing:false Sitdown:true LiXian:false Show:false IsSettle:false Coins:403307} {SeatPos:2 Nickname:GUEST_201 Sex:1 HeadUrl: Score:0 StarNum:0 IsBanker:false IsKing:false Sitdown:true LiXian:false Show:false IsSettle:false Coins:505282}]} Code:0 Error:}" component=RummyGame
time="2020-04-10T19:01:01+08:00" level=info msg="游戏开始！//////////////////////////////////"
time="2020-04-10T19:01:01+08:00" level=info msg="发牌!/////////////////////////////////////"
time="2020-04-10T19:01:01+08:00" level=info msg="GUEST_201 玩家手牌：方块5方块6方块13梅花4梅花7红桃8红桃13黑桃4黑桃5黑桃7黑桃9黑桃13"
time="2020-04-10T19:01:01+08:00" level=info msg="GUEST_204 玩家手牌：方块2方块3方块4方块5方块6方块7方块8方块9方块10方块11方块12方块13方块1"
time="2020-04-10T19:01:01+08:00" level=info msg="GUEST_200 玩家手牌：方块9梅花4梅花6梅花8梅花12红桃9红桃11红桃12红桃1黑桃2黑桃6黑桃6黑桃8"
time="2020-04-10T19:01:01+08:00" level=info msg="庄家：GUEST_204"
time="2020-04-10T19:01:01+08:00" level=info msg="首家：GUEST_200"
time="2020-04-10T19:01:01+08:00" level=info msg="Type=Push, ID=2, UID=204, Route=Rummy.PushGameStrat, Data=&{PointValue:100 DecksNum:2 MaxWining:40000 Maxlosing:8000 SettleCoins:0 GameState:2 GameStateTime:0 TotalStateTime:9 WildCard:0 ShowCard:0 PublicCard:0 CardsNum:80 OperSeatId:1 BankerSeatId:0 KingSeatId:0 FirstSeatId:1 UserSeatId:0 WinPlayerId:0 HandCard:[{Cards:[2 3 4 5 6 7 8 9 10 11 12 13 1] Type:0 Point:0}] PlayersInfo:[{SeatPos:1 Nickname:GUEST_200 Sex:1 HeadUrl: Score:0 StarNum:0 IsBanker:false IsKing:false Sitdown:true LiXian:false Show:false IsSettle:false Coins:403307} {SeatPos:2 Nickname:GUEST_201 Sex:1 HeadUrl: Score:0 StarNum:0 IsBanker:false IsKing:false Sitdown:true LiXian:false Show:false IsSettle:false Coins:505282} {SeatPos:0 Nickname:GUEST_204 Sex:1 HeadUrl: Score:0 StarNum:0 IsBanker:false IsKing:true Sitdown:true LiXian:false Show:false IsSettle:false Coins:48323}]}" component=RummyGame
time="2020-04-10T19:01:01+08:00" level=info msg="agent  Push -- ip : Rummy.PushGameStrat 192.168.0.107:13945" component=RummyGame
time="2020-04-10T19:01:01+08:00" level=info msg="Type=Push, ID=3, UID=200, Route=Rummy.PushGameStrat, Data=&{PointValue:100 DecksNum:2 MaxWining:40000 Maxlosing:8000 SettleCoins:0 GameState:2 GameStateTime:0 TotalStateTime:9 WildCard:0 ShowCard:0 PublicCard:0 CardsNum:80 OperSeatId:1 BankerSeatId:0 KingSeatId:0 FirstSeatId:1 UserSeatId:1 WinPlayerId:0 HandCard:[{Cards:[9] Type:0 Point:0} {Cards:[20 22 24 28] Type:0 Point:0} {Cards:[41 43 44 33] Type:0 Point:0} {Cards:[50 54 54 56] Type:0 Point:0}] PlayersInfo:[{SeatPos:0 Nickname:GUEST_204 Sex:1 HeadUrl: Score:0 StarNum:0 IsBanker:false IsKing:true Sitdown:true LiXian:false Show:false IsSettle:false Coins:48323} {SeatPos:1 Nickname:GUEST_200 Sex:1 HeadUrl: Score:0 StarNum:0 IsBanker:false IsKing:false Sitdown:true LiXian:false Show:false IsSettle:false Coins:403307} {SeatPos:2 Nickname:GUEST_201 Sex:1 HeadUrl: Score:0 StarNum:0 IsBanker:false IsKing:false Sitdown:true LiXian:false Show:false IsSettle:false Coins:505282}]}" component=RummyGame
time="2020-04-10T19:01:01+08:00" level=info msg="agent  Push -- ip : Rummy.PushGameStrat 192.168.0.107:13955" component=RummyGame
time="2020-04-10T19:01:01+08:00" level=info msg="Type=Push, ID=4, UID=201, Route=Rummy.PushGameStrat, Data=&{PointValue:100 DecksNum:2 MaxWining:40000 Maxlosing:8000 SettleCoins:0 GameState:2 GameStateTime:0 TotalStateTime:9 WildCard:0 ShowCard:0 PublicCard:0 CardsNum:80 OperSeatId:1 BankerSeatId:0 KingSeatId:0 FirstSeatId:1 UserSeatId:2 WinPlayerId:0 HandCard:[{Cards:[5 6 13] Type:0 Point:0} {Cards:[20 23] Type:0 Point:0} {Cards:[40 45] Type:0 Point:0} {Cards:[52 53 55 57 61] Type:0 Point:0} {Cards:[65] Type:0 Point:0}] PlayersInfo:[{SeatPos:2 Nickname:GUEST_201 Sex:1 HeadUrl: Score:0 StarNum:0 IsBanker:false IsKing:false Sitdown:true LiXian:false Show:false IsSettle:false Coins:505282} {SeatPos:0 Nickname:GUEST_204 Sex:1 HeadUrl: Score:0 StarNum:0 IsBanker:false IsKing:true Sitdown:true LiXian:false Show:false IsSettle:false Coins:48323} {SeatPos:1 Nickname:GUEST_200 Sex:1 HeadUrl: Score:0 StarNum:0 IsBanker:false IsKing:false Sitdown:true LiXian:false Show:false IsSettle:false Coins:403307}]}" component=RummyGame
time="2020-04-10T19:01:01+08:00" level=info msg="agent  Push -- ip : Rummy.PushGameStrat 192.168.0.107:13960" component=RummyGame
time="2020-04-10T19:01:01+08:00" level=info msg="万能牌：红桃4"
time="2020-04-10T19:01:01+08:00" level=info msg="第一张公摊牌： 黑桃13"
time="2020-04-10T19:01:01+08:00" level=info msg="Broadcast Rummy.NoticeGameState, Data=&{GameState:2 Time:0 TotalTime:9 OperateId:0}" component=RummyGame
time="2020-04-10T19:01:01+08:00" level=info msg="Type=Push, ID=2, UID=204, Route=Rummy.NoticeGameState, Data=52bytes" component=RummyGame
time="2020-04-10T19:01:01+08:00" level=info msg="agent  Push -- ip : Rummy.NoticeGameState 192.168.0.107:13945" component=RummyGame
time="2020-04-10T19:01:01+08:00" level=info msg="Type=Push, ID=3, UID=200, Route=Rummy.NoticeGameState, Data=52bytes" component=RummyGame
time="2020-04-10T19:01:01+08:00" level=info msg="agent  Push -- ip : Rummy.NoticeGameState 192.168.0.107:13955" component=RummyGame
time="2020-04-10T19:01:01+08:00" level=info msg="Type=Push, ID=4, UID=201, Route=Rummy.NoticeGameState, Data=52bytes" component=RummyGame
time="2020-04-10T19:01:01+08:00" level=info msg="agent  Push -- ip : Rummy.NoticeGameState 192.168.0.107:13960" component=RummyGame
time="2020-04-10T19:01:01+08:00" level=info msg="Type=Push, ID=2, UID=204, Route=Rummy.PushSendCard, Data=&{HandCards:[2 3 4 5 6 7 8 9 10 11 12 13 1] WildCard:36 FristCard:61}" component=RummyGame
time="2020-04-10T19:01:01+08:00" level=info msg="agent  Push -- ip : Rummy.PushSendCard 192.168.0.107:13945" component=RummyGame
time="2020-04-10T19:01:01+08:00" level=info msg="Type=Push, ID=3, UID=200, Route=Rummy.PushSendCard, Data=&{HandCards:[9 20 22 24 28 41 43 44 33 50 54 54 56] WildCard:36 FristCard:61}" component=RummyGame
time="2020-04-10T19:01:01+08:00" level=info msg="agent  Push -- ip : Rummy.PushSendCard 192.168.0.107:13955" component=RummyGame
time="2020-04-10T19:01:01+08:00" level=info msg="Type=Push, ID=4, UID=201, Route=Rummy.PushSendCard, Data=&{HandCards:[5 6 13 20 23 40 45 52 53 55 57 61 65] WildCard:36 FristCard:61}" component=RummyGame
time="2020-04-10T19:01:01+08:00" level=info msg="agent  Push -- ip : Rummy.PushSendCard 192.168.0.107:13960" component=RummyGame
time="2020-04-10T19:01:10+08:00" level=info msg="Broadcast Rummy.NoticeGameState, Data=&{GameState:3 Time:30 TotalTime:30 OperateId:1}" component=RummyGame
time="2020-04-10T19:01:10+08:00" level=info msg="Type=Push, ID=2, UID=204, Route=Rummy.NoticeGameState, Data=54bytes" component=RummyGame
time="2020-04-10T19:01:10+08:00" level=info msg="agent  Push -- ip : Rummy.NoticeGameState 192.168.0.107:13945" component=RummyGame
time="2020-04-10T19:01:10+08:00" level=info msg="Type=Push, ID=3, UID=200, Route=Rummy.NoticeGameState, Data=54bytes" component=RummyGame
time="2020-04-10T19:01:10+08:00" level=info msg="agent  Push -- ip : Rummy.NoticeGameState 192.168.0.107:13955" component=RummyGame
time="2020-04-10T19:01:10+08:00" level=info msg="Type=Push, ID=4, UID=201, Route=Rummy.NoticeGameState, Data=54bytes" component=RummyGame
time="2020-04-10T19:01:10+08:00" level=info msg="agent  Push -- ip : Rummy.NoticeGameState 192.168.0.107:13960" component=RummyGame
time="2020-04-10T19:01:10+08:00" level=info msg="Broadcast Rummy.PushRoundInfo, Data=&{GiveUpCoins:2000}" component=RummyGame
time="2020-04-10T19:01:10+08:00" level=info msg="Type=Push, ID=2, UID=204, Route=Rummy.PushRoundInfo, Data=20bytes" component=RummyGame
time="2020-04-10T19:01:10+08:00" level=info msg="agent  Push -- ip : Rummy.PushRoundInfo 192.168.0.107:13945" component=RummyGame
time="2020-04-10T19:01:10+08:00" level=info msg="Type=Push, ID=3, UID=200, Route=Rummy.PushRoundInfo, Data=20bytes" component=RummyGame
time="2020-04-10T19:01:10+08:00" level=info msg="agent  Push -- ip : Rummy.PushRoundInfo 192.168.0.107:13955" component=RummyGame
time="2020-04-10T19:01:10+08:00" level=info msg="Type=Push, ID=4, UID=201, Route=Rummy.PushRoundInfo, Data=20bytes" component=RummyGame
time="2020-04-10T19:01:10+08:00" level=info msg="agent  Push -- ip : Rummy.PushRoundInfo 192.168.0.107:13960" component=RummyGame
time="2020-04-10T19:01:10+08:00" level=info msg="当前轮到： GUEST_200"
time="2020-04-10T19:01:10+08:00" level=info msg="UID=200, Message={Request TRDeskManager.ShowCard (111bytes)}, Data=&{CardsSets:[{Cards:[50 54 54 56] Type:0 Point:0} {Cards:[33 41 43 44] Type:0 Point:0} {Cards:[20 22 24 28] Type:0 Point:0} {Cards:[9] Type:0 Point:0}] Phase:0}" component=RummyGame
time="2020-04-10T19:01:10+08:00" level=info msg="localProcess service: TRDeskManager" component=RummyGame
time="2020-04-10T19:01:10+08:00" level=info msg="收到组牌请求 &{[{[50 54 54 56] 0 0} {[33 41 43 44] 0 0} {[20 22 24 28] 0 0} {[9] 0 0}] 0}" component=game
time="2020-04-10T19:01:10+08:00" level=info msg="整理牌请求：&{[{[50 54 54 56] 0 0} {[33 41 43 44] 0 0} {[20 22 24 28] 0 0} {[9] 0 0}] 0} "
time="2020-04-10T19:01:10+08:00" level=info msg="整理牌应答：{true [{[50 54 54 56] 1 22} {[33 41 43 44] 1 39} {[20 22 24 28] 1 28} {[9] 1 9}] 80 false 0 } "
time="2020-04-10T19:01:10+08:00" level=info msg="agent.Response***************************** " component=RummyGame
time="2020-04-10T19:01:10+08:00" level=info msg="Type=Response, ID=3, UID=200, MID=3, Data=&{Success:true CardsSets:[{Cards:[50 54 54 56] Type:1 Point:22} {Cards:[33 41 43 44] Type:1 Point:39} {Cards:[20 22 24 28] Type:1 Point:28} {Cards:[9] Type:1 Point:9}] TotalPoint:80 IsHu:false Phase:0 Error:}" component=RummyGame
time="2020-04-10T19:01:10+08:00" level=info msg="UID=200, Message={Request TRDeskManager.OutCardRecord (2bytes)}, Data=&{}" component=RummyGame
time="2020-04-10T19:01:10+08:00" level=info msg="localProcess service: TRDeskManager" component=RummyGame
time="2020-04-10T19:01:10+08:00" level=info msg="收到出牌记录请求 &{}" component=game
time="2020-04-10T19:01:10+08:00" level=info msg="agent.Response***************************** " component=RummyGame
time="2020-04-10T19:01:10+08:00" level=info msg="Type=Response, ID=3, UID=200, MID=4, Data=&{Success:true CardRecord:[[] [] [4] [13]]}" component=RummyGame
time="2020-04-10T19:01:10+08:00" level=info msg="UID=201, Message={Request TRDeskManager.ShowCard (122bytes)}, Data=&{CardsSets:[{Cards:[52 53 55 57 61] Type:0 Point:0} {Cards:[40 45] Type:0 Point:0} {Cards:[20 23] Type:0 Point:0} {Cards:[5 6 13] Type:0 Point:0} {Cards:[65] Type:0 Point:0}] Phase:0}" component=RummyGame
time="2020-04-10T19:01:10+08:00" level=info msg="localProcess service: TRDeskManager" component=RummyGame
time="2020-04-10T19:01:10+08:00" level=info msg="收到组牌请求 &{[{[52 53 55 57 61] 0 0} {[40 45] 0 0} {[20 23] 0 0} {[5 6 13] 0 0} {[65] 0 0}] 0}" component=game
time="2020-04-10T19:01:10+08:00" level=info msg="整理牌请求：&{[{[52 53 55 57 61] 0 0} {[40 45] 0 0} {[20 23] 0 0} {[5 6 13] 0 0} {[65] 0 0}] 0} "
time="2020-04-10T19:01:10+08:00" level=info msg="整理牌应答：{true [{[52 53 55 57 61] 1 35} {[40 45] 1 18} {[20 23] 1 11} {[5 6 13] 1 21} {[65] 1 0}] 80 false 0 } "
time="2020-04-10T19:01:10+08:00" level=info msg="agent.Response***************************** " component=RummyGame
time="2020-04-10T19:01:10+08:00" level=info msg="Type=Response, ID=4, UID=201, MID=3, Data=&{Success:true CardsSets:[{Cards:[52 53 55 57 61] Type:1 Point:35} {Cards:[40 45] Type:1 Point:18} {Cards:[20 23] Type:1 Point:11} {Cards:[5 6 13] Type:1 Point:21} {Cards:[65] Type:1 Point:0}] TotalPoint:80 IsHu:false Phase:0 Error:}" component=RummyGame
time="2020-04-10T19:01:10+08:00" level=info msg="UID=201, Message={Request TRDeskManager.OutCardRecord (2bytes)}, Data=&{}" component=RummyGame
time="2020-04-10T19:01:10+08:00" level=info msg="localProcess service: TRDeskManager" component=RummyGame
time="2020-04-10T19:01:10+08:00" level=info msg="收到出牌记录请求 &{}" component=game
time="2020-04-10T19:01:10+08:00" level=info msg="agent.Response***************************** " component=RummyGame
time="2020-04-10T19:01:10+08:00" level=info msg="Type=Response, ID=4, UID=201, MID=4, Data=&{Success:true CardRecord:[[] [] [4] [13]]}" component=RummyGame
time="2020-04-10T19:01:10+08:00" level=info msg="UID=204, Message={Request TRDeskManager.ShowCard (67bytes)}, Data=&{CardsSets:[{Cards:[1 2 3 4 5 6 7 8 9 10 11 12 13] Type:0 Point:0}] Phase:0}" component=RummyGame
time="2020-04-10T19:01:10+08:00" level=info msg="localProcess service: TRDeskManager" component=RummyGame
time="2020-04-10T19:01:10+08:00" level=info msg="收到组牌请求 &{[{[1 2 3 4 5 6 7 8 9 10 11 12 13] 0 0}] 0}" component=game
time="2020-04-10T19:01:10+08:00" level=info msg="整理牌请求：&{[{[1 2 3 4 5 6 7 8 9 10 11 12 13] 0 0}] 0} "
time="2020-04-10T19:01:10+08:00" level=info msg="整理牌应答：{true [{[1 2 3 4 5 6 7 8 9 10 11 12 13] 7 0}] 0 true 0 } "
time="2020-04-10T19:01:10+08:00" level=info msg="agent.Response***************************** " component=RummyGame
time="2020-04-10T19:01:10+08:00" level=info msg="Type=Response, ID=2, UID=204, MID=3, Data=&{Success:true CardsSets:[{Cards:[1 2 3 4 5 6 7 8 9 10 11 12 13] Type:7 Point:0}] TotalPoint:0 IsHu:true Phase:0 Error:}" component=RummyGame
time="2020-04-10T19:01:10+08:00" level=info msg="UID=204, Message={Request TRDeskManager.OutCardRecord (2bytes)}, Data=&{}" component=RummyGame
time="2020-04-10T19:01:10+08:00" level=info msg="localProcess service: TRDeskManager" component=RummyGame
time="2020-04-10T19:01:10+08:00" level=info msg="收到出牌记录请求 &{}" component=game
time="2020-04-10T19:01:10+08:00" level=info msg="agent.Response***************************** " component=RummyGame
time="2020-04-10T19:01:10+08:00" level=info msg="Type=Response, ID=2, UID=204, MID=4, Data=&{Success:true CardRecord:[[] [] [4] [13]]}" component=RummyGame
time="2020-04-10T19:01:12+08:00" level=info msg="UID=204, Message={Request TRDeskManager.ShowCard (98bytes)}, Data=&{CardsSets:[{Cards:[3 8] Type:0 Point:0} {Cards:[1 2 4 5 6 7 9 10 11 12 13] Type:7 Point:0}] Phase:0}" component=RummyGame
time="2020-04-10T19:01:12+08:00" level=info msg="localProcess service: TRDeskManager" component=RummyGame
time="2020-04-10T19:01:12+08:00" level=info msg="收到组牌请求 &{[{[3 8] 0 0} {[1 2 4 5 6 7 9 10 11 12 13] 7 0}] 0}" component=game
time="2020-04-10T19:01:12+08:00" level=info msg="整理牌请求：&{[{[3 8] 0 0} {[1 2 4 5 6 7 9 10 11 12 13] 7 0}] 0} "
time="2020-04-10T19:01:12+08:00" level=info msg="整理牌应答：{true [{[3 8] 1 11} {[1 2 4 5 6 7 9 10 11 12 13] 1 83}] 80 false 0 } "
time="2020-04-10T19:01:12+08:00" level=info msg="agent.Response***************************** " component=RummyGame
time="2020-04-10T19:01:12+08:00" level=info msg="Type=Response, ID=2, UID=204, MID=5, Data=&{Success:true CardsSets:[{Cards:[3 8] Type:1 Point:11} {Cards:[1 2 4 5 6 7 9 10 11 12 13] Type:1 Point:83}] TotalPoint:80 IsHu:false Phase:0 Error:}" component=RummyGame
time="2020-04-10T19:01:12+08:00" level=info msg="UID=204, Message={Request TRDeskManager.ShowCard (119bytes)}, Data=&{CardsSets:[{Cards:[3 8] Type:1 Point:11} {Cards:[1 2 4 5 6 7 9 10 11 12 13] Type:1 Point:83}] Phase:0}" component=RummyGame
time="2020-04-10T19:01:12+08:00" level=info msg="localProcess service: TRDeskManager" component=RummyGame
time="2020-04-10T19:01:12+08:00" level=info msg="收到组牌请求 &{[{[3 8] 1 11} {[1 2 4 5 6 7 9 10 11 12 13] 1 83}] 0}" component=game
time="2020-04-10T19:01:12+08:00" level=info msg="整理牌请求：&{[{[3 8] 1 11} {[1 2 4 5 6 7 9 10 11 12 13] 1 83}] 0} "
time="2020-04-10T19:01:12+08:00" level=info msg="整理牌应答：{true [{[3 8] 1 11} {[1 2 4 5 6 7 9 10 11 12 13] 1 83}] 80 false 0 } "
time="2020-04-10T19:01:12+08:00" level=info msg="agent.Response***************************** " component=RummyGame
time="2020-04-10T19:01:12+08:00" level=info msg="Type=Response, ID=2, UID=204, MID=6, Data=&{Success:true CardsSets:[{Cards:[3 8] Type:1 Point:11} {Cards:[1 2 4 5 6 7 9 10 11 12 13] Type:1 Point:83}] TotalPoint:80 IsHu:false Phase:0 Error:}" component=RummyGame
time="2020-04-10T19:01:14+08:00" level=info msg="UID=204, Message={Request TRDeskManager.ShowCard (131bytes)}, Data=&{CardsSets:[{Cards:[9 12] Type:0 Point:0} {Cards:[3 8] Type:1 Point:11} {Cards:[1 2 4 5 6 7 10 11 13] Type:1 Point:83}] Phase:0}" component=RummyGame
time="2020-04-10T19:01:14+08:00" level=info msg="localProcess service: TRDeskManager" component=RummyGame
time="2020-04-10T19:01:14+08:00" level=info msg="收到组牌请求 &{[{[9 12] 0 0} {[3 8] 1 11} {[1 2 4 5 6 7 10 11 13] 1 83}] 0}" component=game
time="2020-04-10T19:01:14+08:00" level=info msg="整理牌请求：&{[{[9 12] 0 0} {[3 8] 1 11} {[1 2 4 5 6 7 10 11 13] 1 83}] 0} "
time="2020-04-10T19:01:14+08:00" level=info msg="整理牌应答：{true [{[9 12] 1 19} {[3 8] 1 11} {[1 2 4 5 6 7 10 11 13] 1 64}] 80 false 0 } "
time="2020-04-10T19:01:14+08:00" level=info msg="agent.Response***************************** " component=RummyGame
time="2020-04-10T19:01:14+08:00" level=info msg="Type=Response, ID=2, UID=204, MID=7, Data=&{Success:true CardsSets:[{Cards:[9 12] Type:1 Point:19} {Cards:[3 8] Type:1 Point:11} {Cards:[1 2 4 5 6 7 10 11 13] Type:1 Point:64}] TotalPoint:80 IsHu:false Phase:0 Error:}" component=RummyGame
time="2020-04-10T19:01:25+08:00" level=info msg="UID=201, Message={Request TRDeskManager.ExitDesk (10bytes)}, Data=&{Type:2}" component=RummyGame
time="2020-04-10T19:01:25+08:00" level=info msg="localProcess service: TRDeskManager" component=RummyGame
time="2020-04-10T19:01:25+08:00" level=info msg="收到退出请求 &{2}" component=game
time="2020-04-10T19:01:25+08:00" level=info msg="agent.Response***************************** " component=RummyGame
time="2020-04-10T19:01:25+08:00" level=info msg="Type=Response, ID=4, UID=201, MID=5, Data=&{Success:true Type:2}" component=RummyGame
time="2020-04-10T19:01:25+08:00" level=info msg="[{{<nil> 5 方块5}} {{<nil> 6 方块6}} {{<nil> 13 方块13}} {{<nil> 20 梅花4}} {{<nil> 23 梅花7}} {{<nil> 40 红桃8}} {{<nil> 45 红桃13}} {{<nil> 52 黑桃4}} {{<nil> 53 黑桃5}} {{<nil> 55 黑桃7}} {{<nil> 57 黑桃9}} {{<nil> 61 黑桃13}} {{<nil> 65 }}] [{{<nil> 5 方块5}} {{<nil> 6 方块6}} {{<nil> 13 方块13}} {{<nil> 20 梅花4}} {{<nil> 23 梅花7}} {{<nil> 40 红桃8}} {{<nil> 45 红桃13}} {{<nil> 52 黑桃4}} {{<nil> 53 黑桃5}} {{<nil> 55 黑桃7}} {{<nil> 57 黑桃9}} {{<nil> 61 黑桃13}} {{<nil> 65 1}}]"
time="2020-04-10T19:01:25+08:00" level=info msg="广播玩家弃牌!!!!!!!!!!"
time="2020-04-10T19:01:25+08:00" level=info msg="Multicast Rummy.NoticeGiveUp, Data=&{SeatId:2 LosingCoins:2000 SettleCoins:2000 Point:20 IsShow:true}" component=RummyGame
time="2020-04-10T19:01:25+08:00" level=info msg="Type=Push, ID=2, UID=204, Route=Rummy.NoticeGiveUp, Data=75bytes" component=RummyGame
time="2020-04-10T19:01:25+08:00" level=info msg="agent  Push -- ip : Rummy.NoticeGiveUp 192.168.0.107:13945" component=RummyGame
time="2020-04-10T19:01:25+08:00" level=info msg="Type=Push, ID=3, UID=200, Route=Rummy.NoticeGiveUp, Data=75bytes" component=RummyGame
time="2020-04-10T19:01:25+08:00" level=info msg="agent  Push -- ip : Rummy.NoticeGiveUp 192.168.0.107:13955" component=RummyGame
time="2020-04-10T19:01:25+08:00" level=info msg="Remove session from group c140590c-b3cf-4999-bcdf-2bb846dcdcaf, UID=201" component=RummyGame
time="2020-04-10T19:01:25+08:00" level=info msg="Broadcast Rummy.NoticePlayerState, Data=&{SeatId:2 PlayerState:2 PlayerInfo:{SeatPos:0 Nickname: Sex:0 HeadUrl: Score:0 StarNum:0 IsBanker:false IsKing:false Sitdown:false LiXian:false Show:false IsSettle:false Coins:0}}" component=RummyGame
time="2020-04-10T19:01:25+08:00" level=info msg="Type=Push, ID=2, UID=204, Route=Rummy.NoticePlayerState, Data=215bytes" component=RummyGame
time="2020-04-10T19:01:25+08:00" level=info msg="agent  Push -- ip : Rummy.NoticePlayerState 192.168.0.107:13945" component=RummyGame
time="2020-04-10T19:01:25+08:00" level=info msg="Type=Push, ID=3, UID=200, Route=Rummy.NoticePlayerState, Data=215bytes" component=RummyGame
time="2020-04-10T19:01:25+08:00" level=info msg="agent  Push -- ip : Rummy.NoticePlayerState 192.168.0.107:13955" component=RummyGame
time="2020-04-10T19:01:25+08:00" level=info msg="UID=201, Message={Request TRDeskManager.JoinDesk (34bytes)}, Data=&{Uid:201 NickName:GUEST_201}" component=RummyGame
time="2020-04-10T19:01:25+08:00" level=info msg="localProcess service: TRDeskManager" component=RummyGame
time="2020-04-10T19:01:25+08:00" level=info msg="收到加入桌子请求 &{201 GUEST_201}" component=game
time="2020-04-10T19:01:25+08:00" level=info msg="new desk: 847217" component=game
time="2020-04-10T19:01:25+08:00" level=info msg="GUEST_201 加入房间！"
time="2020-04-10T19:01:25+08:00" level=info msg="Multicast Rummy.NoticePlayerState, Data=&{SeatId:0 PlayerState:1 PlayerInfo:{SeatPos:0 Nickname:GUEST_201 Sex:1 HeadUrl: Score:0 StarNum:0 IsBanker:false IsKing:false Sitdown:true LiXian:false Show:false IsSettle:false Coins:0}}" component=RummyGame
time="2020-04-10T19:01:25+08:00" level=info msg="Add session to group 8264b6d4-c45c-4beb-af69-c221a914486f, ID=4, UID=201" component=RummyGame
time="2020-04-10T19:01:25+08:00" level=info msg="agent.Response***************************** " component=RummyGame
time="2020-04-10T19:01:25+08:00" level=info msg="Type=Response, ID=4, UID=201, MID=6, Data=&{Success:true DeskInfo:{PointValue:100 DecksNum:2 MaxWining:40000 Maxlosing:8000 SettleCoins:0 GameState:0 GameStateTime:0 TotalStateTime:0 WildCard:0 ShowCard:0 PublicCard:0 CardsNum:106 OperSeatId:-1 BankerSeatId:0 KingSeatId:0 FirstSeatId:-1 UserSeatId:0 WinPlayerId:0 HandCard:[] PlayersInfo:[{SeatPos:0 Nickname:GUEST_201 Sex:1 HeadUrl: Score:0 StarNum:0 IsBanker:false IsKing:true Sitdown:true LiXian:false Show:false IsSettle:false Coins:503282}]} Code:0 Error:}" component=RummyGame
time="2020-04-10T19:01:26+08:00" level=info msg="Broadcast Rummy.NoticeGameState, Data=&{GameState:3 Time:30 TotalTime:30 OperateId:1}" component=RummyGame
time="2020-04-10T19:01:26+08:00" level=info msg="Type=Push, ID=2, UID=204, Route=Rummy.NoticeGameState, Data=54bytes" component=RummyGame
time="2020-04-10T19:01:26+08:00" level=info msg="agent  Push -- ip : Rummy.NoticeGameState 192.168.0.107:13945" component=RummyGame
time="2020-04-10T19:01:26+08:00" level=info msg="Type=Push, ID=3, UID=200, Route=Rummy.NoticeGameState, Data=54bytes" component=RummyGame
time="2020-04-10T19:01:26+08:00" level=info msg="agent  Push -- ip : Rummy.NoticeGameState 192.168.0.107:13955" component=RummyGame
time="2020-04-10T19:01:26+08:00" level=info msg="Type=Push, ID=3, UID=200, Route=Rummy.PushRoundInfo, Data=&{GiveUpCoins:4000}" component=RummyGame
time="2020-04-10T19:01:26+08:00" level=info msg="agent  Push -- ip : Rummy.PushRoundInfo 192.168.0.107:13955" component=RummyGame
time="2020-04-10T19:01:26+08:00" level=info msg="当前轮到： GUEST_200"
time="2020-04-10T19:01:38+08:00" level=info msg="Read message error: websocket: close 1001 (going away), session will be closed immediately" component=RummyGame
time="2020-04-10T19:01:38+08:00" level=info msg="Session closed, ID=3, UID=200, IP=192.168.0.107:13955" component=RummyGame
time="2020-04-10T19:01:38+08:00" level=info msg="Session read goroutine exit, SessionID=3, UID=200" component=RummyGame
time="2020-04-10T19:01:38+08:00" level=info msg="Session write goroutine exit, SessionID=3, UID=200" component=RummyGame
time="2020-04-10T19:01:38+08:00" level=info msg="Remove session from group _SYSTEM_MESSAGE_BROADCAST, UID=200" component=RummyGame
time="2020-04-10T19:01:38+08:00" level=info msg="**************session OnClose :uid  200" component=game
time="2020-04-10T19:01:38+08:00" level=info msg="Remove session from group c140590c-b3cf-4999-bcdf-2bb846dcdcaf, UID=200" component=RummyGame
time="2020-04-10T19:01:38+08:00" level=info msg="Broadcast Rummy.NoticePlayerState, Data=&{SeatId:1 PlayerState:4 PlayerInfo:{SeatPos:0 Nickname: Sex:0 HeadUrl: Score:0 StarNum:0 IsBanker:false IsKing:false Sitdown:false LiXian:false Show:false IsSettle:false Coins:0}}" component=RummyGame
time="2020-04-10T19:01:38+08:00" level=info msg="Type=Push, ID=2, UID=204, Route=Rummy.NoticePlayerState, Data=215bytes" component=RummyGame
time="2020-04-10T19:01:38+08:00" level=info msg="agent  Push -- ip : Rummy.NoticePlayerState 192.168.0.107:13945" component=RummyGame
time="2020-04-10T19:01:38+08:00" level=info msg="玩家断线！ &{200 1  GUEST_200 IP 1 0 0 true true true 403307 0xc0001663c0 0xc00020a000 0 false false false false [{{<nil> 9 方块9}} {{<nil> 20 梅花4}} {{<nil> 22 梅花6}} {{<nil> 24 梅花8}} {{<nil> 28 梅花12}} {{<nil> 41 红桃9}} {{<nil> 43 红桃11}} {{<nil> 44 红桃12}} {{<nil> 33 红桃1}} {{<nil> 50 黑桃2}} {{<nil> 54 黑桃6}} {{<nil> 54 黑桃6}} {{<nil> 56 黑桃8}}] [{[50 54 54 56] 1 22} {[33 41 43 44] 1 39} {[20 22 24 28] 1 28} {[9] 1 9}] 0 0 false}"
time="2020-04-10T19:01:45+08:00" level=info msg="New session established: Remote=192.168.0.107:14018, LastTime=1586516505" component=RummyGame
time="2020-04-10T19:01:45+08:00" level=info msg="Session handshake Id=5, Remote=192.168.0.107:14018" component=RummyGame
time="2020-04-10T19:01:45+08:00" level=info msg="Receive handshake ACK Id=5, Remote=192.168.0.107:14018" component=RummyGame
time="2020-04-10T19:01:45+08:00" level=info msg="UID=0, Message={Request TRManager.Login (204bytes)}, Data=&{Version:Version1.0 Token:eyJhbGciOiJIUzI1NiIsInR5cCI6IkpXVCJ9.eyJleHAiOjE1ODY1ODgyNDIsImlkIjoyMDUsIm9yaWdfaWF0IjoxNTg2NTE2MjQyLCJyb2xlIjoxfQ.GoF4OKC1tybMoLngSdFhISodRHBCPhmtpXYpZ23CQBw Uid:205}" component=RummyGame
time="2020-04-10T19:01:45+08:00" level=info msg="localProcess service: TRManager" component=RummyGame
time="2020-04-10T19:01:45+08:00" level=info msg="&{13413665797570664  zQx6j6Hxw   10000 1000 205 0 1586516242 0 GUEST_205 1585831967 1 0 0}"
time="2020-04-10T19:01:45+08:00" level=info msg="玩家的信息: &{13413665797570664  zQx6j6Hxw   10000 1000 205 0 1586516242 0 GUEST_205 1585831967 1 0 0}"
time="2020-04-10T19:01:45+08:00" level=info msg="Login:Uid:  Id 0 5" component=game
time="2020-04-10T19:01:45+08:00" level=info msg="玩家: 205不在线，创建新的玩家 :"
time="2020-04-10T19:01:45+08:00" level=info msg="Add session to group _SYSTEM_MESSAGE_BROADCAST, ID=5, UID=205" component=RummyGame
time="2020-04-10T19:01:45+08:00" level=info msg="agent.Response***************************** " component=RummyGame
time="2020-04-10T19:01:45+08:00" level=info msg="Type=Response, ID=5, UID=205, MID=1, Data=&{Success:true Uid:205 Nickname:GUEST_205 HeadUrl: Sex:1 Error:}" component=RummyGame
time="2020-04-10T19:01:45+08:00" level=info msg="UID=205, Message={Request TRDeskManager.JoinDesk (34bytes)}, Data=&{Uid:205 NickName:GUEST_205}" component=RummyGame
time="2020-04-10T19:01:45+08:00" level=info msg="localProcess service: TRDeskManager" component=RummyGame
time="2020-04-10T19:01:45+08:00" level=info msg="收到加入桌子请求 &{205 GUEST_205}" component=game
time="2020-04-10T19:01:45+08:00" level=info msg="GUEST_205 加入房间！"
time="2020-04-10T19:01:45+08:00" level=info msg="Multicast Rummy.NoticePlayerState, Data=&{SeatId:1 PlayerState:1 PlayerInfo:{SeatPos:1 Nickname:GUEST_205 Sex:1 HeadUrl: Score:0 StarNum:0 IsBanker:false IsKing:false Sitdown:true LiXian:false Show:false IsSettle:false Coins:0}}" component=RummyGame
time="2020-04-10T19:01:45+08:00" level=info msg="Type=Push, ID=4, UID=201, Route=Rummy.NoticePlayerState, Data=223bytes" component=RummyGame
time="2020-04-10T19:01:45+08:00" level=info msg="agent  Push -- ip : Rummy.NoticePlayerState 192.168.0.107:13960" component=RummyGame
time="2020-04-10T19:01:45+08:00" level=info msg="Add session to group 8264b6d4-c45c-4beb-af69-c221a914486f, ID=5, UID=205" component=RummyGame
time="2020-04-10T19:01:45+08:00" level=info msg="agent.Response***************************** " component=RummyGame
time="2020-04-10T19:01:45+08:00" level=info msg="Type=Response, ID=5, UID=205, MID=2, Data=&{Success:true DeskInfo:{PointValue:100 DecksNum:2 MaxWining:40000 Maxlosing:8000 SettleCoins:0 GameState:0 GameStateTime:0 TotalStateTime:0 WildCard:0 ShowCard:0 PublicCard:0 CardsNum:106 OperSeatId:-1 BankerSeatId:0 KingSeatId:0 FirstSeatId:-1 UserSeatId:1 WinPlayerId:0 HandCard:[] PlayersInfo:[{SeatPos:0 Nickname:GUEST_201 Sex:1 HeadUrl: Score:0 StarNum:0 IsBanker:false IsKing:true Sitdown:true LiXian:false Show:false IsSettle:false Coins:503282} {SeatPos:1 Nickname:GUEST_205 Sex:1 HeadUrl: Score:0 StarNum:0 IsBanker:false IsKing:false Sitdown:true LiXian:false Show:false IsSettle:false Coins:179308}]} Code:0 Error:}" component=RummyGame
time="2020-04-10T19:01:45+08:00" level=info msg="Broadcast Rummy.NoticeGameState, Data=&{GameState:1 Time:7 TotalTime:7 OperateId:0}" component=RummyGame
time="2020-04-10T19:01:45+08:00" level=info msg="Type=Push, ID=4, UID=201, Route=Rummy.NoticeGameState, Data=52bytes" component=RummyGame
time="2020-04-10T19:01:45+08:00" level=info msg="agent  Push -- ip : Rummy.NoticeGameState 192.168.0.107:13960" component=RummyGame
time="2020-04-10T19:01:45+08:00" level=info msg="Type=Push, ID=5, UID=205, Route=Rummy.NoticeGameState, Data=52bytes" component=RummyGame
time="2020-04-10T19:01:45+08:00" level=info msg="agent  Push -- ip : Rummy.NoticeGameState 192.168.0.107:14018" component=RummyGame
time="2020-04-10T19:01:51+08:00" level=info msg="游戏开始！//////////////////////////////////"
time="2020-04-10T19:01:51+08:00" level=info msg="发牌!/////////////////////////////////////"
time="2020-04-10T19:01:51+08:00" level=info msg="GUEST_201 玩家手牌：方块2方块3方块4方块5方块6方块7方块8方块9方块10方块11方块12方块13方块1"
time="2020-04-10T19:01:51+08:00" level=info msg="GUEST_205 玩家手牌：方块4方块10梅花2梅花3梅花13红桃2红桃3红桃4红桃5红桃10红桃1黑桃3黑桃1"
time="2020-04-10T19:01:51+08:00" level=info msg="庄家：GUEST_201"
time="2020-04-10T19:01:51+08:00" level=info msg="首家：GUEST_205"
time="2020-04-10T19:01:51+08:00" level=info msg="Type=Push, ID=4, UID=201, Route=Rummy.PushGameStrat, Data=&{PointValue:100 DecksNum:2 MaxWining:40000 Maxlosing:8000 SettleCoins:0 GameState:2 GameStateTime:0 TotalStateTime:9 WildCard:0 ShowCard:0 PublicCard:0 CardsNum:93 OperSeatId:1 BankerSeatId:0 KingSeatId:0 FirstSeatId:1 UserSeatId:0 WinPlayerId:0 HandCard:[{Cards:[2 3 4 5 6 7 8 9 10 11 12 13 1] Type:0 Point:0}] PlayersInfo:[{SeatPos:0 Nickname:GUEST_201 Sex:1 HeadUrl: Score:0 StarNum:0 IsBanker:false IsKing:true Sitdown:true LiXian:false Show:false IsSettle:false Coins:503282} {SeatPos:1 Nickname:GUEST_205 Sex:1 HeadUrl: Score:0 StarNum:0 IsBanker:false IsKing:false Sitdown:true LiXian:false Show:false IsSettle:false Coins:179308}]}" component=RummyGame
time="2020-04-10T19:01:51+08:00" level=info msg="agent  Push -- ip : Rummy.PushGameStrat 192.168.0.107:13960" component=RummyGame
time="2020-04-10T19:01:51+08:00" level=info msg="Type=Push, ID=5, UID=205, Route=Rummy.PushGameStrat, Data=&{PointValue:100 DecksNum:2 MaxWining:40000 Maxlosing:8000 SettleCoins:0 GameState:2 GameStateTime:0 TotalStateTime:9 WildCard:0 ShowCard:0 PublicCard:0 CardsNum:93 OperSeatId:1 BankerSeatId:0 KingSeatId:0 FirstSeatId:1 UserSeatId:1 WinPlayerId:0 HandCard:[{Cards:[4 10] Type:0 Point:0} {Cards:[18 19 29] Type:0 Point:0} {Cards:[34 35 36 37 42 33] Type:0 Point:0} {Cards:[51 49] Type:0 Point:0}] PlayersInfo:[{SeatPos:0 Nickname:GUEST_201 Sex:1 HeadUrl: Score:0 StarNum:0 IsBanker:false IsKing:true Sitdown:true LiXian:false Show:false IsSettle:false Coins:503282} {SeatPos:1 Nickname:GUEST_205 Sex:1 HeadUrl: Score:0 StarNum:0 IsBanker:false IsKing:false Sitdown:true LiXian:false Show:false IsSettle:false Coins:179308}]}" component=RummyGame
time="2020-04-10T19:01:51+08:00" level=info msg="agent  Push -- ip : Rummy.PushGameStrat 192.168.0.107:14018" component=RummyGame
time="2020-04-10T19:01:51+08:00" level=info msg="万能牌：方块13"
time="2020-04-10T19:01:51+08:00" level=info msg="第一张公摊牌： 方块13"
time="2020-04-10T19:01:51+08:00" level=info msg="Broadcast Rummy.NoticeGameState, Data=&{GameState:2 Time:0 TotalTime:9 OperateId:0}" component=RummyGame
time="2020-04-10T19:01:51+08:00" level=info msg="Type=Push, ID=4, UID=201, Route=Rummy.NoticeGameState, Data=52bytes" component=RummyGame
time="2020-04-10T19:01:51+08:00" level=info msg="agent  Push -- ip : Rummy.NoticeGameState 192.168.0.107:13960" component=RummyGame
time="2020-04-10T19:01:51+08:00" level=info msg="Type=Push, ID=5, UID=205, Route=Rummy.NoticeGameState, Data=52bytes" component=RummyGame
time="2020-04-10T19:01:51+08:00" level=info msg="agent  Push -- ip : Rummy.NoticeGameState 192.168.0.107:14018" component=RummyGame
time="2020-04-10T19:01:51+08:00" level=info msg="Type=Push, ID=4, UID=201, Route=Rummy.PushSendCard, Data=&{HandCards:[2 3 4 5 6 7 8 9 10 11 12 13 1] WildCard:13 FristCard:13}" component=RummyGame
time="2020-04-10T19:01:51+08:00" level=info msg="agent  Push -- ip : Rummy.PushSendCard 192.168.0.107:13960" component=RummyGame
time="2020-04-10T19:01:51+08:00" level=info msg="Type=Push, ID=5, UID=205, Route=Rummy.PushSendCard, Data=&{HandCards:[4 10 18 19 29 34 35 36 37 42 33 51 49] WildCard:13 FristCard:13}" component=RummyGame
time="2020-04-10T19:01:51+08:00" level=info msg="agent  Push -- ip : Rummy.PushSendCard 192.168.0.107:14018" component=RummyGame
time="2020-04-10T19:01:56+08:00" level=info msg="玩家GUEST_200,超时次数:0\n"
time="2020-04-10T19:01:56+08:00" level=info msg="玩家：GUEST_200,操作：2,牌: 8\n"
time="2020-04-10T19:01:56+08:00" level=info msg="Multicast Rummy.NoticeGameOperCard, Data=&{SeatId:1 Opertion:2 OperCard:0 PublicCard:61 ShowCard:0 CardsNum:77}" component=RummyGame
time="2020-04-10T19:01:56+08:00" level=info msg="Type=Push, ID=2, UID=204, Route=Rummy.NoticeGameOperCard, Data=81bytes" component=RummyGame
time="2020-04-10T19:01:56+08:00" level=info msg="agent  Push -- ip : Rummy.NoticeGameOperCard 192.168.0.107:13945" component=RummyGame
time="2020-04-10T19:01:57+08:00" level=info msg="玩家GUEST_200,超时次数:0\n"
time="2020-04-10T19:01:57+08:00" level=info msg="牌组： [{[50 54 54 56] 1 22} {[33 41 43 44] 1 39} {[20 22 24 28] 1 28} {[9] 1 9}]"
time="2020-04-10T19:01:57+08:00" level=info msg="玩家：GUEST_200,操作：3,牌: 8\n"
time="2020-04-10T19:01:57+08:00" level=info msg="Multicast Rummy.NoticeGameOperCard, Data=&{SeatId:1 Opertion:3 OperCard:8 PublicCard:8 ShowCard:0 CardsNum:77}" component=RummyGame
time="2020-04-10T19:01:57+08:00" level=info msg="Type=Push, ID=2, UID=204, Route=Rummy.NoticeGameOperCard, Data=80bytes" component=RummyGame
time="2020-04-10T19:01:57+08:00" level=info msg="agent  Push -- ip : Rummy.NoticeGameOperCard 192.168.0.107:13945" component=RummyGame
time="2020-04-10T19:01:57+08:00" level=info msg="玩家GUEST_200,超时次数:1\n"
time="2020-04-10T19:01:58+08:00" level=info msg="Broadcast Rummy.NoticeGameState, Data=&{GameState:3 Time:30 TotalTime:30 OperateId:0}" component=RummyGame
time="2020-04-10T19:01:58+08:00" level=info msg="Type=Push, ID=2, UID=204, Route=Rummy.NoticeGameState, Data=54bytes" component=RummyGame
time="2020-04-10T19:01:58+08:00" level=info msg="agent  Push -- ip : Rummy.NoticeGameState 192.168.0.107:13945" component=RummyGame
time="2020-04-10T19:01:58+08:00" level=info msg="Type=Push, ID=2, UID=204, Route=Rummy.PushRoundInfo, Data=&{GiveUpCoins:4000}" component=RummyGame
time="2020-04-10T19:01:58+08:00" level=info msg="agent  Push -- ip : Rummy.PushRoundInfo 192.168.0.107:13945" component=RummyGame
time="2020-04-10T19:01:58+08:00" level=info msg="当前轮到： GUEST_204"
time="2020-04-10T19:01:58+08:00" level=info msg="Read message error: websocket: close 1001 (going away), session will be closed immediately" component=RummyGame
time="2020-04-10T19:01:58+08:00" level=info msg="Session closed, ID=4, UID=201, IP=192.168.0.107:13960" component=RummyGame
time="2020-04-10T19:01:58+08:00" level=info msg="Session read goroutine exit, SessionID=4, UID=201" component=RummyGame
time="2020-04-10T19:01:58+08:00" level=info msg="Session write goroutine exit, SessionID=4, UID=201" component=RummyGame
time="2020-04-10T19:01:58+08:00" level=info msg="Remove session from group _SYSTEM_MESSAGE_BROADCAST, UID=201" component=RummyGame
time="2020-04-10T19:01:58+08:00" level=info msg="**************session OnClose :uid  201" component=game
time="2020-04-10T19:01:58+08:00" level=info msg="Remove session from group 8264b6d4-c45c-4beb-af69-c221a914486f, UID=201" component=RummyGame
time="2020-04-10T19:01:58+08:00" level=info msg="Broadcast Rummy.NoticePlayerState, Data=&{SeatId:0 PlayerState:4 PlayerInfo:{SeatPos:0 Nickname: Sex:0 HeadUrl: Score:0 StarNum:0 IsBanker:false IsKing:false Sitdown:false LiXian:false Show:false IsSettle:false Coins:0}}" component=RummyGame
time="2020-04-10T19:01:58+08:00" level=info msg="Type=Push, ID=5, UID=205, Route=Rummy.NoticePlayerState, Data=215bytes" component=RummyGame
time="2020-04-10T19:01:58+08:00" level=info msg="agent  Push -- ip : Rummy.NoticePlayerState 192.168.0.107:14018" component=RummyGame
time="2020-04-10T19:01:58+08:00" level=info msg="玩家断线！ &{201 0  GUEST_201 IP 1 0 0 true true true 503282 0xc000166c30 0xc0000d4800 0 false false false false [{{<nil> 2 方块2}} {{<nil> 3 方块3}} {{<nil> 4 方块4}} {{<nil> 5 方块5}} {{<nil> 6 方块6}} {{<nil> 7 方块7}} {{<nil> 8 方块8}} {{<nil> 9 方块9}} {{<nil> 10 方块10}} {{<nil> 11 方块11}} {{<nil> 12 方块12}} {{<nil> 13 方块13}} {{<nil> 1 方块1}}] [{[2 3 4 5 6 7 8 9 10 11 12 13 1] 0 0}] 0 0 true}"
time="2020-04-10T19:01:59+08:00" level=info msg="Read message error: websocket: close 1001 (going away), session will be closed immediately" component=RummyGame
time="2020-04-10T19:01:59+08:00" level=info msg="Session closed, ID=5, UID=205, IP=192.168.0.107:14018" component=RummyGame
time="2020-04-10T19:01:59+08:00" level=info msg="Session read goroutine exit, SessionID=5, UID=205" component=RummyGame
time="2020-04-10T19:01:59+08:00" level=info msg="Session write goroutine exit, SessionID=5, UID=205" component=RummyGame
time="2020-04-10T19:01:59+08:00" level=info msg="Remove session from group _SYSTEM_MESSAGE_BROADCAST, UID=205" component=RummyGame
time="2020-04-10T19:01:59+08:00" level=info msg="**************session OnClose :uid  205" component=game
time="2020-04-10T19:01:59+08:00" level=info msg="Remove session from group 8264b6d4-c45c-4beb-af69-c221a914486f, UID=205" component=RummyGame
time="2020-04-10T19:01:59+08:00" level=info msg="Broadcast Rummy.NoticePlayerState, Data=&{SeatId:1 PlayerState:4 PlayerInfo:{SeatPos:0 Nickname: Sex:0 HeadUrl: Score:0 StarNum:0 IsBanker:false IsKing:false Sitdown:false LiXian:false Show:false IsSettle:false Coins:0}}" component=RummyGame
time="2020-04-10T19:01:59+08:00" level=info msg="玩家断线！ &{205 1  GUEST_205 IP 1 0 0 true true true 179308 0xc0003463c0 0xc0000d4800 0 false false false false [{{<nil> 4 方块4}} {{<nil> 10 方块10}} {{<nil> 18 梅花2}} {{<nil> 19 梅花3}} {{<nil> 29 梅花13}} {{<nil> 34 红桃2}} {{<nil> 35 红桃3}} {{<nil> 36 红桃4}} {{<nil> 37 红桃5}} {{<nil> 42 红桃10}} {{<nil> 33 红桃1}} {{<nil> 51 黑桃3}} {{<nil> 49 黑桃1}}] [{[4 10] 0 0} {[18 19 29] 0 0} {[34 35 36 37 42 33] 0 0} {[51 49] 0 0}] 0 0 false}"
time="2020-04-10T19:01:59+08:00" level=info msg="Read message error: websocket: close 1001 (going away), session will be closed immediately" component=RummyGame
time="2020-04-10T19:01:59+08:00" level=info msg="Session closed, ID=2, UID=204, IP=192.168.0.107:13945" component=RummyGame
time="2020-04-10T19:01:59+08:00" level=info msg="Session read goroutine exit, SessionID=2, UID=204" component=RummyGame
time="2020-04-10T19:01:59+08:00" level=info msg="Remove session from group _SYSTEM_MESSAGE_BROADCAST, UID=204" component=RummyGame
time="2020-04-10T19:01:59+08:00" level=info msg="Session write goroutine exit, SessionID=2, UID=204" component=RummyGame
time="2020-04-10T19:01:59+08:00" level=info msg="**************session OnClose :uid  204" component=game
time="2020-04-10T19:01:59+08:00" level=info msg="Remove session from group c140590c-b3cf-4999-bcdf-2bb846dcdcaf, UID=204" component=RummyGame
time="2020-04-10T19:01:59+08:00" level=info msg="Broadcast Rummy.NoticePlayerState, Data=&{SeatId:0 PlayerState:4 PlayerInfo:{SeatPos:0 Nickname: Sex:0 HeadUrl: Score:0 StarNum:0 IsBanker:false IsKing:false Sitdown:false LiXian:false Show:false IsSettle:false Coins:0}}" component=RummyGame
time="2020-04-10T19:01:59+08:00" level=info msg="玩家断线！ &{204 0  GUEST_204 IP 1 0 0 true true true 48323 0xc0001661e0 0xc00020a000 0 false false false false [{{<nil> 2 方块2}} {{<nil> 3 方块3}} {{<nil> 4 方块4}} {{<nil> 5 方块5}} {{<nil> 6 方块6}} {{<nil> 7 方块7}} {{<nil> 8 方块8}} {{<nil> 9 方块9}} {{<nil> 10 方块10}} {{<nil> 11 方块11}} {{<nil> 12 方块12}} {{<nil> 13 方块13}} {{<nil> 1 方块1}}] [{[9 12] 1 19} {[3 8] 1 11} {[1 2 4 5 6 7 10 11 13] 1 64}] 0 0 true}"
time="2020-04-10T19:02:00+08:00" level=info msg="Broadcast Rummy.NoticeGameState, Data=&{GameState:3 Time:30 TotalTime:30 OperateId:1}" component=RummyGame
time="2020-04-10T19:02:00+08:00" level=info msg="Broadcast Rummy.PushRoundInfo, Data=&{GiveUpCoins:2000}" component=RummyGame
time="2020-04-10T19:02:00+08:00" level=info msg="当前轮到： GUEST_205"
time="2020-04-10T19:02:28+08:00" level=info msg="玩家GUEST_204,超时次数:0\n"
time="2020-04-10T19:02:28+08:00" level=info msg="玩家：GUEST_204,操作：2,牌: 44\n"
time="2020-04-10T19:02:28+08:00" level=info msg="Multicast Rummy.NoticeGameOperCard, Data=&{SeatId:0 Opertion:2 OperCard:0 PublicCard:8 ShowCard:0 CardsNum:76}" component=RummyGame
time="2020-04-10T19:02:29+08:00" level=info msg="玩家GUEST_204,超时次数:0\n"
time="2020-04-10T19:02:29+08:00" level=info msg="牌组： [{[9 12] 1 19} {[3 8] 1 11} {[1 2 4 5 6 7 10 11 13] 1 64}]"
time="2020-04-10T19:02:29+08:00" level=info msg="玩家：GUEST_204,操作：3,牌: 44\n"
time="2020-04-10T19:02:29+08:00" level=info msg="Multicast Rummy.NoticeGameOperCard, Data=&{SeatId:0 Opertion:3 OperCard:44 PublicCard:44 ShowCard:0 CardsNum:76}" component=RummyGame
time="2020-04-10T19:02:29+08:00" level=info msg="玩家GUEST_204,超时次数:1\n"
time="2020-04-10T19:02:30+08:00" level=info msg="Broadcast Rummy.NoticeGameState, Data=&{GameState:3 Time:30 TotalTime:30 OperateId:1}" component=RummyGame
time="2020-04-10T19:02:30+08:00" level=info msg="当前轮到： GUEST_200"
time="2020-04-10T19:02:30+08:00" level=info msg="玩家GUEST_205,超时次数:0\n"
time="2020-04-10T19:02:30+08:00" level=info msg="玩家：GUEST_205,操作：2,牌: 43\n"
time="2020-04-10T19:02:30+08:00" level=info msg="Multicast Rummy.NoticeGameOperCard, Data=&{SeatId:1 Opertion:2 OperCard:0 PublicCard:13 ShowCard:0 CardsNum:90}" component=RummyGame
time="2020-04-10T19:02:31+08:00" level=info msg="玩家GUEST_205,超时次数:0\n"
time="2020-04-10T19:02:31+08:00" level=info msg="牌组： [{[4 10] 0 0} {[18 19 29] 0 0} {[34 35 36 37 42 33] 0 0} {[51 49] 0 0}]"
time="2020-04-10T19:02:31+08:00" level=info msg="玩家：GUEST_205,操作：3,牌: 43\n"
time="2020-04-10T19:02:31+08:00" level=info msg="Multicast Rummy.NoticeGameOperCard, Data=&{SeatId:1 Opertion:3 OperCard:43 PublicCard:43 ShowCard:0 CardsNum:90}" component=RummyGame
time="2020-04-10T19:02:31+08:00" level=info msg="玩家GUEST_205,超时次数:1\n"
time="2020-04-10T19:02:32+08:00" level=info msg="Broadcast Rummy.NoticeGameState, Data=&{GameState:3 Time:30 TotalTime:30 OperateId:0}" component=RummyGame
time="2020-04-10T19:02:32+08:00" level=info msg="Broadcast Rummy.PushRoundInfo, Data=&{GiveUpCoins:2000}" component=RummyGame
time="2020-04-10T19:02:32+08:00" level=info msg="当前轮到： GUEST_201"
time="2020-04-10T19:03:00+08:00" level=info msg="玩家GUEST_200,超时次数:1\n"
time="2020-04-10T19:03:00+08:00" level=info msg="玩家操作超时弃牌！"
time="2020-04-10T19:03:00+08:00" level=info msg="[{{<nil> 9 方块9}} {{<nil> 20 梅花4}} {{<nil> 22 梅花6}} {{<nil> 24 梅花8}} {{<nil> 28 梅花12}} {{<nil> 41 红桃9}} {{<nil> 43 红桃11}} {{<nil> 44 红桃12}} {{<nil> 33 红桃1}} {{<nil> 50 黑桃2}} {{<nil> 54 黑桃6}} {{<nil> 54 黑桃6}} {{<nil> 56 黑桃8}}] [{{<nil> 9 方块9}} {{<nil> 20 梅花4}} {{<nil> 22 梅花6}} {{<nil> 24 梅花8}} {{<nil> 28 梅花12}} {{<nil> 41 红桃9}} {{<nil> 43 红桃11}} {{<nil> 44 红桃12}} {{<nil> 33 红桃1}} {{<nil> 50 黑桃2}} {{<nil> 54 黑桃6}} {{<nil> 54 黑桃6}} {{<nil> 56 黑桃8}}]"
time="2020-04-10T19:03:00+08:00" level=info msg="广播玩家弃牌!!!!!!!!!!"
time="2020-04-10T19:03:00+08:00" level=info msg="Multicast Rummy.NoticeGiveUp, Data=&{SeatId:1 LosingCoins:8000 SettleCoins:10000 Point:80 IsShow:true}" component=RummyGame
time="2020-04-10T19:03:00+08:00" level=info msg="玩家不战而胜！！！！！"
time="2020-04-10T19:03:00+08:00" level=info msg="Multicast Rummy.NoticeGameState, Data=&{GameState:6 Time:7 TotalTime:1 OperateId:0}" component=RummyGame
time="2020-04-10T19:03:00+08:00" level=info msg="Multicast Rummy.NoticeGameWin, Data=&{SeatId:0 WinCoins:10000 SettleCoins:0}" component=RummyGame
time="2020-04-10T19:03:00+08:00" level=info msg="Nano server got signal interrupt" component=RummyGame
time="2020-04-10T19:03:00+08:00" level=info msg="Nano server is stopping..." component=RummyGame
time="2020-04-10T19:03:00+08:00" level=info msg="Scheduler stopped" component=RummyGame
