time="2020-04-10T19:03:03+08:00" level=info msg="game service starup" component=game
time="2020-04-10T19:03:03+08:00" level=info msg="The current server running in singleton mode" component=RummyGame
time="2020-04-10T19:03:03+08:00" level=info msg="type:recviver: *game.TRManager &{{} 0xc00015c100 map[] 0xc000168000 0xc0001680a0}" component=RummyGame
time="2020-04-10T19:03:03+08:00" level=info msg="Register local handler TRManager.Login" component=RummyGame
time="2020-04-10T19:03:03+08:00" level=info msg="type:recviver: *game.TRDeskManager &{{} map[] map[]}" component=RummyGame
time="2020-04-10T19:03:03+08:00" level=info msg="Register local handler TRDeskManager.GiveUp" component=RummyGame
time="2020-04-10T19:03:03+08:00" level=info msg="Register local handler TRDeskManager.JoinDesk" component=RummyGame
time="2020-04-10T19:03:03+08:00" level=info msg="Register local handler TRDeskManager.OperCard" component=RummyGame
time="2020-04-10T19:03:03+08:00" level=info msg="Register local handler TRDeskManager.OutCardRecord" component=RummyGame
time="2020-04-10T19:03:03+08:00" level=info msg="Register local handler TRDeskManager.Settle" component=RummyGame
time="2020-04-10T19:03:03+08:00" level=info msg="Register local handler TRDeskManager.ShowCard" component=RummyGame
time="2020-04-10T19:03:03+08:00" level=info msg="Register local handler TRDeskManager.ExitDesk" component=RummyGame
time="2020-04-10T19:03:03+08:00" level=info msg="Startup *Nano gate server* ___11go_build_TeenPatti_TRummyGameServer.exe, client address: :3000, service address: :3000" component=RummyGame
time="2020-04-10T19:03:13+08:00" level=info msg="New session established: Remote=192.168.0.107:14099, LastTime=1586516593" component=RummyGame
time="2020-04-10T19:03:13+08:00" level=info msg="Session handshake Id=2, Remote=192.168.0.107:14099" component=RummyGame
time="2020-04-10T19:03:13+08:00" level=info msg="Receive handshake ACK Id=2, Remote=192.168.0.107:14099" component=RummyGame
time="2020-04-10T19:03:13+08:00" level=info msg="UID=0, Message={Request TRManager.Login (204bytes)}, Data=&{Version:Version1.0 Token:eyJhbGciOiJIUzI1NiIsInR5cCI6IkpXVCJ9.eyJleHAiOjE1ODY1ODgzMjcsImlkIjoyMDQsIm9yaWdfaWF0IjoxNTg2NTE2MzI3LCJyb2xlIjoxfQ.7UKc1d9ydT0co4HbSAyoxJAHApBcqP823bZPXUhn26g Uid:204}" component=RummyGame
time="2020-04-10T19:03:13+08:00" level=info msg="localProcess service: TRManager" component=RummyGame
time="2020-04-10T19:03:13+08:00" level=info msg="&{13386939675705448  zJMZy4bIu   10000 1000 204 0 1586516327 0 GUEST_204 1585816037 1 0 0}"
time="2020-04-10T19:03:13+08:00" level=info msg="玩家的信息: &{13386939675705448  zJMZy4bIu   10000 1000 204 0 1586516327 0 GUEST_204 1585816037 1 0 0}"
time="2020-04-10T19:03:13+08:00" level=info msg="Login:Uid:  Id 0 2" component=game
time="2020-04-10T19:03:13+08:00" level=info msg="玩家: 204不在线，创建新的玩家 :"
time="2020-04-10T19:03:13+08:00" level=info msg="Add session to group _SYSTEM_MESSAGE_BROADCAST, ID=2, UID=204" component=RummyGame
time="2020-04-10T19:03:13+08:00" level=info msg="agent.Response***************************** " component=RummyGame
time="2020-04-10T19:03:13+08:00" level=info msg="Type=Response, ID=2, UID=204, MID=1, Data=&{Success:true Uid:204 Nickname:GUEST_204 HeadUrl: Sex:1 Error:}" component=RummyGame
time="2020-04-10T19:03:14+08:00" level=info msg="UID=204, Message={Request TRDeskManager.JoinDesk (34bytes)}, Data=&{Uid:204 NickName:GUEST_204}" component=RummyGame
time="2020-04-10T19:03:14+08:00" level=info msg="localProcess service: TRDeskManager" component=RummyGame
time="2020-04-10T19:03:14+08:00" level=info msg="收到加入桌子请求 &{204 GUEST_204}" component=game
time="2020-04-10T19:03:14+08:00" level=info msg="new desk: 735587" component=game
time="2020-04-10T19:03:14+08:00" level=info msg="GUEST_204 加入房间！"
time="2020-04-10T19:03:14+08:00" level=info msg="Multicast Rummy.NoticePlayerState, Data=&{SeatId:0 PlayerState:1 PlayerInfo:{SeatPos:0 Nickname:GUEST_204 Sex:1 HeadUrl: Score:0 StarNum:0 IsBanker:false IsKing:false Sitdown:true LiXian:false Show:false IsSettle:false Coins:0}}" component=RummyGame
time="2020-04-10T19:03:14+08:00" level=info msg="Add session to group c66ba749-4419-401d-b8f0-f8bdf136ab49, ID=2, UID=204" component=RummyGame
time="2020-04-10T19:03:14+08:00" level=info msg="agent.Response***************************** " component=RummyGame
time="2020-04-10T19:03:14+08:00" level=info msg="Type=Response, ID=2, UID=204, MID=2, Data=&{Success:true DeskInfo:{PointValue:100 DecksNum:2 MaxWining:40000 Maxlosing:8000 SettleCoins:0 GameState:0 GameStateTime:0 TotalStateTime:0 WildCard:0 ShowCard:0 PublicCard:0 CardsNum:106 OperSeatId:-1 BankerSeatId:0 KingSeatId:0 FirstSeatId:-1 UserSeatId:0 WinPlayerId:0 HandCard:[] PlayersInfo:[{SeatPos:0 Nickname:GUEST_204 Sex:1 HeadUrl: Score:0 StarNum:0 IsBanker:false IsKing:true Sitdown:true LiXian:false Show:false IsSettle:false Coins:114640}]} Code:0 Error:}" component=RummyGame
time="2020-04-10T19:03:15+08:00" level=info msg="New session established: Remote=192.168.0.107:14109, LastTime=1586516595" component=RummyGame
time="2020-04-10T19:03:15+08:00" level=info msg="Session handshake Id=3, Remote=192.168.0.107:14109" component=RummyGame
time="2020-04-10T19:03:15+08:00" level=info msg="Receive handshake ACK Id=3, Remote=192.168.0.107:14109" component=RummyGame
time="2020-04-10T19:03:15+08:00" level=info msg="UID=0, Message={Request TRManager.Login (204bytes)}, Data=&{Version:Version1.0 Token:eyJhbGciOiJIUzI1NiIsInR5cCI6IkpXVCJ9.eyJleHAiOjE1ODY1ODgzMjksImlkIjoyMDUsIm9yaWdfaWF0IjoxNTg2NTE2MzI5LCJyb2xlIjoxfQ.9kg2e8ZjtuyWj81bGs8jZAC-FsZW0IuPRk5QfuYm_tw Uid:205}" component=RummyGame
time="2020-04-10T19:03:15+08:00" level=info msg="localProcess service: TRManager" component=RummyGame
time="2020-04-10T19:03:15+08:00" level=info msg="&{13413665797570664  zQx6j6Hxw   10000 1000 205 0 1586516329 0 GUEST_205 1585831967 1 0 0}"
time="2020-04-10T19:03:15+08:00" level=info msg="玩家的信息: &{13413665797570664  zQx6j6Hxw   10000 1000 205 0 1586516329 0 GUEST_205 1585831967 1 0 0}"
time="2020-04-10T19:03:15+08:00" level=info msg="Login:Uid:  Id 0 3" component=game
time="2020-04-10T19:03:15+08:00" level=info msg="玩家: 205不在线，创建新的玩家 :"
time="2020-04-10T19:03:15+08:00" level=info msg="Add session to group _SYSTEM_MESSAGE_BROADCAST, ID=3, UID=205" component=RummyGame
time="2020-04-10T19:03:15+08:00" level=info msg="agent.Response***************************** " component=RummyGame
time="2020-04-10T19:03:15+08:00" level=info msg="Type=Response, ID=3, UID=205, MID=1, Data=&{Success:true Uid:205 Nickname:GUEST_205 HeadUrl: Sex:1 Error:}" component=RummyGame
time="2020-04-10T19:03:15+08:00" level=info msg="UID=205, Message={Request TRDeskManager.JoinDesk (34bytes)}, Data=&{Uid:205 NickName:GUEST_205}" component=RummyGame
time="2020-04-10T19:03:15+08:00" level=info msg="localProcess service: TRDeskManager" component=RummyGame
time="2020-04-10T19:03:15+08:00" level=info msg="收到加入桌子请求 &{205 GUEST_205}" component=game
time="2020-04-10T19:03:15+08:00" level=info msg="GUEST_205 加入房间！"
time="2020-04-10T19:03:15+08:00" level=info msg="Multicast Rummy.NoticePlayerState, Data=&{SeatId:1 PlayerState:1 PlayerInfo:{SeatPos:1 Nickname:GUEST_205 Sex:1 HeadUrl: Score:0 StarNum:0 IsBanker:false IsKing:false Sitdown:true LiXian:false Show:false IsSettle:false Coins:0}}" component=RummyGame
time="2020-04-10T19:03:15+08:00" level=info msg="Type=Push, ID=2, UID=204, Route=Rummy.NoticePlayerState, Data=223bytes" component=RummyGame
time="2020-04-10T19:03:15+08:00" level=info msg="agent  Push -- ip : Rummy.NoticePlayerState 192.168.0.107:14099" component=RummyGame
time="2020-04-10T19:03:15+08:00" level=info msg="Add session to group c66ba749-4419-401d-b8f0-f8bdf136ab49, ID=3, UID=205" component=RummyGame
time="2020-04-10T19:03:15+08:00" level=info msg="agent.Response***************************** " component=RummyGame
time="2020-04-10T19:03:15+08:00" level=info msg="Type=Response, ID=3, UID=205, MID=2, Data=&{Success:true DeskInfo:{PointValue:100 DecksNum:2 MaxWining:40000 Maxlosing:8000 SettleCoins:0 GameState:0 GameStateTime:0 TotalStateTime:0 WildCard:0 ShowCard:0 PublicCard:0 CardsNum:106 OperSeatId:-1 BankerSeatId:0 KingSeatId:0 FirstSeatId:-1 UserSeatId:1 WinPlayerId:0 HandCard:[] PlayersInfo:[{SeatPos:0 Nickname:GUEST_204 Sex:1 HeadUrl: Score:0 StarNum:0 IsBanker:false IsKing:true Sitdown:true LiXian:false Show:false IsSettle:false Coins:114640} {SeatPos:1 Nickname:GUEST_205 Sex:1 HeadUrl: Score:0 StarNum:0 IsBanker:false IsKing:false Sitdown:true LiXian:false Show:false IsSettle:false Coins:203896}]} Code:0 Error:}" component=RummyGame
time="2020-04-10T19:03:15+08:00" level=info msg="Broadcast Rummy.NoticeGameState, Data=&{GameState:1 Time:7 TotalTime:7 OperateId:0}" component=RummyGame
time="2020-04-10T19:03:15+08:00" level=info msg="Type=Push, ID=2, UID=204, Route=Rummy.NoticeGameState, Data=52bytes" component=RummyGame
time="2020-04-10T19:03:15+08:00" level=info msg="agent  Push -- ip : Rummy.NoticeGameState 192.168.0.107:14099" component=RummyGame
time="2020-04-10T19:03:15+08:00" level=info msg="Type=Push, ID=3, UID=205, Route=Rummy.NoticeGameState, Data=52bytes" component=RummyGame
time="2020-04-10T19:03:15+08:00" level=info msg="agent  Push -- ip : Rummy.NoticeGameState 192.168.0.107:14109" component=RummyGame
time="2020-04-10T19:03:16+08:00" level=info msg="New session established: Remote=192.168.0.107:14110, LastTime=1586516596" component=RummyGame
time="2020-04-10T19:03:16+08:00" level=info msg="Session handshake Id=4, Remote=192.168.0.107:14110" component=RummyGame
time="2020-04-10T19:03:16+08:00" level=info msg="Receive handshake ACK Id=4, Remote=192.168.0.107:14110" component=RummyGame
time="2020-04-10T19:03:16+08:00" level=info msg="UID=0, Message={Request TRManager.Login (204bytes)}, Data=&{Version:Version1.0 Token:eyJhbGciOiJIUzI1NiIsInR5cCI6IkpXVCJ9.eyJleHAiOjE1ODY1ODgzMzAsImlkIjoyMDEsIm9yaWdfaWF0IjoxNTg2NTE2MzMwLCJyb2xlIjoxfQ.oeBJkvB1ZvxRXGYiUfNKR9oYOTq3ZvP9WIgWCxPvL7U Uid:201}" component=RummyGame
time="2020-04-10T19:03:16+08:00" level=info msg="localProcess service: TRManager" component=RummyGame
time="2020-04-10T19:03:16+08:00" level=info msg="&{13378755363864680  zH2UQQBD6   10000 1000 201 0 1586516330 0 GUEST_201 1585811159 1 0 0}"
time="2020-04-10T19:03:16+08:00" level=info msg="玩家的信息: &{13378755363864680  zH2UQQBD6   10000 1000 201 0 1586516330 0 GUEST_201 1585811159 1 0 0}"
time="2020-04-10T19:03:16+08:00" level=info msg="Login:Uid:  Id 0 4" component=game
time="2020-04-10T19:03:16+08:00" level=info msg="玩家: 201不在线，创建新的玩家 :"
time="2020-04-10T19:03:16+08:00" level=info msg="Add session to group _SYSTEM_MESSAGE_BROADCAST, ID=4, UID=201" component=RummyGame
time="2020-04-10T19:03:16+08:00" level=info msg="agent.Response***************************** " component=RummyGame
time="2020-04-10T19:03:16+08:00" level=info msg="Type=Response, ID=4, UID=201, MID=1, Data=&{Success:true Uid:201 Nickname:GUEST_201 HeadUrl: Sex:1 Error:}" component=RummyGame
time="2020-04-10T19:03:16+08:00" level=info msg="UID=201, Message={Request TRDeskManager.JoinDesk (34bytes)}, Data=&{Uid:201 NickName:GUEST_201}" component=RummyGame
time="2020-04-10T19:03:16+08:00" level=info msg="localProcess service: TRDeskManager" component=RummyGame
time="2020-04-10T19:03:16+08:00" level=info msg="收到加入桌子请求 &{201 GUEST_201}" component=game
time="2020-04-10T19:03:16+08:00" level=info msg="GUEST_201 加入房间！"
time="2020-04-10T19:03:16+08:00" level=info msg="Multicast Rummy.NoticePlayerState, Data=&{SeatId:2 PlayerState:1 PlayerInfo:{SeatPos:2 Nickname:GUEST_201 Sex:1 HeadUrl: Score:0 StarNum:0 IsBanker:false IsKing:false Sitdown:true LiXian:false Show:false IsSettle:false Coins:0}}" component=RummyGame
time="2020-04-10T19:03:16+08:00" level=info msg="Type=Push, ID=2, UID=204, Route=Rummy.NoticePlayerState, Data=223bytes" component=RummyGame
time="2020-04-10T19:03:16+08:00" level=info msg="agent  Push -- ip : Rummy.NoticePlayerState 192.168.0.107:14099" component=RummyGame
time="2020-04-10T19:03:16+08:00" level=info msg="Type=Push, ID=3, UID=205, Route=Rummy.NoticePlayerState, Data=223bytes" component=RummyGame
time="2020-04-10T19:03:16+08:00" level=info msg="agent  Push -- ip : Rummy.NoticePlayerState 192.168.0.107:14109" component=RummyGame
time="2020-04-10T19:03:16+08:00" level=info msg="Add session to group c66ba749-4419-401d-b8f0-f8bdf136ab49, ID=4, UID=201" component=RummyGame
time="2020-04-10T19:03:16+08:00" level=info msg="agent.Response***************************** " component=RummyGame
time="2020-04-10T19:03:16+08:00" level=info msg="Type=Response, ID=4, UID=201, MID=2, Data=&{Success:true DeskInfo:{PointValue:100 DecksNum:2 MaxWining:40000 Maxlosing:8000 SettleCoins:0 GameState:1 GameStateTime:5 TotalStateTime:7 WildCard:0 ShowCard:0 PublicCard:0 CardsNum:106 OperSeatId:-1 BankerSeatId:0 KingSeatId:0 FirstSeatId:-1 UserSeatId:2 WinPlayerId:0 HandCard:[] PlayersInfo:[{SeatPos:0 Nickname:GUEST_204 Sex:1 HeadUrl: Score:0 StarNum:0 IsBanker:false IsKing:true Sitdown:true LiXian:false Show:false IsSettle:false Coins:114640} {SeatPos:1 Nickname:GUEST_205 Sex:1 HeadUrl: Score:0 StarNum:0 IsBanker:false IsKing:false Sitdown:true LiXian:false Show:false IsSettle:false Coins:203896} {SeatPos:2 Nickname:GUEST_201 Sex:1 HeadUrl: Score:0 StarNum:0 IsBanker:false IsKing:false Sitdown:true LiXian:false Show:false IsSettle:false Coins:188626}]} Code:0 Error:}" component=RummyGame
time="2020-04-10T19:03:21+08:00" level=info msg="游戏开始！//////////////////////////////////"
time="2020-04-10T19:03:21+08:00" level=info msg="发牌!/////////////////////////////////////"
time="2020-04-10T19:03:21+08:00" level=info msg="GUEST_204 玩家手牌：方块2方块3方块4方块5方块6方块7方块8方块9方块10方块11方块12方块13方块1"
time="2020-04-10T19:03:21+08:00" level=info msg="GUEST_205 玩家手牌：方块3方块8红桃3红桃6红桃8红桃10红桃12黑桃2黑桃6黑桃7黑桃9黑桃11黑桃12"
time="2020-04-10T19:03:21+08:00" level=info msg="GUEST_201 玩家手牌：方块11梅花4梅花6梅花8梅花9梅花12红桃7红桃11红桃1黑桃5黑桃9黑桃11"
time="2020-04-10T19:03:21+08:00" level=info msg="庄家：GUEST_204"
time="2020-04-10T19:03:21+08:00" level=info msg="首家：GUEST_205"
time="2020-04-10T19:03:21+08:00" level=info msg="Type=Push, ID=2, UID=204, Route=Rummy.PushGameStrat, Data=&{PointValue:100 DecksNum:2 MaxWining:40000 Maxlosing:8000 SettleCoins:0 GameState:2 GameStateTime:0 TotalStateTime:9 WildCard:0 ShowCard:0 PublicCard:0 CardsNum:80 OperSeatId:1 BankerSeatId:0 KingSeatId:0 FirstSeatId:1 UserSeatId:0 WinPlayerId:0 HandCard:[{Cards:[2 3 4 5 6 7 8 9 10 11 12 13 1] Type:0 Point:0}] PlayersInfo:[{SeatPos:2 Nickname:GUEST_201 Sex:1 HeadUrl: Score:0 StarNum:0 IsBanker:false IsKing:false Sitdown:true LiXian:false Show:false IsSettle:false Coins:188626} {SeatPos:0 Nickname:GUEST_204 Sex:1 HeadUrl: Score:0 StarNum:0 IsBanker:false IsKing:true Sitdown:true LiXian:false Show:false IsSettle:false Coins:114640} {SeatPos:1 Nickname:GUEST_205 Sex:1 HeadUrl: Score:0 StarNum:0 IsBanker:false IsKing:false Sitdown:true LiXian:false Show:false IsSettle:false Coins:203896}]}" component=RummyGame
time="2020-04-10T19:03:21+08:00" level=info msg="agent  Push -- ip : Rummy.PushGameStrat 192.168.0.107:14099" component=RummyGame
time="2020-04-10T19:03:21+08:00" level=info msg="Type=Push, ID=3, UID=205, Route=Rummy.PushGameStrat, Data=&{PointValue:100 DecksNum:2 MaxWining:40000 Maxlosing:8000 SettleCoins:0 GameState:2 GameStateTime:0 TotalStateTime:9 WildCard:0 ShowCard:0 PublicCard:0 CardsNum:80 OperSeatId:1 BankerSeatId:0 KingSeatId:0 FirstSeatId:1 UserSeatId:1 WinPlayerId:0 HandCard:[{Cards:[3 8] Type:0 Point:0} {Cards:[35 38 40 42 44] Type:0 Point:0} {Cards:[50 54 55 57 59 60] Type:0 Point:0}] PlayersInfo:[{SeatPos:0 Nickname:GUEST_204 Sex:1 HeadUrl: Score:0 StarNum:0 IsBanker:false IsKing:true Sitdown:true LiXian:false Show:false IsSettle:false Coins:114640} {SeatPos:1 Nickname:GUEST_205 Sex:1 HeadUrl: Score:0 StarNum:0 IsBanker:false IsKing:false Sitdown:true LiXian:false Show:false IsSettle:false Coins:203896} {SeatPos:2 Nickname:GUEST_201 Sex:1 HeadUrl: Score:0 StarNum:0 IsBanker:false IsKing:false Sitdown:true LiXian:false Show:false IsSettle:false Coins:188626}]}" component=RummyGame
time="2020-04-10T19:03:21+08:00" level=info msg="agent  Push -- ip : Rummy.PushGameStrat 192.168.0.107:14109" component=RummyGame
time="2020-04-10T19:03:21+08:00" level=info msg="Type=Push, ID=4, UID=201, Route=Rummy.PushGameStrat, Data=&{PointValue:100 DecksNum:2 MaxWining:40000 Maxlosing:8000 SettleCoins:0 GameState:2 GameStateTime:0 TotalStateTime:9 WildCard:0 ShowCard:0 PublicCard:0 CardsNum:80 OperSeatId:1 BankerSeatId:0 KingSeatId:0 FirstSeatId:1 UserSeatId:2 WinPlayerId:0 HandCard:[{Cards:[11] Type:0 Point:0} {Cards:[20 22 24 25 28] Type:0 Point:0} {Cards:[39 43 33] Type:0 Point:0} {Cards:[53 57 59] Type:0 Point:0} {Cards:[65] Type:0 Point:0}] PlayersInfo:[{SeatPos:0 Nickname:GUEST_204 Sex:1 HeadUrl: Score:0 StarNum:0 IsBanker:false IsKing:true Sitdown:true LiXian:false Show:false IsSettle:false Coins:114640} {SeatPos:1 Nickname:GUEST_205 Sex:1 HeadUrl: Score:0 StarNum:0 IsBanker:false IsKing:false Sitdown:true LiXian:false Show:false IsSettle:false Coins:203896} {SeatPos:2 Nickname:GUEST_201 Sex:1 HeadUrl: Score:0 StarNum:0 IsBanker:false IsKing:false Sitdown:true LiXian:false Show:false IsSettle:false Coins:188626}]}" component=RummyGame
time="2020-04-10T19:03:21+08:00" level=info msg="agent  Push -- ip : Rummy.PushGameStrat 192.168.0.107:14110" component=RummyGame
time="2020-04-10T19:03:21+08:00" level=info msg="万能牌：方块12"
time="2020-04-10T19:03:21+08:00" level=info msg="第一张公摊牌： 梅花3"
time="2020-04-10T19:03:21+08:00" level=info msg="Broadcast Rummy.NoticeGameState, Data=&{GameState:2 Time:0 TotalTime:9 OperateId:0}" component=RummyGame
time="2020-04-10T19:03:21+08:00" level=info msg="Type=Push, ID=2, UID=204, Route=Rummy.NoticeGameState, Data=52bytes" component=RummyGame
time="2020-04-10T19:03:21+08:00" level=info msg="agent  Push -- ip : Rummy.NoticeGameState 192.168.0.107:14099" component=RummyGame
time="2020-04-10T19:03:21+08:00" level=info msg="Type=Push, ID=3, UID=205, Route=Rummy.NoticeGameState, Data=52bytes" component=RummyGame
time="2020-04-10T19:03:21+08:00" level=info msg="agent  Push -- ip : Rummy.NoticeGameState 192.168.0.107:14109" component=RummyGame
time="2020-04-10T19:03:21+08:00" level=info msg="Type=Push, ID=4, UID=201, Route=Rummy.NoticeGameState, Data=52bytes" component=RummyGame
time="2020-04-10T19:03:21+08:00" level=info msg="agent  Push -- ip : Rummy.NoticeGameState 192.168.0.107:14110" component=RummyGame
time="2020-04-10T19:03:21+08:00" level=info msg="Type=Push, ID=2, UID=204, Route=Rummy.PushSendCard, Data=&{HandCards:[2 3 4 5 6 7 8 9 10 11 12 13 1] WildCard:12 FristCard:19}" component=RummyGame
time="2020-04-10T19:03:21+08:00" level=info msg="agent  Push -- ip : Rummy.PushSendCard 192.168.0.107:14099" component=RummyGame
time="2020-04-10T19:03:21+08:00" level=info msg="Type=Push, ID=3, UID=205, Route=Rummy.PushSendCard, Data=&{HandCards:[3 8 35 38 40 42 44 50 54 55 57 59 60] WildCard:12 FristCard:19}" component=RummyGame
time="2020-04-10T19:03:21+08:00" level=info msg="agent  Push -- ip : Rummy.PushSendCard 192.168.0.107:14109" component=RummyGame
time="2020-04-10T19:03:21+08:00" level=info msg="Type=Push, ID=4, UID=201, Route=Rummy.PushSendCard, Data=&{HandCards:[11 20 22 24 25 28 39 43 33 53 57 59 65] WildCard:12 FristCard:19}" component=RummyGame
time="2020-04-10T19:03:21+08:00" level=info msg="agent  Push -- ip : Rummy.PushSendCard 192.168.0.107:14110" component=RummyGame
time="2020-04-10T19:03:30+08:00" level=info msg="Broadcast Rummy.NoticeGameState, Data=&{GameState:3 Time:30 TotalTime:30 OperateId:1}" component=RummyGame
time="2020-04-10T19:03:30+08:00" level=info msg="Type=Push, ID=2, UID=204, Route=Rummy.NoticeGameState, Data=54bytes" component=RummyGame
time="2020-04-10T19:03:30+08:00" level=info msg="agent  Push -- ip : Rummy.NoticeGameState 192.168.0.107:14099" component=RummyGame
time="2020-04-10T19:03:30+08:00" level=info msg="Type=Push, ID=3, UID=205, Route=Rummy.NoticeGameState, Data=54bytes" component=RummyGame
time="2020-04-10T19:03:30+08:00" level=info msg="agent  Push -- ip : Rummy.NoticeGameState 192.168.0.107:14109" component=RummyGame
time="2020-04-10T19:03:30+08:00" level=info msg="Type=Push, ID=4, UID=201, Route=Rummy.NoticeGameState, Data=54bytes" component=RummyGame
time="2020-04-10T19:03:30+08:00" level=info msg="agent  Push -- ip : Rummy.NoticeGameState 192.168.0.107:14110" component=RummyGame
time="2020-04-10T19:03:30+08:00" level=info msg="Broadcast Rummy.PushRoundInfo, Data=&{GiveUpCoins:2000}" component=RummyGame
time="2020-04-10T19:03:30+08:00" level=info msg="Type=Push, ID=2, UID=204, Route=Rummy.PushRoundInfo, Data=20bytes" component=RummyGame
time="2020-04-10T19:03:30+08:00" level=info msg="agent  Push -- ip : Rummy.PushRoundInfo 192.168.0.107:14099" component=RummyGame
time="2020-04-10T19:03:30+08:00" level=info msg="Type=Push, ID=3, UID=205, Route=Rummy.PushRoundInfo, Data=20bytes" component=RummyGame
time="2020-04-10T19:03:30+08:00" level=info msg="agent  Push -- ip : Rummy.PushRoundInfo 192.168.0.107:14109" component=RummyGame
time="2020-04-10T19:03:30+08:00" level=info msg="Type=Push, ID=4, UID=201, Route=Rummy.PushRoundInfo, Data=20bytes" component=RummyGame
time="2020-04-10T19:03:30+08:00" level=info msg="agent  Push -- ip : Rummy.PushRoundInfo 192.168.0.107:14110" component=RummyGame
time="2020-04-10T19:03:30+08:00" level=info msg="当前轮到： GUEST_205"
time="2020-04-10T19:03:30+08:00" level=info msg="UID=205, Message={Request TRDeskManager.ShowCard (98bytes)}, Data=&{CardsSets:[{Cards:[50 54 55 57 59 60] Type:0 Point:0} {Cards:[35 38 40 42 44] Type:0 Point:0} {Cards:[3 8] Type:0 Point:0}] Phase:0}" component=RummyGame
time="2020-04-10T19:03:30+08:00" level=info msg="localProcess service: TRDeskManager" component=RummyGame
time="2020-04-10T19:03:30+08:00" level=info msg="UID=201, Message={Request TRDeskManager.ShowCard (124bytes)}, Data=&{CardsSets:[{Cards:[53 57 59] Type:0 Point:0} {Cards:[33 39 43] Type:0 Point:0} {Cards:[20 22 24 25 28] Type:0 Point:0} {Cards:[11] Type:0 Point:0} {Cards:[65] Type:0 Point:0}] Phase:0}" component=RummyGame
time="2020-04-10T19:03:30+08:00" level=info msg="localProcess service: TRDeskManager" component=RummyGame
time="2020-04-10T19:03:30+08:00" level=info msg="UID=204, Message={Request TRDeskManager.ShowCard (67bytes)}, Data=&{CardsSets:[{Cards:[1 2 3 4 5 6 7 8 9 10 11 12 13] Type:0 Point:0}] Phase:0}" component=RummyGame
time="2020-04-10T19:03:30+08:00" level=info msg="localProcess service: TRDeskManager" component=RummyGame
time="2020-04-10T19:03:30+08:00" level=info msg="收到组牌请求 &{[{[50 54 55 57 59 60] 0 0} {[35 38 40 42 44] 0 0} {[3 8] 0 0}] 0}" component=game
time="2020-04-10T19:03:30+08:00" level=info msg="整理牌请求：&{[{[50 54 55 57 59 60] 0 0} {[35 38 40 42 44] 0 0} {[3 8] 0 0}] 0} "
time="2020-04-10T19:03:30+08:00" level=info msg="整理牌应答：{true [{[50 54 55 57 59 60] 1 44} {[35 38 40 42 44] 1 37} {[3 8] 1 11}] 80 false 0 } "
time="2020-04-10T19:03:30+08:00" level=info msg="agent.Response***************************** " component=RummyGame
time="2020-04-10T19:03:30+08:00" level=info msg="Type=Response, ID=3, UID=205, MID=3, Data=&{Success:true CardsSets:[{Cards:[50 54 55 57 59 60] Type:1 Point:44} {Cards:[35 38 40 42 44] Type:1 Point:37} {Cards:[3 8] Type:1 Point:11}] TotalPoint:80 IsHu:false Phase:0 Error:}" component=RummyGame
time="2020-04-10T19:03:30+08:00" level=info msg="收到组牌请求 &{[{[53 57 59] 0 0} {[33 39 43] 0 0} {[20 22 24 25 28] 0 0} {[11] 0 0} {[65] 0 0}] 0}" component=game
time="2020-04-10T19:03:30+08:00" level=info msg="整理牌请求：&{[{[53 57 59] 0 0} {[33 39 43] 0 0} {[20 22 24 25 28] 0 0} {[11] 0 0} {[65] 0 0}] 0} "
time="2020-04-10T19:03:30+08:00" level=info msg="整理牌应答：{true [{[53 57 59] 1 24} {[33 39 43] 1 27} {[20 22 24 25 28] 1 37} {[11] 1 10} {[65] 1 0}] 80 false 0 } "
time="2020-04-10T19:03:30+08:00" level=info msg="agent.Response***************************** " component=RummyGame
time="2020-04-10T19:03:30+08:00" level=info msg="Type=Response, ID=4, UID=201, MID=3, Data=&{Success:true CardsSets:[{Cards:[53 57 59] Type:1 Point:24} {Cards:[33 39 43] Type:1 Point:27} {Cards:[20 22 24 25 28] Type:1 Point:37} {Cards:[11] Type:1 Point:10} {Cards:[65] Type:1 Point:0}] TotalPoint:80 IsHu:false Phase:0 Error:}" component=RummyGame
time="2020-04-10T19:03:30+08:00" level=info msg="收到组牌请求 &{[{[1 2 3 4 5 6 7 8 9 10 11 12 13] 0 0}] 0}" component=game
time="2020-04-10T19:03:30+08:00" level=info msg="整理牌请求：&{[{[1 2 3 4 5 6 7 8 9 10 11 12 13] 0 0}] 0} "
time="2020-04-10T19:03:30+08:00" level=info msg="整理牌应答：{true [{[1 2 3 4 5 6 7 8 9 10 11 12 13] 7 0}] 0 true 0 } "
time="2020-04-10T19:03:30+08:00" level=info msg="agent.Response***************************** " component=RummyGame
time="2020-04-10T19:03:30+08:00" level=info msg="Type=Response, ID=2, UID=204, MID=3, Data=&{Success:true CardsSets:[{Cards:[1 2 3 4 5 6 7 8 9 10 11 12 13] Type:7 Point:0}] TotalPoint:0 IsHu:true Phase:0 Error:}" component=RummyGame
time="2020-04-10T19:03:30+08:00" level=info msg="UID=201, Message={Request TRDeskManager.OutCardRecord (2bytes)}, Data=&{}" component=RummyGame
time="2020-04-10T19:03:30+08:00" level=info msg="localProcess service: TRDeskManager" component=RummyGame
time="2020-04-10T19:03:30+08:00" level=info msg="UID=204, Message={Request TRDeskManager.OutCardRecord (2bytes)}, Data=&{}" component=RummyGame
time="2020-04-10T19:03:30+08:00" level=info msg="localProcess service: TRDeskManager" component=RummyGame
time="2020-04-10T19:03:30+08:00" level=info msg="收到出牌记录请求 &{}" component=game
time="2020-04-10T19:03:30+08:00" level=info msg="agent.Response***************************** " component=RummyGame
time="2020-04-10T19:03:30+08:00" level=info msg="Type=Response, ID=4, UID=201, MID=4, Data=&{Success:true CardRecord:[[12] [3] [] []]}" component=RummyGame
time="2020-04-10T19:03:30+08:00" level=info msg="收到出牌记录请求 &{}" component=game
time="2020-04-10T19:03:30+08:00" level=info msg="agent.Response***************************** " component=RummyGame
time="2020-04-10T19:03:30+08:00" level=info msg="Type=Response, ID=2, UID=204, MID=4, Data=&{Success:true CardRecord:[[12] [3] [] []]}" component=RummyGame
time="2020-04-10T19:03:30+08:00" level=info msg="UID=205, Message={Request TRDeskManager.OutCardRecord (2bytes)}, Data=&{}" component=RummyGame
time="2020-04-10T19:03:30+08:00" level=info msg="localProcess service: TRDeskManager" component=RummyGame
time="2020-04-10T19:03:30+08:00" level=info msg="收到出牌记录请求 &{}" component=game
time="2020-04-10T19:03:30+08:00" level=info msg="agent.Response***************************** " component=RummyGame
time="2020-04-10T19:03:30+08:00" level=info msg="Type=Response, ID=3, UID=205, MID=4, Data=&{Success:true CardRecord:[[12] [3] [] []]}" component=RummyGame
time="2020-04-10T19:03:34+08:00" level=info msg="UID=204, Message={Request TRDeskManager.ShowCard (98bytes)}, Data=&{CardsSets:[{Cards:[7 9 13] Type:0 Point:0} {Cards:[1 2 3 4 5 6 8 10 11 12] Type:7 Point:0}] Phase:0}" component=RummyGame
time="2020-04-10T19:03:34+08:00" level=info msg="localProcess service: TRDeskManager" component=RummyGame
time="2020-04-10T19:03:34+08:00" level=info msg="收到组牌请求 &{[{[7 9 13] 0 0} {[1 2 3 4 5 6 8 10 11 12] 7 0}] 0}" component=game
time="2020-04-10T19:03:34+08:00" level=info msg="整理牌请求：&{[{[7 9 13] 0 0} {[1 2 3 4 5 6 8 10 11 12] 7 0}] 0} "
time="2020-04-10T19:03:34+08:00" level=info msg="整理牌应答：{true [{[7 9 13] 1 26} {[1 2 3 4 5 6 8 10 11 12] 1 68}] 80 false 0 } "
time="2020-04-10T19:03:34+08:00" level=info msg="agent.Response***************************** " component=RummyGame
time="2020-04-10T19:03:34+08:00" level=info msg="Type=Response, ID=2, UID=204, MID=5, Data=&{Success:true CardsSets:[{Cards:[7 9 13] Type:1 Point:26} {Cards:[1 2 3 4 5 6 8 10 11 12] Type:1 Point:68}] TotalPoint:80 IsHu:false Phase:0 Error:}" component=RummyGame
time="2020-04-10T19:03:37+08:00" level=info msg="UID=201, Message={Request TRDeskManager.ExitDesk (10bytes)}, Data=&{Type:2}" component=RummyGame
time="2020-04-10T19:03:37+08:00" level=info msg="localProcess service: TRDeskManager" component=RummyGame
time="2020-04-10T19:03:37+08:00" level=info msg="收到退出请求 &{2}" component=game
time="2020-04-10T19:03:37+08:00" level=info msg="agent.Response***************************** " component=RummyGame
time="2020-04-10T19:03:37+08:00" level=info msg="Type=Response, ID=4, UID=201, MID=5, Data=&{Success:true Type:2}" component=RummyGame
time="2020-04-10T19:03:37+08:00" level=info msg="[{{<nil> 11 方块11}} {{<nil> 20 梅花4}} {{<nil> 22 梅花6}} {{<nil> 24 梅花8}} {{<nil> 25 梅花9}} {{<nil> 28 梅花12}} {{<nil> 39 红桃7}} {{<nil> 43 红桃11}} {{<nil> 33 红桃1}} {{<nil> 53 黑桃5}} {{<nil> 57 黑桃9}} {{<nil> 59 黑桃11}} {{<nil> 65 }}] [{{<nil> 11 方块11}} {{<nil> 20 梅花4}} {{<nil> 22 梅花6}} {{<nil> 24 梅花8}} {{<nil> 25 梅花9}} {{<nil> 28 梅花12}} {{<nil> 39 红桃7}} {{<nil> 43 红桃11}} {{<nil> 33 红桃1}} {{<nil> 53 黑桃5}} {{<nil> 57 黑桃9}} {{<nil> 59 黑桃11}} {{<nil> 65 1}}]"
time="2020-04-10T19:03:37+08:00" level=info msg="广播玩家弃牌!!!!!!!!!!"
time="2020-04-10T19:03:37+08:00" level=info msg="Multicast Rummy.NoticeGiveUp, Data=&{SeatId:2 LosingCoins:2000 SettleCoins:2000 Point:20 IsShow:true}" component=RummyGame
time="2020-04-10T19:03:37+08:00" level=info msg="Type=Push, ID=3, UID=205, Route=Rummy.NoticeGiveUp, Data=75bytes" component=RummyGame
time="2020-04-10T19:03:37+08:00" level=info msg="agent  Push -- ip : Rummy.NoticeGiveUp 192.168.0.107:14109" component=RummyGame
time="2020-04-10T19:03:37+08:00" level=info msg="Type=Push, ID=2, UID=204, Route=Rummy.NoticeGiveUp, Data=75bytes" component=RummyGame
time="2020-04-10T19:03:37+08:00" level=info msg="agent  Push -- ip : Rummy.NoticeGiveUp 192.168.0.107:14099" component=RummyGame
time="2020-04-10T19:03:37+08:00" level=info msg="Remove session from group c66ba749-4419-401d-b8f0-f8bdf136ab49, UID=201" component=RummyGame
time="2020-04-10T19:03:37+08:00" level=info msg="Broadcast Rummy.NoticePlayerState, Data=&{SeatId:2 PlayerState:2 PlayerInfo:{SeatPos:0 Nickname: Sex:0 HeadUrl: Score:0 StarNum:0 IsBanker:false IsKing:false Sitdown:false LiXian:false Show:false IsSettle:false Coins:0}}" component=RummyGame
time="2020-04-10T19:03:37+08:00" level=info msg="Type=Push, ID=2, UID=204, Route=Rummy.NoticePlayerState, Data=215bytes" component=RummyGame
time="2020-04-10T19:03:37+08:00" level=info msg="agent  Push -- ip : Rummy.NoticePlayerState 192.168.0.107:14099" component=RummyGame
time="2020-04-10T19:03:37+08:00" level=info msg="Type=Push, ID=3, UID=205, Route=Rummy.NoticePlayerState, Data=215bytes" component=RummyGame
time="2020-04-10T19:03:37+08:00" level=info msg="agent  Push -- ip : Rummy.NoticePlayerState 192.168.0.107:14109" component=RummyGame
time="2020-04-10T19:03:37+08:00" level=info msg="UID=201, Message={Request TRDeskManager.JoinDesk (34bytes)}, Data=&{Uid:201 NickName:GUEST_201}" component=RummyGame
time="2020-04-10T19:03:37+08:00" level=info msg="localProcess service: TRDeskManager" component=RummyGame
time="2020-04-10T19:03:40+08:00" level=info msg="收到加入桌子请求 &{201 GUEST_201}" component=game
time="2020-04-10T19:03:46+08:00" level=info msg="Broadcast Rummy.NoticeGameState, Data=&{GameState:3 Time:30 TotalTime:30 OperateId:1}" component=RummyGame
time="2020-04-10T19:03:50+08:00" level=info msg="Type=Push, ID=2, UID=204, Route=Rummy.NoticeGameState, Data=54bytes" component=RummyGame
time="2020-04-10T19:03:53+08:00" level=info msg="agent  Push -- ip : Rummy.NoticeGameState 192.168.0.107:14099" component=RummyGame
time="2020-04-10T19:03:57+08:00" level=info msg="Type=Push, ID=3, UID=205, Route=Rummy.NoticeGameState, Data=54bytes" component=RummyGame
time="2020-04-10T19:03:57+08:00" level=info msg="agent  Push -- ip : Rummy.NoticeGameState 192.168.0.107:14109" component=RummyGame
time="2020-04-10T19:03:57+08:00" level=info msg="Type=Push, ID=3, UID=205, Route=Rummy.PushRoundInfo, Data=&{GiveUpCoins:4000}" component=RummyGame
time="2020-04-10T19:03:57+08:00" level=info msg="agent  Push -- ip : Rummy.PushRoundInfo 192.168.0.107:14109" component=RummyGame
time="2020-04-10T19:03:57+08:00" level=info msg="当前轮到： GUEST_205"
time="2020-04-10T19:03:57+08:00" level=info msg="new desk: 494734" component=game
time="2020-04-10T19:04:02+08:00" level=info msg="GUEST_201 加入房间！"
time="2020-04-10T19:04:04+08:00" level=info msg="Multicast Rummy.NoticePlayerState, Data=&{SeatId:0 PlayerState:1 PlayerInfo:{SeatPos:0 Nickname:GUEST_201 Sex:1 HeadUrl: Score:0 StarNum:0 IsBanker:false IsKing:false Sitdown:true LiXian:false Show:false IsSettle:false Coins:0}}" component=RummyGame
time="2020-04-10T19:04:04+08:00" level=info msg="Add session to group 8bbf603c-7217-4853-8525-4d70ef494482, ID=4, UID=201" component=RummyGame
time="2020-04-10T19:04:04+08:00" level=info msg="agent.Response***************************** " component=RummyGame
time="2020-04-10T19:04:04+08:00" level=info msg="Type=Response, ID=4, UID=201, MID=6, Data=&{Success:true DeskInfo:{PointValue:100 DecksNum:2 MaxWining:40000 Maxlosing:8000 SettleCoins:0 GameState:0 GameStateTime:0 TotalStateTime:0 WildCard:0 ShowCard:0 PublicCard:0 CardsNum:106 OperSeatId:-1 BankerSeatId:0 KingSeatId:0 FirstSeatId:-1 UserSeatId:0 WinPlayerId:0 HandCard:[] PlayersInfo:[{SeatPos:0 Nickname:GUEST_201 Sex:1 HeadUrl: Score:0 StarNum:0 IsBanker:false IsKing:true Sitdown:true LiXian:false Show:false IsSettle:false Coins:186626}]} Code:0 Error:}" component=RummyGame
time="2020-04-10T19:04:11+08:00" level=info msg="Read message error: websocket: close 1001 (going away), session will be closed immediately" component=RummyGame
time="2020-04-10T19:04:11+08:00" level=info msg="Session closed, ID=2, UID=204, IP=192.168.0.107:14099" component=RummyGame
time="2020-04-10T19:04:11+08:00" level=info msg="Session read goroutine exit, SessionID=2, UID=204" component=RummyGame
time="2020-04-10T19:04:11+08:00" level=info msg="Remove session from group _SYSTEM_MESSAGE_BROADCAST, UID=204" component=RummyGame
time="2020-04-10T19:04:11+08:00" level=info msg="Session write goroutine exit, SessionID=2, UID=204" component=RummyGame
time="2020-04-10T19:04:11+08:00" level=info msg="**************session OnClose :uid  204" component=game
time="2020-04-10T19:04:11+08:00" level=info msg="Remove session from group c66ba749-4419-401d-b8f0-f8bdf136ab49, UID=204" component=RummyGame
time="2020-04-10T19:04:11+08:00" level=info msg="Broadcast Rummy.NoticePlayerState, Data=&{SeatId:0 PlayerState:4 PlayerInfo:{SeatPos:0 Nickname: Sex:0 HeadUrl: Score:0 StarNum:0 IsBanker:false IsKing:false Sitdown:false LiXian:false Show:false IsSettle:false Coins:0}}" component=RummyGame
time="2020-04-10T19:04:11+08:00" level=info msg="Type=Push, ID=3, UID=205, Route=Rummy.NoticePlayerState, Data=215bytes" component=RummyGame
time="2020-04-10T19:04:11+08:00" level=info msg="agent  Push -- ip : Rummy.NoticePlayerState 192.168.0.107:14109" component=RummyGame
time="2020-04-10T19:04:11+08:00" level=info msg="玩家断线！ &{204 0  GUEST_204 IP 1 0 0 true true true 114640 0xc00013a870 0xc00017a200 0 false false false false [{{<nil> 2 方块2}} {{<nil> 3 方块3}} {{<nil> 4 方块4}} {{<nil> 5 方块5}} {{<nil> 6 方块6}} {{<nil> 7 方块7}} {{<nil> 8 方块8}} {{<nil> 9 方块9}} {{<nil> 10 方块10}} {{<nil> 11 方块11}} {{<nil> 12 方块12}} {{<nil> 13 方块13}} {{<nil> 1 方块1}}] [{[7 9 13] 1 26} {[1 2 3 4 5 6 8 10 11 12] 1 68}] 0 0 true}"
time="2020-04-10T19:04:12+08:00" level=info msg="Read message error: websocket: close 1001 (going away), session will be closed immediately" component=RummyGame
time="2020-04-10T19:04:12+08:00" level=info msg="Session closed, ID=3, UID=205, IP=192.168.0.107:14109" component=RummyGame
time="2020-04-10T19:04:12+08:00" level=info msg="Session read goroutine exit, SessionID=3, UID=205" component=RummyGame
time="2020-04-10T19:04:12+08:00" level=info msg="Session write goroutine exit, SessionID=3, UID=205" component=RummyGame
time="2020-04-10T19:04:12+08:00" level=info msg="Remove session from group _SYSTEM_MESSAGE_BROADCAST, UID=205" component=RummyGame
time="2020-04-10T19:04:12+08:00" level=info msg="**************session OnClose :uid  205" component=game
time="2020-04-10T19:04:12+08:00" level=info msg="Remove session from group c66ba749-4419-401d-b8f0-f8bdf136ab49, UID=205" component=RummyGame
time="2020-04-10T19:04:12+08:00" level=info msg="Broadcast Rummy.NoticePlayerState, Data=&{SeatId:1 PlayerState:4 PlayerInfo:{SeatPos:0 Nickname: Sex:0 HeadUrl: Score:0 StarNum:0 IsBanker:false IsKing:false Sitdown:false LiXian:false Show:false IsSettle:false Coins:0}}" component=RummyGame
time="2020-04-10T19:04:12+08:00" level=info msg="玩家断线！ &{205 1  GUEST_205 IP 1 0 0 true true true 203896 0xc000254050 0xc00017a200 0 false false false false [{{<nil> 3 方块3}} {{<nil> 8 方块8}} {{<nil> 35 红桃3}} {{<nil> 38 红桃6}} {{<nil> 40 红桃8}} {{<nil> 42 红桃10}} {{<nil> 44 红桃12}} {{<nil> 50 黑桃2}} {{<nil> 54 黑桃6}} {{<nil> 55 黑桃7}} {{<nil> 57 黑桃9}} {{<nil> 59 黑桃11}} {{<nil> 60 黑桃12}}] [{[50 54 55 57 59 60] 1 44} {[35 38 40 42 44] 1 37} {[3 8] 1 11}] 0 0 false}"
time="2020-04-10T19:04:13+08:00" level=info msg="Read message error: websocket: close 1001 (going away), session will be closed immediately" component=RummyGame
time="2020-04-10T19:04:13+08:00" level=info msg="Session closed, ID=4, UID=201, IP=192.168.0.107:14110" component=RummyGame
time="2020-04-10T19:04:13+08:00" level=info msg="Session write goroutine exit, SessionID=4, UID=201" component=RummyGame
time="2020-04-10T19:04:13+08:00" level=info msg="Session read goroutine exit, SessionID=4, UID=201" component=RummyGame
time="2020-04-10T19:04:13+08:00" level=info msg="Remove session from group _SYSTEM_MESSAGE_BROADCAST, UID=201" component=RummyGame
time="2020-04-10T19:04:13+08:00" level=info msg="**************session OnClose :uid  201" component=game
time="2020-04-10T19:04:13+08:00" level=info msg="Remove session from group 8bbf603c-7217-4853-8525-4d70ef494482, UID=201" component=RummyGame
time="2020-04-10T19:04:13+08:00" level=info msg="Broadcast Rummy.NoticePlayerState, Data=&{SeatId:0 PlayerState:2 PlayerInfo:{SeatPos:0 Nickname: Sex:0 HeadUrl: Score:0 StarNum:0 IsBanker:false IsKing:false Sitdown:false LiXian:false Show:false IsSettle:false Coins:0}}" component=RummyGame
time="2020-04-10T19:04:13+08:00" level=info msg="玩家断线！ &{201 0  GUEST_201 IP 1 0 0 false false false 186626 0xc0000a2870 <nil> 0 false false false false [] [] 0 0 false}"
time="2020-04-10T19:04:27+08:00" level=info msg="玩家GUEST_205,超时次数:0\n"
time="2020-04-10T19:04:27+08:00" level=info msg="玩家：GUEST_205,操作：2,牌: 39\n"
time="2020-04-10T19:04:27+08:00" level=info msg="Multicast Rummy.NoticeGameOperCard, Data=&{SeatId:1 Opertion:2 OperCard:0 PublicCard:19 ShowCard:0 CardsNum:77}" component=RummyGame
time="2020-04-10T19:04:28+08:00" level=info msg="New session established: Remote=192.168.0.107:14180, LastTime=1586516668" component=RummyGame
time="2020-04-10T19:04:28+08:00" level=info msg="Session handshake Id=5, Remote=192.168.0.107:14180" component=RummyGame
time="2020-04-10T19:04:28+08:00" level=info msg="Receive handshake ACK Id=5, Remote=192.168.0.107:14180" component=RummyGame
time="2020-04-10T19:04:28+08:00" level=info msg="UID=0, Message={Request TRManager.Login (204bytes)}, Data=&{Version:Version1.0 Token:eyJhbGciOiJIUzI1NiIsInR5cCI6IkpXVCJ9.eyJleHAiOjE1ODY1ODg0MDEsImlkIjoyMDQsIm9yaWdfaWF0IjoxNTg2NTE2NDAxLCJyb2xlIjoxfQ.xbxXkBnwEQ3kZ39XPu7-e2qO-oLNnGCzZO5fDxFj8FU Uid:204}" component=RummyGame
time="2020-04-10T19:04:28+08:00" level=info msg="localProcess service: TRManager" component=RummyGame
time="2020-04-10T19:04:28+08:00" level=info msg="&{13386939675705448  zJMZy4bIu   10000 1000 204 0 1586516401 0 GUEST_204 1585816037 1 0 0}"
time="2020-04-10T19:04:28+08:00" level=info msg="玩家的信息: &{13386939675705448  zJMZy4bIu   10000 1000 204 0 1586516401 0 GUEST_204 1585816037 1 0 0}"
time="2020-04-10T19:04:28+08:00" level=info msg="Login:Uid:  Id 0 5" component=game
time="2020-04-10T19:04:28+08:00" level=info msg="玩家: 204已经在线"
time="2020-04-10T19:04:28+08:00" level=info msg="Remove session from group _SYSTEM_MESSAGE_BROADCAST, UID=204" component=RummyGame
time="2020-04-10T19:04:28+08:00" level=info msg="Add session to group _SYSTEM_MESSAGE_BROADCAST, ID=5, UID=204" component=RummyGame
time="2020-04-10T19:04:28+08:00" level=info msg="agent.Response***************************** " component=RummyGame
time="2020-04-10T19:04:28+08:00" level=info msg="Type=Response, ID=5, UID=204, MID=1, Data=&{Success:true Uid:204 Nickname:GUEST_204 HeadUrl: Sex:1 Error:}" component=RummyGame
time="2020-04-10T19:04:28+08:00" level=info msg="UID=204, Message={Request TRDeskManager.JoinDesk (34bytes)}, Data=&{Uid:204 NickName:GUEST_204}" component=RummyGame
time="2020-04-10T19:04:28+08:00" level=info msg="localProcess service: TRDeskManager" component=RummyGame
time="2020-04-10T19:04:28+08:00" level=info msg="收到加入桌子请求 &{204 GUEST_204}" component=game
time="2020-04-10T19:04:28+08:00" level=info msg="玩家%v重新加入房间！ GUEST_204"
time="2020-04-10T19:04:28+08:00" level=info msg="Add session to group c66ba749-4419-401d-b8f0-f8bdf136ab49, ID=5, UID=204" component=RummyGame
time="2020-04-10T19:04:28+08:00" level=info msg="GUEST_204 加入房间！"
time="2020-04-10T19:04:28+08:00" level=info msg="Multicast Rummy.NoticePlayerState, Data=&{SeatId:0 PlayerState:3 PlayerInfo:{SeatPos:0 Nickname:GUEST_204 Sex:1 HeadUrl: Score:0 StarNum:0 IsBanker:false IsKing:false Sitdown:true LiXian:true Show:false IsSettle:false Coins:0}}" component=RummyGame
time="2020-04-10T19:04:28+08:00" level=info msg="Add session to group c66ba749-4419-401d-b8f0-f8bdf136ab49, ID=5, UID=204" component=RummyGame
time="2020-04-10T19:04:28+08:00" level=info msg="agent.Response***************************** " component=RummyGame
time="2020-04-10T19:04:28+08:00" level=info msg="Type=Response, ID=5, UID=204, MID=2, Data=&{Success:true DeskInfo:{PointValue:100 DecksNum:2 MaxWining:40000 Maxlosing:8000 SettleCoins:2000 GameState:3 GameStateTime:1 TotalStateTime:30 WildCard:12 ShowCard:0 PublicCard:19 CardsNum:77 OperSeatId:1 BankerSeatId:0 KingSeatId:0 FirstSeatId:1 UserSeatId:0 WinPlayerId:0 HandCard:[{Cards:[7 9 13] Type:1 Point:26} {Cards:[1 2 3 4 5 6 8 10 11 12] Type:1 Point:68}] PlayersInfo:[{SeatPos:0 Nickname:GUEST_204 Sex:1 HeadUrl: Score:0 StarNum:0 IsBanker:false IsKing:true Sitdown:true LiXian:true Show:false IsSettle:false Coins:114640} {SeatPos:1 Nickname:GUEST_205 Sex:1 HeadUrl: Score:0 StarNum:0 IsBanker:false IsKing:false Sitdown:true LiXian:true Show:false IsSettle:false Coins:203896}]} Code:0 Error:}" component=RummyGame
time="2020-04-10T19:04:28+08:00" level=info msg="UID=204, Message={Request TRDeskManager.OutCardRecord (2bytes)}, Data=&{}" component=RummyGame
time="2020-04-10T19:04:28+08:00" level=info msg="localProcess service: TRDeskManager" component=RummyGame
time="2020-04-10T19:04:28+08:00" level=info msg="收到出牌记录请求 &{}" component=game
time="2020-04-10T19:04:28+08:00" level=info msg="agent.Response***************************** " component=RummyGame
time="2020-04-10T19:04:28+08:00" level=info msg="Type=Response, ID=5, UID=204, MID=3, Data=&{Success:true CardRecord:[[12] [3] [] []]}" component=RummyGame
time="2020-04-10T19:04:28+08:00" level=info msg="UID=204, Message={Request TRDeskManager.ShowCard (79bytes)}, Data=&{CardsSets:[{Cards:[7 9 13] Type:0 Point:0} {Cards:[1 2 3 4 5 6 8 10 11 12] Type:0 Point:0}] Phase:0}" component=RummyGame
time="2020-04-10T19:04:28+08:00" level=info msg="localProcess service: TRDeskManager" component=RummyGame
time="2020-04-10T19:04:28+08:00" level=info msg="收到组牌请求 &{[{[7 9 13] 0 0} {[1 2 3 4 5 6 8 10 11 12] 0 0}] 0}" component=game
time="2020-04-10T19:04:28+08:00" level=info msg="整理牌请求：&{[{[7 9 13] 0 0} {[1 2 3 4 5 6 8 10 11 12] 0 0}] 0} "
time="2020-04-10T19:04:28+08:00" level=info msg="整理牌应答：{true [{[7 9 13] 1 26} {[1 2 3 4 5 6 8 10 11 12] 1 68}] 80 false 0 } "
time="2020-04-10T19:04:28+08:00" level=info msg="agent.Response***************************** " component=RummyGame
time="2020-04-10T19:04:28+08:00" level=info msg="Type=Response, ID=5, UID=204, MID=4, Data=&{Success:true CardsSets:[{Cards:[7 9 13] Type:1 Point:26} {Cards:[1 2 3 4 5 6 8 10 11 12] Type:1 Point:68}] TotalPoint:80 IsHu:false Phase:0 Error:}" component=RummyGame
time="2020-04-10T19:04:28+08:00" level=info msg="玩家GUEST_205,超时次数:0\n"
time="2020-04-10T19:04:28+08:00" level=info msg="牌组： [{[50 54 55 57 59 60] 1 44} {[35 38 40 42 44] 1 37} {[3 8] 1 11}]"
time="2020-04-10T19:04:28+08:00" level=info msg="玩家：GUEST_205,操作：3,牌: 39\n"
time="2020-04-10T19:04:28+08:00" level=info msg="Multicast Rummy.NoticeGameOperCard, Data=&{SeatId:1 Opertion:3 OperCard:39 PublicCard:39 ShowCard:0 CardsNum:77}" component=RummyGame
time="2020-04-10T19:04:28+08:00" level=info msg="Type=Push, ID=5, UID=204, Route=Rummy.NoticeGameOperCard, Data=82bytes" component=RummyGame
time="2020-04-10T19:04:28+08:00" level=info msg="agent  Push -- ip : Rummy.NoticeGameOperCard 192.168.0.107:14180" component=RummyGame
time="2020-04-10T19:04:28+08:00" level=info msg="玩家GUEST_205,超时次数:1\n"
time="2020-04-10T19:04:29+08:00" level=info msg="UID=204, Message={Request TRDeskManager.OutCardRecord (2bytes)}, Data=&{}" component=RummyGame
time="2020-04-10T19:04:29+08:00" level=info msg="localProcess service: TRDeskManager" component=RummyGame
time="2020-04-10T19:04:29+08:00" level=info msg="收到出牌记录请求 &{}" component=game
time="2020-04-10T19:04:29+08:00" level=info msg="agent.Response***************************** " component=RummyGame
time="2020-04-10T19:04:29+08:00" level=info msg="Type=Response, ID=5, UID=204, MID=5, Data=&{Success:true CardRecord:[[12] [3] [7] []]}" component=RummyGame
time="2020-04-10T19:04:29+08:00" level=info msg="New session established: Remote=192.168.0.107:14185, LastTime=1586516669" component=RummyGame
time="2020-04-10T19:04:29+08:00" level=info msg="Session handshake Id=6, Remote=192.168.0.107:14185" component=RummyGame
time="2020-04-10T19:04:29+08:00" level=info msg="Receive handshake ACK Id=6, Remote=192.168.0.107:14185" component=RummyGame
time="2020-04-10T19:04:29+08:00" level=info msg="Broadcast Rummy.NoticeGameState, Data=&{GameState:3 Time:30 TotalTime:30 OperateId:0}" component=RummyGame
time="2020-04-10T19:04:29+08:00" level=info msg="Type=Push, ID=5, UID=204, Route=Rummy.NoticeGameState, Data=54bytes" component=RummyGame
time="2020-04-10T19:04:29+08:00" level=info msg="agent  Push -- ip : Rummy.NoticeGameState 192.168.0.107:14180" component=RummyGame
time="2020-04-10T19:04:29+08:00" level=info msg="Type=Push, ID=5, UID=204, Route=Rummy.PushRoundInfo, Data=&{GiveUpCoins:4000}" component=RummyGame
time="2020-04-10T19:04:29+08:00" level=info msg="agent  Push -- ip : Rummy.PushRoundInfo 192.168.0.107:14180" component=RummyGame
time="2020-04-10T19:04:29+08:00" level=info msg="当前轮到： GUEST_204"
time="2020-04-10T19:04:29+08:00" level=info msg="UID=204, Message={Request TRDeskManager.OutCardRecord (2bytes)}, Data=&{}" component=RummyGame
time="2020-04-10T19:04:29+08:00" level=info msg="localProcess service: TRDeskManager" component=RummyGame
time="2020-04-10T19:04:29+08:00" level=info msg="收到出牌记录请求 &{}" component=game
time="2020-04-10T19:04:29+08:00" level=info msg="agent.Response***************************** " component=RummyGame
time="2020-04-10T19:04:29+08:00" level=info msg="Type=Response, ID=5, UID=204, MID=6, Data=&{Success:true CardRecord:[[12] [3] [7] []]}" component=RummyGame
time="2020-04-10T19:04:29+08:00" level=info msg="UID=0, Message={Request TRManager.Login (204bytes)}, Data=&{Version:Version1.0 Token:eyJhbGciOiJIUzI1NiIsInR5cCI6IkpXVCJ9.eyJleHAiOjE1ODY1ODg0MDIsImlkIjoyMDUsIm9yaWdfaWF0IjoxNTg2NTE2NDAyLCJyb2xlIjoxfQ.9iZpqomXNPnlu_IOcBn4IiTa3b3dPYeCiI-T4oT-1fU Uid:205}" component=RummyGame
time="2020-04-10T19:04:29+08:00" level=info msg="localProcess service: TRManager" component=RummyGame
time="2020-04-10T19:04:29+08:00" level=info msg="&{13413665797570664  zQx6j6Hxw   10000 1000 205 0 1586516402 0 GUEST_205 1585831967 1 0 0}"
time="2020-04-10T19:04:29+08:00" level=info msg="玩家的信息: &{13413665797570664  zQx6j6Hxw   10000 1000 205 0 1586516402 0 GUEST_205 1585831967 1 0 0}"
time="2020-04-10T19:04:29+08:00" level=info msg="Login:Uid:  Id 0 6" component=game
time="2020-04-10T19:04:29+08:00" level=info msg="玩家: 205已经在线"
time="2020-04-10T19:04:29+08:00" level=info msg="Remove session from group _SYSTEM_MESSAGE_BROADCAST, UID=205" component=RummyGame
time="2020-04-10T19:04:29+08:00" level=info msg="Add session to group _SYSTEM_MESSAGE_BROADCAST, ID=6, UID=205" component=RummyGame
time="2020-04-10T19:04:29+08:00" level=info msg="agent.Response***************************** " component=RummyGame
time="2020-04-10T19:04:29+08:00" level=info msg="Type=Response, ID=6, UID=205, MID=1, Data=&{Success:true Uid:205 Nickname:GUEST_205 HeadUrl: Sex:1 Error:}" component=RummyGame
time="2020-04-10T19:04:29+08:00" level=info msg="UID=205, Message={Request TRDeskManager.JoinDesk (34bytes)}, Data=&{Uid:205 NickName:GUEST_205}" component=RummyGame
time="2020-04-10T19:04:29+08:00" level=info msg="localProcess service: TRDeskManager" component=RummyGame
time="2020-04-10T19:04:29+08:00" level=info msg="收到加入桌子请求 &{205 GUEST_205}" component=game
time="2020-04-10T19:04:29+08:00" level=info msg="玩家%v重新加入房间！ GUEST_205"
time="2020-04-10T19:04:29+08:00" level=info msg="Add session to group c66ba749-4419-401d-b8f0-f8bdf136ab49, ID=6, UID=205" component=RummyGame
time="2020-04-10T19:04:29+08:00" level=info msg="GUEST_205 加入房间！"
time="2020-04-10T19:04:29+08:00" level=info msg="Multicast Rummy.NoticePlayerState, Data=&{SeatId:1 PlayerState:3 PlayerInfo:{SeatPos:1 Nickname:GUEST_205 Sex:1 HeadUrl: Score:0 StarNum:0 IsBanker:false IsKing:false Sitdown:true LiXian:true Show:false IsSettle:false Coins:0}}" component=RummyGame
time="2020-04-10T19:04:29+08:00" level=info msg="Type=Push, ID=5, UID=204, Route=Rummy.NoticePlayerState, Data=222bytes" component=RummyGame
time="2020-04-10T19:04:29+08:00" level=info msg="agent  Push -- ip : Rummy.NoticePlayerState 192.168.0.107:14180" component=RummyGame
time="2020-04-10T19:04:29+08:00" level=info msg="Add session to group c66ba749-4419-401d-b8f0-f8bdf136ab49, ID=6, UID=205" component=RummyGame
time="2020-04-10T19:04:29+08:00" level=info msg="agent.Response***************************** " component=RummyGame
